[ 2016-09-05T10:25:19+08:00 ] 127.0.0.1 /
INFO: [ app_init ] --START--
INFO: Run Behavior\BuildLiteBehavior [ RunTime:0.000503s ]
INFO: [ app_init ] --END-- [ RunTime:0.004224s ]
INFO: [ app_begin ] --START--
INFO: Run Behavior\ReadHtmlCacheBehavior [ RunTime:0.001560s ]
INFO: [ app_begin ] --END-- [ RunTime:0.003355s ]
SQL: SHOW COLUMNS FROM `aai_post` [ RunTime:0.0471s ]
SQL: SHOW COLUMNS FROM `aai_post` [ RunTime:0.0468s ]
SQL: SELECT * FROM `aai_post` WHERE `hot` = 1 AND `status` = 'publish' ORDER BY id desc  [ RunTime:0.0471s ]
INFO: [ view_parse ] --START--
INFO: [ template_filter ] --START--
INFO: Run Behavior\ContentReplaceBehavior [ RunTime:0.001034s ]
INFO: [ template_filter ] --END-- [ RunTime:0.002255s ]
INFO: Run Behavior\ParseTemplateBehavior [ RunTime:0.082933s ]
INFO: [ view_parse ] --END-- [ RunTime:0.084872s ]
INFO: [ view_filter ] --START--
INFO: Run Behavior\WriteHtmlCacheBehavior [ RunTime:0.001034s ]
INFO: [ view_filter ] --END-- [ RunTime:0.002197s ]
INFO: [ app_end ] --START--
INFO: Run Behavior\ShowPageTraceBehavior [ RunTime:0.001094s ]
INFO: [ app_end ] --END-- [ RunTime:0.002244s ]

[ 2016-09-05T10:25:24+08:00 ] 127.0.0.1 /?c=Post&a=detail&postid=2585
INFO: [ app_init ] --START--
INFO: Run Behavior\BuildLiteBehavior [ RunTime:0.000218s ]
INFO: [ app_init ] --END-- [ RunTime:0.001953s ]
INFO: [ app_begin ] --START--
INFO: Run Behavior\ReadHtmlCacheBehavior [ RunTime:0.001095s ]
INFO: [ app_begin ] --END-- [ RunTime:0.002362s ]
SQL: SHOW COLUMNS FROM `aai_post` [ RunTime:0.0471s ]
SQL: SHOW COLUMNS FROM `aai_post` [ RunTime:0.0465s ]
SQL: SELECT * FROM `aai_post` WHERE `id` = 2585 AND `status` = 'publish' LIMIT 1   [ RunTime:0.0625s ]
INFO: [ view_parse ] --START--
INFO: [ template_filter ] --START--
INFO: Run Behavior\ContentReplaceBehavior [ RunTime:0.001398s ]
INFO: [ template_filter ] --END-- [ RunTime:0.003120s ]
NOTIC: [8] Undefined index: descirbe E:\code\aainfo\php\ananinfo_web\Application\Runtime\Cache\Home\2ae952bfbc2fd5af8552fdff1c1aa73c.php 第 158 行.
INFO: Run Behavior\ParseTemplateBehavior [ RunTime:0.060141s ]
INFO: [ view_parse ] --END-- [ RunTime:0.062257s ]
INFO: [ view_filter ] --START--
INFO: Run Behavior\WriteHtmlCacheBehavior [ RunTime:0.001239s ]
INFO: [ view_filter ] --END-- [ RunTime:0.003008s ]
INFO: [ app_end ] --START--
INFO: Run Behavior\ShowPageTraceBehavior [ RunTime:0.001540s ]
INFO: [ app_end ] --END-- [ RunTime:0.003280s ]

[ 2016-09-05T10:29:09+08:00 ] 127.0.0.1 /?c=Post&a=initAdd&menuid=668
INFO: [ app_init ] --START--
INFO: Run Behavior\BuildLiteBehavior [ RunTime:0.000218s ]
INFO: [ app_init ] --END-- [ RunTime:0.001828s ]
INFO: [ app_begin ] --START--
INFO: Run Behavior\ReadHtmlCacheBehavior [ RunTime:0.001000s ]
INFO: [ app_begin ] --END-- [ RunTime:0.002175s ]
ERR: 非法操作:initAdd

[ 2016-09-05T10:29:15+08:00 ] 127.0.0.1 /?c=Post&a=initAdd&menuid=668
INFO: [ app_init ] --START--
INFO: Run Behavior\BuildLiteBehavior [ RunTime:0.000228s ]
INFO: [ app_init ] --END-- [ RunTime:0.001812s ]
INFO: [ app_begin ] --START--
INFO: Run Behavior\ReadHtmlCacheBehavior [ RunTime:0.001073s ]
INFO: [ app_begin ] --END-- [ RunTime:0.002320s ]
ERR: 非法操作:initAdd

[ 2016-09-05T10:30:48+08:00 ] 127.0.0.1 /?c=Admin&a=initAdd&menuid=663
INFO: [ app_init ] --START--
INFO: Run Behavior\BuildLiteBehavior [ RunTime:0.000230s ]
INFO: [ app_init ] --END-- [ RunTime:0.001936s ]
INFO: [ app_begin ] --START--
INFO: Run Behavior\ReadHtmlCacheBehavior [ RunTime:0.001250s ]
INFO: [ app_begin ] --END-- [ RunTime:0.002733s ]
ERR: 无法加载控制器:Admin

[ 2016-09-05T10:31:43+08:00 ] 127.0.0.1 /?c=Post&a=initAdd&menuid=668
INFO: [ app_init ] --START--
INFO: Run Behavior\BuildLiteBehavior [ RunTime:0.000218s ]
INFO: [ app_init ] --END-- [ RunTime:0.001875s ]
INFO: [ app_begin ] --START--
INFO: Run Behavior\ReadHtmlCacheBehavior [ RunTime:0.001098s ]
INFO: [ app_begin ] --END-- [ RunTime:0.002361s ]
ERR: 非法操作:initAdd

[ 2016-09-05T10:33:43+08:00 ] 127.0.0.1 /?c=Post&a=initAdd&menuid=668
INFO: [ app_init ] --START--
INFO: Run Behavior\BuildLiteBehavior [ RunTime:0.000230s ]
INFO: [ app_init ] --END-- [ RunTime:0.001907s ]
INFO: [ app_begin ] --START--
INFO: Run Behavior\ReadHtmlCacheBehavior [ RunTime:0.001028s ]
INFO: [ app_begin ] --END-- [ RunTime:0.002301s ]
ERR: 非法操作:initAdd

[ 2016-09-05T10:35:17+08:00 ] 127.0.0.1 /?c=Post&a=initAdd&menuid=668
INFO: [ app_init ] --START--
INFO: Run Behavior\BuildLiteBehavior [ RunTime:0.000274s ]
INFO: [ app_init ] --END-- [ RunTime:0.002368s ]
INFO: [ app_begin ] --START--
INFO: Run Behavior\ReadHtmlCacheBehavior [ RunTime:0.001400s ]
INFO: [ app_begin ] --END-- [ RunTime:0.002960s ]
ERR: 非法操作:initAdd

[ 2016-09-05T10:35:22+08:00 ] 127.0.0.1 /?c=Post&a=initAdd&menuid=668
INFO: [ app_init ] --START--
INFO: Run Behavior\BuildLiteBehavior [ RunTime:0.000232s ]
INFO: [ app_init ] --END-- [ RunTime:0.001890s ]
INFO: [ app_begin ] --START--
INFO: Run Behavior\ReadHtmlCacheBehavior [ RunTime:0.001129s ]
INFO: [ app_begin ] --END-- [ RunTime:0.002368s ]
ERR: 非法操作:initAdd

[ 2016-09-05T10:35:34+08:00 ] 127.0.0.1 /?c=Post&a=initAdd&menuid=668
INFO: [ app_init ] --START--
INFO: Run Behavior\BuildLiteBehavior [ RunTime:0.000216s ]
INFO: [ app_init ] --END-- [ RunTime:0.001837s ]
INFO: [ app_begin ] --START--
INFO: Run Behavior\ReadHtmlCacheBehavior [ RunTime:0.001068s ]
INFO: [ app_begin ] --END-- [ RunTime:0.002298s ]
ERR: 非法操作:initAdd

[ 2016-09-05T10:36:07+08:00 ] 127.0.0.1 /?c=Post&a=add&menuid=668
INFO: [ app_init ] --START--
INFO: Run Behavior\BuildLiteBehavior [ RunTime:0.000228s ]
INFO: [ app_init ] --END-- [ RunTime:0.001914s ]
INFO: [ app_begin ] --START--
INFO: Run Behavior\ReadHtmlCacheBehavior [ RunTime:0.001007s ]
INFO: [ app_begin ] --END-- [ RunTime:0.002263s ]
ERR: 非法操作:add

[ 2016-09-05T11:11:26+08:00 ] 127.0.0.1 /
INFO: [ app_init ] --START--
INFO: Run Behavior\BuildLiteBehavior [ RunTime:0.000201s ]
INFO: [ app_init ] --END-- [ RunTime:0.001854s ]
INFO: [ app_begin ] --START--
INFO: Run Behavior\ReadHtmlCacheBehavior [ RunTime:0.001199s ]
INFO: [ app_begin ] --END-- [ RunTime:0.002351s ]
SQL: SHOW COLUMNS FROM `aai_post` [ RunTime:0.0464s ]
SQL: SHOW COLUMNS FROM `aai_post` [ RunTime:0.0469s ]
SQL: SELECT * FROM `aai_post` WHERE `hot` = 1 AND `status` = 'publish' ORDER BY id desc  [ RunTime:0.0477s ]
INFO: [ view_parse ] --START--
INFO: [ template_filter ] --START--
INFO: Run Behavior\ContentReplaceBehavior [ RunTime:0.001419s ]
INFO: [ template_filter ] --END-- [ RunTime:0.003114s ]
INFO: Run Behavior\ParseTemplateBehavior [ RunTime:0.100302s ]
INFO: [ view_parse ] --END-- [ RunTime:0.102399s ]
INFO: [ view_filter ] --START--
INFO: Run Behavior\WriteHtmlCacheBehavior [ RunTime:0.001072s ]
INFO: [ view_filter ] --END-- [ RunTime:0.002296s ]
INFO: [ app_end ] --START--
INFO: Run Behavior\ShowPageTraceBehavior [ RunTime:0.001182s ]
INFO: [ app_end ] --END-- [ RunTime:0.002348s ]

[ 2016-09-05T11:11:27+08:00 ] 127.0.0.1 /
INFO: [ app_init ] --START--
INFO: Run Behavior\BuildLiteBehavior [ RunTime:0.000288s ]
INFO: [ app_init ] --END-- [ RunTime:0.002467s ]
INFO: [ app_begin ] --START--
INFO: Run Behavior\ReadHtmlCacheBehavior [ RunTime:0.001564s ]
INFO: [ app_begin ] --END-- [ RunTime:0.003176s ]
SQL: SHOW COLUMNS FROM `aai_post` [ RunTime:0.0474s ]
SQL: SHOW COLUMNS FROM `aai_post` [ RunTime:0.0473s ]
SQL: SELECT * FROM `aai_post` WHERE `hot` = 1 AND `status` = 'publish' ORDER BY id desc  [ RunTime:0.0479s ]
INFO: [ view_parse ] --START--
INFO: [ template_filter ] --START--
INFO: Run Behavior\ContentReplaceBehavior [ RunTime:0.001055s ]
INFO: [ template_filter ] --END-- [ RunTime:0.002333s ]
INFO: Run Behavior\ParseTemplateBehavior [ RunTime:0.070520s ]
INFO: [ view_parse ] --END-- [ RunTime:0.072380s ]
INFO: [ view_filter ] --START--
INFO: Run Behavior\WriteHtmlCacheBehavior [ RunTime:0.001073s ]
INFO: [ view_filter ] --END-- [ RunTime:0.002339s ]
INFO: [ app_end ] --START--
INFO: Run Behavior\ShowPageTraceBehavior [ RunTime:0.001356s ]
INFO: [ app_end ] --END-- [ RunTime:0.002610s ]

[ 2016-09-05T11:29:12+08:00 ] 127.0.0.1 /?c=Post&a=index&menuid=668
INFO: [ app_init ] --START--
INFO: Run Behavior\BuildLiteBehavior [ RunTime:0.000215s ]
INFO: [ app_init ] --END-- [ RunTime:0.001861s ]
INFO: [ app_begin ] --START--
INFO: Run Behavior\ReadHtmlCacheBehavior [ RunTime:0.001352s ]
INFO: [ app_begin ] --END-- [ RunTime:0.002608s ]
INFO: [ view_parse ] --START--
INFO: [ template_filter ] --START--
INFO: Run Behavior\ContentReplaceBehavior [ RunTime:0.001713s ]
INFO: [ template_filter ] --END-- [ RunTime:0.002936s ]
NOTIC: [8] Undefined variable: postHotArr E:\code\aainfo\php\ananinfo_web\Application\Runtime\Cache\Home\ece92b4a7b3a116fa216529aa8161e97.php 第 149 行.
INFO: Run Behavior\ParseTemplateBehavior [ RunTime:0.068196s ]
INFO: [ view_parse ] --END-- [ RunTime:0.069329s ]
INFO: [ view_filter ] --START--
INFO: Run Behavior\WriteHtmlCacheBehavior [ RunTime:0.001118s ]
INFO: [ view_filter ] --END-- [ RunTime:0.002271s ]
INFO: [ app_end ] --START--
INFO: Run Behavior\ShowPageTraceBehavior [ RunTime:0.001291s ]
INFO: [ app_end ] --END-- [ RunTime:0.002472s ]

[ 2016-09-05T11:29:35+08:00 ] 127.0.0.1 /?c=Post&a=index&menuid=668
INFO: [ app_init ] --START--
INFO: Run Behavior\BuildLiteBehavior [ RunTime:0.000219s ]
INFO: [ app_init ] --END-- [ RunTime:0.001891s ]
INFO: [ app_begin ] --START--
INFO: Run Behavior\ReadHtmlCacheBehavior [ RunTime:0.001323s ]
INFO: [ app_begin ] --END-- [ RunTime:0.002743s ]
INFO: [ view_parse ] --START--
INFO: [ template_filter ] --START--
INFO: Run Behavior\ContentReplaceBehavior [ RunTime:0.001078s ]
INFO: [ template_filter ] --END-- [ RunTime:0.002290s ]
NOTIC: [8] Undefined variable: postHotArr E:\code\aainfo\php\ananinfo_web\Application\Runtime\Cache\Home\ece92b4a7b3a116fa216529aa8161e97.php 第 149 行.
INFO: Run Behavior\ParseTemplateBehavior [ RunTime:0.050605s ]
INFO: [ view_parse ] --END-- [ RunTime:0.051824s ]
INFO: [ view_filter ] --START--
INFO: Run Behavior\WriteHtmlCacheBehavior [ RunTime:0.000940s ]
INFO: [ view_filter ] --END-- [ RunTime:0.002112s ]
INFO: [ app_end ] --START--
INFO: Run Behavior\ShowPageTraceBehavior [ RunTime:0.001215s ]
INFO: [ app_end ] --END-- [ RunTime:0.002693s ]

[ 2016-09-05T11:32:59+08:00 ] 127.0.0.1 /
INFO: [ app_init ] --START--
INFO: Run Behavior\BuildLiteBehavior [ RunTime:0.000204s ]
INFO: [ app_init ] --END-- [ RunTime:0.001822s ]
INFO: [ app_begin ] --START--
INFO: Run Behavior\ReadHtmlCacheBehavior [ RunTime:0.001187s ]
INFO: [ app_begin ] --END-- [ RunTime:0.002668s ]
SQL: SHOW COLUMNS FROM `aai_post` [ RunTime:0.0467s ]
SQL: SHOW COLUMNS FROM `aai_post` [ RunTime:0.0468s ]
SQL: SELECT * FROM `aai_post` WHERE `hot` = 1 AND `status` = 'publish' ORDER BY id desc  [ RunTime:0.0481s ]
INFO: [ view_parse ] --START--
INFO: [ template_filter ] --START--
INFO: Run Behavior\ContentReplaceBehavior [ RunTime:0.000991s ]
INFO: [ template_filter ] --END-- [ RunTime:0.002209s ]
INFO: Run Behavior\ParseTemplateBehavior [ RunTime:0.068372s ]
INFO: [ view_parse ] --END-- [ RunTime:0.070412s ]
INFO: [ view_filter ] --START--
INFO: Run Behavior\WriteHtmlCacheBehavior [ RunTime:0.000964s ]
INFO: [ view_filter ] --END-- [ RunTime:0.002167s ]
INFO: [ app_end ] --START--
INFO: Run Behavior\ShowPageTraceBehavior [ RunTime:0.001085s ]
INFO: [ app_end ] --END-- [ RunTime:0.002261s ]

[ 2016-09-05T13:36:55+08:00 ] 127.0.0.1 /
INFO: [ app_init ] --START--
INFO: Run Behavior\BuildLiteBehavior [ RunTime:0.000219s ]
INFO: [ app_init ] --END-- [ RunTime:0.001879s ]
INFO: [ app_begin ] --START--
INFO: Run Behavior\ReadHtmlCacheBehavior [ RunTime:0.001180s ]
INFO: [ app_begin ] --END-- [ RunTime:0.002357s ]
SQL: SHOW COLUMNS FROM `aai_post` [ RunTime:0.0467s ]
SQL: SHOW COLUMNS FROM `aai_post` [ RunTime:0.0463s ]
SQL: SELECT * FROM `aai_post` WHERE `hot` = 1 AND `status` = 'publish' ORDER BY id desc  [ RunTime:0.0468s ]
INFO: [ view_parse ] --START--
INFO: [ template_filter ] --START--
INFO: Run Behavior\ContentReplaceBehavior [ RunTime:0.000981s ]
INFO: [ template_filter ] --END-- [ RunTime:0.002221s ]
INFO: Run Behavior\ParseTemplateBehavior [ RunTime:0.068395s ]
INFO: [ view_parse ] --END-- [ RunTime:0.070501s ]
INFO: [ view_filter ] --START--
INFO: Run Behavior\WriteHtmlCacheBehavior [ RunTime:0.001133s ]
INFO: [ view_filter ] --END-- [ RunTime:0.002622s ]
INFO: [ app_end ] --START--
INFO: Run Behavior\ShowPageTraceBehavior [ RunTime:0.001174s ]
INFO: [ app_end ] --END-- [ RunTime:0.002344s ]

[ 2016-09-05T13:37:03+08:00 ] 127.0.0.1 /?c=Post&a=detail&postid=2588
INFO: [ app_init ] --START--
INFO: Run Behavior\BuildLiteBehavior [ RunTime:0.000317s ]
INFO: [ app_init ] --END-- [ RunTime:0.001980s ]
INFO: [ app_begin ] --START--
INFO: Run Behavior\ReadHtmlCacheBehavior [ RunTime:0.001336s ]
INFO: [ app_begin ] --END-- [ RunTime:0.002593s ]
SQL: SHOW COLUMNS FROM `aai_post` [ RunTime:0.0466s ]
SQL: SHOW COLUMNS FROM `aai_post` [ RunTime:0.0467s ]
SQL: SELECT * FROM `aai_post` WHERE `id` = 2588 AND `status` = 'publish' LIMIT 1   [ RunTime:0.0464s ]
INFO: [ view_parse ] --START--
INFO: [ template_filter ] --START--
INFO: Run Behavior\ContentReplaceBehavior [ RunTime:0.001597s ]
INFO: [ template_filter ] --END-- [ RunTime:0.003428s ]
NOTIC: [8] Undefined index: descirbe E:\code\aainfo\php\ananinfo_web\Application\Runtime\Cache\Home\2ae952bfbc2fd5af8552fdff1c1aa73c.php 第 158 行.
INFO: Run Behavior\ParseTemplateBehavior [ RunTime:0.088075s ]
INFO: [ view_parse ] --END-- [ RunTime:0.090076s ]
INFO: [ view_filter ] --START--
INFO: Run Behavior\WriteHtmlCacheBehavior [ RunTime:0.001034s ]
INFO: [ view_filter ] --END-- [ RunTime:0.002185s ]
INFO: [ app_end ] --START--
INFO: Run Behavior\ShowPageTraceBehavior [ RunTime:0.001180s ]
INFO: [ app_end ] --END-- [ RunTime:0.002494s ]

[ 2016-09-05T13:51:17+08:00 ] 127.0.0.1 /
INFO: [ app_init ] --START--
INFO: Run Behavior\BuildLiteBehavior [ RunTime:0.000236s ]
INFO: [ app_init ] --END-- [ RunTime:0.001845s ]
INFO: [ app_begin ] --START--
INFO: Run Behavior\ReadHtmlCacheBehavior [ RunTime:0.001291s ]
INFO: [ app_begin ] --END-- [ RunTime:0.002511s ]
SQL: SHOW COLUMNS FROM `aai_post` [ RunTime:0.0492s ]
SQL: SHOW COLUMNS FROM `aai_post` [ RunTime:0.0494s ]
SQL: SELECT * FROM `aai_post` WHERE `hot` = 1 AND `status` = 'publish' ORDER BY id desc  [ RunTime:0.0505s ]
INFO: [ view_parse ] --START--
INFO: [ template_filter ] --START--
INFO: Run Behavior\ContentReplaceBehavior [ RunTime:0.001083s ]
INFO: [ template_filter ] --END-- [ RunTime:0.002305s ]
INFO: Run Behavior\ParseTemplateBehavior [ RunTime:0.080981s ]
INFO: [ view_parse ] --END-- [ RunTime:0.084112s ]
INFO: [ view_filter ] --START--
INFO: Run Behavior\WriteHtmlCacheBehavior [ RunTime:0.001009s ]
INFO: [ view_filter ] --END-- [ RunTime:0.002234s ]
INFO: [ app_end ] --START--
INFO: Run Behavior\ShowPageTraceBehavior [ RunTime:0.001187s ]
INFO: [ app_end ] --END-- [ RunTime:0.002769s ]

[ 2016-09-05T13:51:19+08:00 ] 127.0.0.1 /?c=Post&a=detail&postid=2589
INFO: [ app_init ] --START--
INFO: Run Behavior\BuildLiteBehavior [ RunTime:0.000224s ]
INFO: [ app_init ] --END-- [ RunTime:0.001960s ]
INFO: [ app_begin ] --START--
INFO: Run Behavior\ReadHtmlCacheBehavior [ RunTime:0.001332s ]
INFO: [ app_begin ] --END-- [ RunTime:0.002583s ]
SQL: SHOW COLUMNS FROM `aai_post` [ RunTime:0.0489s ]
SQL: SHOW COLUMNS FROM `aai_post` [ RunTime:0.0490s ]
SQL: SELECT * FROM `aai_post` WHERE `id` = 2589 AND `status` = 'publish' LIMIT 1   [ RunTime:0.0488s ]
INFO: [ view_parse ] --START--
INFO: [ template_filter ] --START--
INFO: Run Behavior\ContentReplaceBehavior [ RunTime:0.001209s ]
INFO: [ template_filter ] --END-- [ RunTime:0.002660s ]
NOTIC: [8] Undefined index: descirbe E:\code\aainfo\php\ananinfo_web\Application\Runtime\Cache\Home\2ae952bfbc2fd5af8552fdff1c1aa73c.php 第 158 行.
INFO: Run Behavior\ParseTemplateBehavior [ RunTime:0.085591s ]
INFO: [ view_parse ] --END-- [ RunTime:0.086894s ]
INFO: [ view_filter ] --START--
INFO: Run Behavior\WriteHtmlCacheBehavior [ RunTime:0.001216s ]
INFO: [ view_filter ] --END-- [ RunTime:0.002833s ]
INFO: [ app_end ] --START--
INFO: Run Behavior\ShowPageTraceBehavior [ RunTime:0.001340s ]
INFO: [ app_end ] --END-- [ RunTime:0.002614s ]

[ 2016-09-05T13:51:44+08:00 ] 127.0.0.1 /?c=Post&a=detail&postid=2587
INFO: [ app_init ] --START--
INFO: Run Behavior\BuildLiteBehavior [ RunTime:0.000314s ]
INFO: [ app_init ] --END-- [ RunTime:0.001983s ]
INFO: [ app_begin ] --START--
INFO: Run Behavior\ReadHtmlCacheBehavior [ RunTime:0.001220s ]
INFO: [ app_begin ] --END-- [ RunTime:0.002463s ]
SQL: SHOW COLUMNS FROM `aai_post` [ RunTime:0.0479s ]
SQL: SHOW COLUMNS FROM `aai_post` [ RunTime:0.0473s ]
SQL: SELECT * FROM `aai_post` WHERE `id` = 2587 AND `status` = 'publish' LIMIT 1   [ RunTime:0.0484s ]
INFO: [ view_parse ] --START--
INFO: [ template_filter ] --START--
INFO: Run Behavior\ContentReplaceBehavior [ RunTime:0.001084s ]
INFO: [ template_filter ] --END-- [ RunTime:0.002667s ]
NOTIC: [8] Undefined index: descirbe E:\code\aainfo\php\ananinfo_web\Application\Runtime\Cache\Home\2ae952bfbc2fd5af8552fdff1c1aa73c.php 第 158 行.
INFO: Run Behavior\ParseTemplateBehavior [ RunTime:0.086899s ]
INFO: [ view_parse ] --END-- [ RunTime:0.090022s ]
INFO: [ view_filter ] --START--
INFO: Run Behavior\WriteHtmlCacheBehavior [ RunTime:0.001165s ]
INFO: [ view_filter ] --END-- [ RunTime:0.002476s ]
INFO: [ app_end ] --START--
INFO: Run Behavior\ShowPageTraceBehavior [ RunTime:0.001295s ]
INFO: [ app_end ] --END-- [ RunTime:0.002601s ]

[ 2016-09-05T13:51:52+08:00 ] 127.0.0.1 /?c=Post&a=detail&postid=2589
INFO: [ app_init ] --START--
INFO: Run Behavior\BuildLiteBehavior [ RunTime:0.000284s ]
INFO: [ app_init ] --END-- [ RunTime:0.002063s ]
INFO: [ app_begin ] --START--
INFO: Run Behavior\ReadHtmlCacheBehavior [ RunTime:0.001253s ]
INFO: [ app_begin ] --END-- [ RunTime:0.002542s ]
SQL: SHOW COLUMNS FROM `aai_post` [ RunTime:0.0470s ]
SQL: SHOW COLUMNS FROM `aai_post` [ RunTime:0.0463s ]
SQL: SELECT * FROM `aai_post` WHERE `id` = 2589 AND `status` = 'publish' LIMIT 1   [ RunTime:0.0469s ]
INFO: [ view_parse ] --START--
INFO: [ template_filter ] --START--
INFO: Run Behavior\ContentReplaceBehavior [ RunTime:0.001167s ]
INFO: [ template_filter ] --END-- [ RunTime:0.002622s ]
NOTIC: [8] Undefined index: descirbe E:\code\aainfo\php\ananinfo_web\Application\Runtime\Cache\Home\2ae952bfbc2fd5af8552fdff1c1aa73c.php 第 158 行.
INFO: Run Behavior\ParseTemplateBehavior [ RunTime:0.076816s ]
INFO: [ view_parse ] --END-- [ RunTime:0.079788s ]
INFO: [ view_filter ] --START--
INFO: Run Behavior\WriteHtmlCacheBehavior [ RunTime:0.001173s ]
INFO: [ view_filter ] --END-- [ RunTime:0.002512s ]
INFO: [ app_end ] --START--
INFO: Run Behavior\ShowPageTraceBehavior [ RunTime:0.001388s ]
INFO: [ app_end ] --END-- [ RunTime:0.002728s ]

[ 2016-09-05T14:17:31+08:00 ] 127.0.0.1 /?c=Post&a=detail&postid=2589
INFO: [ app_init ] --START--
INFO: Run Behavior\BuildLiteBehavior [ RunTime:0.000260s ]
INFO: [ app_init ] --END-- [ RunTime:0.001924s ]
INFO: [ app_begin ] --START--
INFO: Run Behavior\ReadHtmlCacheBehavior [ RunTime:0.001237s ]
INFO: [ app_begin ] --END-- [ RunTime:0.002531s ]
SQL: SHOW COLUMNS FROM `aai_post` [ RunTime:0.0468s ]
SQL: SHOW COLUMNS FROM `aai_post` [ RunTime:0.0466s ]
SQL: SELECT * FROM `aai_post` WHERE `id` = 2589 AND `status` = 'publish' LIMIT 1   [ RunTime:0.0472s ]
INFO: [ view_parse ] --START--
INFO: [ template_filter ] --START--
INFO: Run Behavior\ContentReplaceBehavior [ RunTime:0.001290s ]
INFO: [ template_filter ] --END-- [ RunTime:0.002833s ]
NOTIC: [8] Undefined index: descirbe E:\code\aainfo\php\ananinfo_web\Application\Runtime\Cache\Home\2ae952bfbc2fd5af8552fdff1c1aa73c.php 第 153 行.
INFO: Run Behavior\ParseTemplateBehavior [ RunTime:0.064889s ]
INFO: [ view_parse ] --END-- [ RunTime:0.068199s ]
INFO: [ view_filter ] --START--
INFO: Run Behavior\WriteHtmlCacheBehavior [ RunTime:0.001270s ]
INFO: [ view_filter ] --END-- [ RunTime:0.002631s ]
INFO: [ app_end ] --START--
INFO: Run Behavior\ShowPageTraceBehavior [ RunTime:0.001118s ]
INFO: [ app_end ] --END-- [ RunTime:0.002505s ]

[ 2016-09-05T14:17:38+08:00 ] 127.0.0.1 /?c=Post&a=detail&postid=2587
INFO: [ app_init ] --START--
INFO: Run Behavior\BuildLiteBehavior [ RunTime:0.000244s ]
INFO: [ app_init ] --END-- [ RunTime:0.001881s ]
INFO: [ app_begin ] --START--
INFO: Run Behavior\ReadHtmlCacheBehavior [ RunTime:0.001166s ]
INFO: [ app_begin ] --END-- [ RunTime:0.002417s ]
SQL: SHOW COLUMNS FROM `aai_post` [ RunTime:0.0471s ]
SQL: SHOW COLUMNS FROM `aai_post` [ RunTime:0.0477s ]
SQL: SELECT * FROM `aai_post` WHERE `id` = 2587 AND `status` = 'publish' LIMIT 1   [ RunTime:0.0482s ]
INFO: [ view_parse ] --START--
INFO: [ template_filter ] --START--
INFO: Run Behavior\ContentReplaceBehavior [ RunTime:0.001359s ]
INFO: [ template_filter ] --END-- [ RunTime:0.002912s ]
NOTIC: [8] Undefined index: descirbe E:\code\aainfo\php\ananinfo_web\Application\Runtime\Cache\Home\2ae952bfbc2fd5af8552fdff1c1aa73c.php 第 153 行.
INFO: Run Behavior\ParseTemplateBehavior [ RunTime:0.071627s ]
INFO: [ view_parse ] --END-- [ RunTime:0.075027s ]
INFO: [ view_filter ] --START--
INFO: Run Behavior\WriteHtmlCacheBehavior [ RunTime:0.001410s ]
INFO: [ view_filter ] --END-- [ RunTime:0.003168s ]
INFO: [ app_end ] --START--
INFO: Run Behavior\ShowPageTraceBehavior [ RunTime:0.001218s ]
INFO: [ app_end ] --END-- [ RunTime:0.002414s ]

[ 2016-09-05T14:19:24+08:00 ] 127.0.0.1 /?c=Post&a=detail&postid=2587
INFO: [ app_init ] --START--
INFO: Run Behavior\BuildLiteBehavior [ RunTime:0.000209s ]
INFO: [ app_init ] --END-- [ RunTime:0.001931s ]
INFO: [ app_begin ] --START--
INFO: Run Behavior\ReadHtmlCacheBehavior [ RunTime:0.001153s ]
INFO: [ app_begin ] --END-- [ RunTime:0.002341s ]
SQL: SHOW COLUMNS FROM `aai_post` [ RunTime:0.0492s ]
SQL: SHOW COLUMNS FROM `aai_post` [ RunTime:0.0489s ]
SQL: SELECT * FROM `aai_post` WHERE `id` = 2587 AND `status` = 'publish' LIMIT 1   [ RunTime:0.0502s ]
INFO: [ view_parse ] --START--
INFO: [ template_filter ] --START--
INFO: Run Behavior\ContentReplaceBehavior [ RunTime:0.001519s ]
INFO: [ template_filter ] --END-- [ RunTime:0.003108s ]
INFO: Run Behavior\ParseTemplateBehavior [ RunTime:0.068993s ]
INFO: [ view_parse ] --END-- [ RunTime:0.071276s ]
INFO: [ view_filter ] --START--
INFO: Run Behavior\WriteHtmlCacheBehavior [ RunTime:0.000963s ]
INFO: [ view_filter ] --END-- [ RunTime:0.002117s ]
INFO: [ app_end ] --START--
INFO: Run Behavior\ShowPageTraceBehavior [ RunTime:0.001139s ]
INFO: [ app_end ] --END-- [ RunTime:0.002331s ]

[ 2016-09-05T14:19:27+08:00 ] 127.0.0.1 /index.php
INFO: [ app_init ] --START--
INFO: Run Behavior\BuildLiteBehavior [ RunTime:0.000218s ]
INFO: [ app_init ] --END-- [ RunTime:0.002029s ]
INFO: [ app_begin ] --START--
INFO: Run Behavior\ReadHtmlCacheBehavior [ RunTime:0.001497s ]
INFO: [ app_begin ] --END-- [ RunTime:0.003162s ]
SQL: SHOW COLUMNS FROM `aai_post` [ RunTime:0.0465s ]
SQL: SHOW COLUMNS FROM `aai_post` [ RunTime:0.0458s ]
SQL: SELECT * FROM `aai_post` WHERE `hot` = 1 AND `status` = 'publish' ORDER BY id desc  [ RunTime:0.0464s ]
INFO: [ view_parse ] --START--
INFO: [ template_filter ] --START--
INFO: Run Behavior\ContentReplaceBehavior [ RunTime:0.001025s ]
INFO: [ template_filter ] --END-- [ RunTime:0.002197s ]
INFO: Run Behavior\ParseTemplateBehavior [ RunTime:0.069355s ]
INFO: [ view_parse ] --END-- [ RunTime:0.071052s ]
INFO: [ view_filter ] --START--
INFO: Run Behavior\WriteHtmlCacheBehavior [ RunTime:0.001043s ]
INFO: [ view_filter ] --END-- [ RunTime:0.002366s ]
INFO: [ app_end ] --START--
INFO: Run Behavior\ShowPageTraceBehavior [ RunTime:0.001154s ]
INFO: [ app_end ] --END-- [ RunTime:0.002296s ]

[ 2016-09-05T14:19:30+08:00 ] 127.0.0.1 /?c=Post&a=detail&postid=2590
INFO: [ app_init ] --START--
INFO: Run Behavior\BuildLiteBehavior [ RunTime:0.000212s ]
INFO: [ app_init ] --END-- [ RunTime:0.001889s ]
INFO: [ app_begin ] --START--
INFO: Run Behavior\ReadHtmlCacheBehavior [ RunTime:0.001297s ]
INFO: [ app_begin ] --END-- [ RunTime:0.002651s ]
SQL: SHOW COLUMNS FROM `aai_post` [ RunTime:0.0464s ]
SQL: SHOW COLUMNS FROM `aai_post` [ RunTime:0.0539s ]
SQL: SELECT * FROM `aai_post` WHERE `id` = 2590 AND `status` = 'publish' LIMIT 1   [ RunTime:0.0472s ]
INFO: [ view_parse ] --START--
INFO: [ template_filter ] --START--
INFO: Run Behavior\ContentReplaceBehavior [ RunTime:0.000972s ]
INFO: [ template_filter ] --END-- [ RunTime:0.002196s ]
NOTIC: [8] Undefined index: descirbe E:\code\aainfo\php\ananinfo_web\Application\Runtime\Cache\Home\2ae952bfbc2fd5af8552fdff1c1aa73c.php 第 153 行.
INFO: Run Behavior\ParseTemplateBehavior [ RunTime:0.063273s ]
INFO: [ view_parse ] --END-- [ RunTime:0.065577s ]
INFO: [ view_filter ] --START--
INFO: Run Behavior\WriteHtmlCacheBehavior [ RunTime:0.001310s ]
INFO: [ view_filter ] --END-- [ RunTime:0.002552s ]
INFO: [ app_end ] --START--
INFO: Run Behavior\ShowPageTraceBehavior [ RunTime:0.001199s ]
INFO: [ app_end ] --END-- [ RunTime:0.002376s ]

[ 2016-09-05T14:23:25+08:00 ] 127.0.0.1 /index.php
INFO: [ app_init ] --START--
INFO: Run Behavior\BuildLiteBehavior [ RunTime:0.000208s ]
INFO: [ app_init ] --END-- [ RunTime:0.002004s ]
INFO: [ app_begin ] --START--
INFO: Run Behavior\ReadHtmlCacheBehavior [ RunTime:0.001163s ]
INFO: [ app_begin ] --END-- [ RunTime:0.002381s ]
SQL: SHOW COLUMNS FROM `aai_post` [ RunTime:0.0502s ]
SQL: SHOW COLUMNS FROM `aai_post` [ RunTime:0.0509s ]
SQL: SELECT * FROM `aai_post` WHERE `hot` = 1 AND `status` = 'publish' ORDER BY id desc  [ RunTime:0.0518s ]
INFO: [ view_parse ] --START--
INFO: [ template_filter ] --START--
INFO: Run Behavior\ContentReplaceBehavior [ RunTime:0.001204s ]
INFO: [ template_filter ] --END-- [ RunTime:0.002648s ]
INFO: Run Behavior\ParseTemplateBehavior [ RunTime:0.089380s ]
INFO: [ view_parse ] --END-- [ RunTime:0.092878s ]
INFO: [ view_filter ] --START--
INFO: Run Behavior\WriteHtmlCacheBehavior [ RunTime:0.001037s ]
INFO: [ view_filter ] --END-- [ RunTime:0.002262s ]
INFO: [ app_end ] --START--
INFO: Run Behavior\ShowPageTraceBehavior [ RunTime:0.001159s ]
INFO: [ app_end ] --END-- [ RunTime:0.002266s ]

[ 2016-09-05T14:23:28+08:00 ] 127.0.0.1 /?c=Post&a=detail&postid=2593
INFO: [ app_init ] --START--
INFO: Run Behavior\BuildLiteBehavior [ RunTime:0.000227s ]
INFO: [ app_init ] --END-- [ RunTime:0.002092s ]
INFO: [ app_begin ] --START--
INFO: Run Behavior\ReadHtmlCacheBehavior [ RunTime:0.001405s ]
INFO: [ app_begin ] --END-- [ RunTime:0.002664s ]
SQL: SHOW COLUMNS FROM `aai_post` [ RunTime:0.0505s ]
SQL: SHOW COLUMNS FROM `aai_post` [ RunTime:0.0503s ]
SQL: SELECT * FROM `aai_post` WHERE `id` = 2593 AND `status` = 'publish' LIMIT 1   [ RunTime:0.0519s ]
INFO: [ view_parse ] --START--
INFO: [ template_filter ] --START--
INFO: Run Behavior\ContentReplaceBehavior [ RunTime:0.001008s ]
INFO: [ template_filter ] --END-- [ RunTime:0.002243s ]
NOTIC: [8] Undefined index: descirbe E:\code\aainfo\php\ananinfo_web\Application\Runtime\Cache\Home\2ae952bfbc2fd5af8552fdff1c1aa73c.php 第 153 行.
INFO: Run Behavior\ParseTemplateBehavior [ RunTime:0.056652s ]
INFO: [ view_parse ] --END-- [ RunTime:0.059591s ]
INFO: [ view_filter ] --START--
INFO: Run Behavior\WriteHtmlCacheBehavior [ RunTime:0.000971s ]
INFO: [ view_filter ] --END-- [ RunTime:0.002153s ]
INFO: [ app_end ] --START--
INFO: Run Behavior\ShowPageTraceBehavior [ RunTime:0.001156s ]
INFO: [ app_end ] --END-- [ RunTime:0.002386s ]

[ 2016-09-05T14:27:37+08:00 ] 127.0.0.1 /?c=Post&a=detail&postid=2593
INFO: [ app_init ] --START--
INFO: Run Behavior\BuildLiteBehavior [ RunTime:0.000230s ]
INFO: [ app_init ] --END-- [ RunTime:0.001941s ]
INFO: [ app_begin ] --START--
INFO: Run Behavior\ReadHtmlCacheBehavior [ RunTime:0.001548s ]
INFO: [ app_begin ] --END-- [ RunTime:0.002944s ]
SQL: SHOW COLUMNS FROM `aai_post` [ RunTime:0.0489s ]
SQL: SHOW COLUMNS FROM `aai_post` [ RunTime:0.0489s ]
SQL: SELECT * FROM `aai_post` WHERE `id` = 2593 AND `status` = 'publish' LIMIT 1   [ RunTime:0.0579s ]
INFO: [ view_parse ] --START--
INFO: [ template_filter ] --START--
INFO: Run Behavior\ContentReplaceBehavior [ RunTime:0.001445s ]
INFO: [ template_filter ] --END-- [ RunTime:0.003254s ]
NOTIC: [8] Undefined index: descirbe E:\code\aainfo\php\ananinfo_web\Application\Runtime\Cache\Home\2ae952bfbc2fd5af8552fdff1c1aa73c.php 第 153 行.
INFO: Run Behavior\ParseTemplateBehavior [ RunTime:0.075208s ]
INFO: [ view_parse ] --END-- [ RunTime:0.078650s ]
INFO: [ view_filter ] --START--
INFO: Run Behavior\WriteHtmlCacheBehavior [ RunTime:0.001088s ]
INFO: [ view_filter ] --END-- [ RunTime:0.002293s ]
INFO: [ app_end ] --START--
INFO: Run Behavior\ShowPageTraceBehavior [ RunTime:0.001273s ]
INFO: [ app_end ] --END-- [ RunTime:0.002492s ]

[ 2016-09-05T14:28:28+08:00 ] 127.0.0.1 /?c=Post&a=detail&postid=2593
INFO: [ app_init ] --START--
INFO: Run Behavior\BuildLiteBehavior [ RunTime:0.000217s ]
INFO: [ app_init ] --END-- [ RunTime:0.001831s ]
INFO: [ app_begin ] --START--
INFO: Run Behavior\ReadHtmlCacheBehavior [ RunTime:0.001137s ]
INFO: [ app_begin ] --END-- [ RunTime:0.002498s ]
SQL: SHOW COLUMNS FROM `aai_post` [ RunTime:0.0473s ]
SQL: SHOW COLUMNS FROM `aai_post` [ RunTime:0.0469s ]
SQL: SELECT * FROM `aai_post` WHERE `id` = 2593 AND `status` = 'publish' LIMIT 1   [ RunTime:0.0467s ]
INFO: [ view_parse ] --START--
INFO: [ template_filter ] --START--
INFO: Run Behavior\ContentReplaceBehavior [ RunTime:0.000986s ]
INFO: [ template_filter ] --END-- [ RunTime:0.002313s ]
NOTIC: [8] Undefined index: descirbe E:\code\aainfo\php\ananinfo_web\Application\Runtime\Cache\Home\2ae952bfbc2fd5af8552fdff1c1aa73c.php 第 153 行.
INFO: Run Behavior\ParseTemplateBehavior [ RunTime:0.055248s ]
INFO: [ view_parse ] --END-- [ RunTime:0.057324s ]
INFO: [ view_filter ] --START--
INFO: Run Behavior\WriteHtmlCacheBehavior [ RunTime:0.001032s ]
INFO: [ view_filter ] --END-- [ RunTime:0.002725s ]
INFO: [ app_end ] --START--
INFO: Run Behavior\ShowPageTraceBehavior [ RunTime:0.001134s ]
INFO: [ app_end ] --END-- [ RunTime:0.002308s ]

[ 2016-09-05T14:28:51+08:00 ] 127.0.0.1 /?c=Post&a=detail&postid=2593
INFO: [ app_init ] --START--
INFO: Run Behavior\BuildLiteBehavior [ RunTime:0.000352s ]
INFO: [ app_init ] --END-- [ RunTime:0.003119s ]
INFO: [ app_begin ] --START--
INFO: Run Behavior\ReadHtmlCacheBehavior [ RunTime:0.001384s ]
INFO: [ app_begin ] --END-- [ RunTime:0.002633s ]
SQL: SHOW COLUMNS FROM `aai_post` [ RunTime:0.0470s ]
SQL: SHOW COLUMNS FROM `aai_post` [ RunTime:0.0468s ]
SQL: SELECT * FROM `aai_post` WHERE `id` = 2593 AND `status` = 'publish' LIMIT 1   [ RunTime:0.0480s ]
INFO: [ view_parse ] --START--
INFO: [ template_filter ] --START--
INFO: Run Behavior\ContentReplaceBehavior [ RunTime:0.001271s ]
INFO: [ template_filter ] --END-- [ RunTime:0.002889s ]
NOTIC: [8] Undefined index: descirbe E:\code\aainfo\php\ananinfo_web\Application\Runtime\Cache\Home\2ae952bfbc2fd5af8552fdff1c1aa73c.php 第 153 行.
INFO: Run Behavior\ParseTemplateBehavior [ RunTime:0.071625s ]
INFO: [ view_parse ] --END-- [ RunTime:0.074680s ]
INFO: [ view_filter ] --START--
INFO: Run Behavior\WriteHtmlCacheBehavior [ RunTime:0.001229s ]
INFO: [ view_filter ] --END-- [ RunTime:0.002431s ]
INFO: [ app_end ] --START--
INFO: Run Behavior\ShowPageTraceBehavior [ RunTime:0.001217s ]
INFO: [ app_end ] --END-- [ RunTime:0.002430s ]

[ 2016-09-05T14:31:15+08:00 ] 127.0.0.1 /?c=Post&a=detail&postid=2593
INFO: [ app_init ] --START--
INFO: Run Behavior\BuildLiteBehavior [ RunTime:0.000207s ]
INFO: [ app_init ] --END-- [ RunTime:0.002008s ]
INFO: [ app_begin ] --START--
INFO: Run Behavior\ReadHtmlCacheBehavior [ RunTime:0.001612s ]
INFO: [ app_begin ] --END-- [ RunTime:0.002913s ]
SQL: SHOW COLUMNS FROM `aai_post` [ RunTime:0.0464s ]
SQL: SHOW COLUMNS FROM `aai_post` [ RunTime:0.0456s ]
SQL: SELECT * FROM `aai_post` WHERE `id` = 2593 AND `status` = 'publish' LIMIT 1   [ RunTime:0.0459s ]
INFO: [ view_parse ] --START--
INFO: [ template_filter ] --START--
INFO: Run Behavior\ContentReplaceBehavior [ RunTime:0.000969s ]
INFO: [ template_filter ] --END-- [ RunTime:0.002204s ]
NOTIC: [8] Undefined index: descirbe E:\code\aainfo\php\ananinfo_web\Application\Runtime\Cache\Home\2ae952bfbc2fd5af8552fdff1c1aa73c.php 第 153 行.
INFO: Run Behavior\ParseTemplateBehavior [ RunTime:0.040283s ]
INFO: [ view_parse ] --END-- [ RunTime:0.041505s ]
INFO: [ view_filter ] --START--
INFO: Run Behavior\WriteHtmlCacheBehavior [ RunTime:0.001125s ]
INFO: [ view_filter ] --END-- [ RunTime:0.002366s ]
INFO: [ app_end ] --START--
INFO: Run Behavior\ShowPageTraceBehavior [ RunTime:0.001225s ]
INFO: [ app_end ] --END-- [ RunTime:0.002344s ]

[ 2016-09-05T14:31:43+08:00 ] 127.0.0.1 /?c=Post&a=detail&postid=2593
INFO: [ app_init ] --START--
INFO: Run Behavior\BuildLiteBehavior [ RunTime:0.000233s ]
INFO: [ app_init ] --END-- [ RunTime:0.001923s ]
INFO: [ app_begin ] --START--
INFO: Run Behavior\ReadHtmlCacheBehavior [ RunTime:0.001126s ]
INFO: [ app_begin ] --END-- [ RunTime:0.002375s ]
SQL: SHOW COLUMNS FROM `aai_post` [ RunTime:0.0491s ]
SQL: SHOW COLUMNS FROM `aai_post` [ RunTime:0.0486s ]
SQL: SELECT * FROM `aai_post` WHERE `id` = 2593 AND `status` = 'publish' LIMIT 1   [ RunTime:0.0495s ]
INFO: [ view_parse ] --START--
INFO: [ template_filter ] --START--
INFO: Run Behavior\ContentReplaceBehavior [ RunTime:0.002437s ]
INFO: [ template_filter ] --END-- [ RunTime:0.005542s ]
NOTIC: [8] Undefined index: descirbe E:\code\aainfo\php\ananinfo_web\Application\Runtime\Cache\Home\2ae952bfbc2fd5af8552fdff1c1aa73c.php 第 153 行.
INFO: Run Behavior\ParseTemplateBehavior [ RunTime:0.091711s ]
INFO: [ view_parse ] --END-- [ RunTime:0.093875s ]
INFO: [ view_filter ] --START--
INFO: Run Behavior\WriteHtmlCacheBehavior [ RunTime:0.001490s ]
INFO: [ view_filter ] --END-- [ RunTime:0.003760s ]
INFO: [ app_end ] --START--
INFO: Run Behavior\ShowPageTraceBehavior [ RunTime:0.001470s ]
INFO: [ app_end ] --END-- [ RunTime:0.002984s ]

[ 2016-09-05T14:31:53+08:00 ] 127.0.0.1 /?c=Post&a=detail&postid=2593
INFO: [ app_init ] --START--
INFO: Run Behavior\BuildLiteBehavior [ RunTime:0.000213s ]
INFO: [ app_init ] --END-- [ RunTime:0.001903s ]
INFO: [ app_begin ] --START--
INFO: Run Behavior\ReadHtmlCacheBehavior [ RunTime:0.001353s ]
INFO: [ app_begin ] --END-- [ RunTime:0.002614s ]
SQL: SHOW COLUMNS FROM `aai_post` [ RunTime:0.0473s ]
SQL: SHOW COLUMNS FROM `aai_post` [ RunTime:0.0460s ]
SQL: SELECT * FROM `aai_post` WHERE `id` = 2593 AND `status` = 'publish' LIMIT 1   [ RunTime:0.0480s ]
INFO: [ view_parse ] --START--
INFO: [ template_filter ] --START--
INFO: Run Behavior\ContentReplaceBehavior [ RunTime:0.001054s ]
INFO: [ template_filter ] --END-- [ RunTime:0.002289s ]
NOTIC: [8] Undefined index: descirbe E:\code\aainfo\php\ananinfo_web\Application\Runtime\Cache\Home\2ae952bfbc2fd5af8552fdff1c1aa73c.php 第 153 行.
INFO: Run Behavior\ParseTemplateBehavior [ RunTime:0.044027s ]
INFO: [ view_parse ] --END-- [ RunTime:0.045270s ]
INFO: [ view_filter ] --START--
INFO: Run Behavior\WriteHtmlCacheBehavior [ RunTime:0.001210s ]
INFO: [ view_filter ] --END-- [ RunTime:0.002464s ]
INFO: [ app_end ] --START--
INFO: Run Behavior\ShowPageTraceBehavior [ RunTime:0.001219s ]
INFO: [ app_end ] --END-- [ RunTime:0.002395s ]

[ 2016-09-05T14:31:58+08:00 ] 127.0.0.1 /
INFO: [ app_init ] --START--
INFO: Run Behavior\BuildLiteBehavior [ RunTime:0.000225s ]
INFO: [ app_init ] --END-- [ RunTime:0.002047s ]
INFO: [ app_begin ] --START--
INFO: Run Behavior\ReadHtmlCacheBehavior [ RunTime:0.001134s ]
INFO: [ app_begin ] --END-- [ RunTime:0.002332s ]
SQL: SHOW COLUMNS FROM `aai_post` [ RunTime:0.0465s ]
SQL: SHOW COLUMNS FROM `aai_post` [ RunTime:0.0468s ]
SQL: SELECT * FROM `aai_post` WHERE `hot` = 1 AND `status` = 'publish' ORDER BY id desc  [ RunTime:0.0477s ]
INFO: [ view_parse ] --START--
INFO: [ template_filter ] --START--
INFO: Run Behavior\ContentReplaceBehavior [ RunTime:0.001203s ]
INFO: [ template_filter ] --END-- [ RunTime:0.002657s ]
INFO: Run Behavior\ParseTemplateBehavior [ RunTime:0.090878s ]
INFO: [ view_parse ] --END-- [ RunTime:0.093799s ]
INFO: [ view_filter ] --START--
INFO: Run Behavior\WriteHtmlCacheBehavior [ RunTime:0.000972s ]
INFO: [ view_filter ] --END-- [ RunTime:0.002163s ]
INFO: [ app_end ] --START--
INFO: Run Behavior\ShowPageTraceBehavior [ RunTime:0.001092s ]
INFO: [ app_end ] --END-- [ RunTime:0.002198s ]

[ 2016-09-05T14:32:01+08:00 ] 127.0.0.1 /?c=Post&a=detail&postid=2593
INFO: [ app_init ] --START--
INFO: Run Behavior\BuildLiteBehavior [ RunTime:0.000217s ]
INFO: [ app_init ] --END-- [ RunTime:0.001820s ]
INFO: [ app_begin ] --START--
INFO: Run Behavior\ReadHtmlCacheBehavior [ RunTime:0.001367s ]
INFO: [ app_begin ] --END-- [ RunTime:0.002663s ]
SQL: SHOW COLUMNS FROM `aai_post` [ RunTime:0.0454s ]
SQL: SHOW COLUMNS FROM `aai_post` [ RunTime:0.0458s ]
SQL: SELECT * FROM `aai_post` WHERE `id` = 2593 AND `status` = 'publish' LIMIT 1   [ RunTime:0.0457s ]
INFO: [ view_parse ] --START--
INFO: [ template_filter ] --START--
INFO: Run Behavior\ContentReplaceBehavior [ RunTime:0.001089s ]
INFO: [ template_filter ] --END-- [ RunTime:0.002465s ]
NOTIC: [8] Undefined index: descirbe E:\code\aainfo\php\ananinfo_web\Application\Runtime\Cache\Home\2ae952bfbc2fd5af8552fdff1c1aa73c.php 第 153 行.
INFO: Run Behavior\ParseTemplateBehavior [ RunTime:0.067042s ]
INFO: [ view_parse ] --END-- [ RunTime:0.068925s ]
INFO: [ view_filter ] --START--
INFO: Run Behavior\WriteHtmlCacheBehavior [ RunTime:0.001200s ]
INFO: [ view_filter ] --END-- [ RunTime:0.002609s ]
INFO: [ app_end ] --START--
INFO: Run Behavior\ShowPageTraceBehavior [ RunTime:0.001322s ]
INFO: [ app_end ] --END-- [ RunTime:0.002599s ]

[ 2016-09-05T14:33:21+08:00 ] 127.0.0.1 /?c=Post&a=detail&postid=2593
INFO: [ app_init ] --START--
INFO: Run Behavior\BuildLiteBehavior [ RunTime:0.000227s ]
INFO: [ app_init ] --END-- [ RunTime:0.002064s ]
INFO: [ app_begin ] --START--
INFO: Run Behavior\ReadHtmlCacheBehavior [ RunTime:0.001259s ]
INFO: [ app_begin ] --END-- [ RunTime:0.002591s ]
SQL: SHOW COLUMNS FROM `aai_post` [ RunTime:0.0453s ]
SQL: SHOW COLUMNS FROM `aai_post` [ RunTime:0.0457s ]
SQL: SELECT * FROM `aai_post` WHERE `id` = 2593 AND `status` = 'publish' LIMIT 1   [ RunTime:0.0459s ]
INFO: [ view_parse ] --START--
INFO: [ template_filter ] --START--
INFO: Run Behavior\ContentReplaceBehavior [ RunTime:0.000973s ]
INFO: [ template_filter ] --END-- [ RunTime:0.002249s ]
NOTIC: [8] Undefined index: descirbe E:\code\aainfo\php\ananinfo_web\Application\Runtime\Cache\Home\2ae952bfbc2fd5af8552fdff1c1aa73c.php 第 153 行.
INFO: Run Behavior\ParseTemplateBehavior [ RunTime:0.041234s ]
INFO: [ view_parse ] --END-- [ RunTime:0.042447s ]
INFO: [ view_filter ] --START--
INFO: Run Behavior\WriteHtmlCacheBehavior [ RunTime:0.001039s ]
INFO: [ view_filter ] --END-- [ RunTime:0.002689s ]
INFO: [ app_end ] --START--
INFO: Run Behavior\ShowPageTraceBehavior [ RunTime:0.001150s ]
INFO: [ app_end ] --END-- [ RunTime:0.002298s ]

[ 2016-09-05T14:33:28+08:00 ] 127.0.0.1 /?c=Post&a=detail&postid=2593
INFO: [ app_init ] --START--
INFO: Run Behavior\BuildLiteBehavior [ RunTime:0.000234s ]
INFO: [ app_init ] --END-- [ RunTime:0.001865s ]
INFO: [ app_begin ] --START--
INFO: Run Behavior\ReadHtmlCacheBehavior [ RunTime:0.001123s ]
INFO: [ app_begin ] --END-- [ RunTime:0.002293s ]
SQL: SHOW COLUMNS FROM `aai_post` [ RunTime:0.0506s ]
SQL: SHOW COLUMNS FROM `aai_post` [ RunTime:0.0495s ]
SQL: SELECT * FROM `aai_post` WHERE `id` = 2593 AND `status` = 'publish' LIMIT 1   [ RunTime:0.0503s ]
INFO: [ view_parse ] --START--
INFO: [ template_filter ] --START--
INFO: Run Behavior\ContentReplaceBehavior [ RunTime:0.000978s ]
INFO: [ template_filter ] --END-- [ RunTime:0.002192s ]
NOTIC: [8] Undefined index: descirbe E:\code\aainfo\php\ananinfo_web\Application\Runtime\Cache\Home\2ae952bfbc2fd5af8552fdff1c1aa73c.php 第 153 行.
INFO: Run Behavior\ParseTemplateBehavior [ RunTime:0.054056s ]
INFO: [ view_parse ] --END-- [ RunTime:0.055577s ]
INFO: [ view_filter ] --START--
INFO: Run Behavior\WriteHtmlCacheBehavior [ RunTime:0.001190s ]
INFO: [ view_filter ] --END-- [ RunTime:0.002473s ]
INFO: [ app_end ] --START--
INFO: Run Behavior\ShowPageTraceBehavior [ RunTime:0.001591s ]
INFO: [ app_end ] --END-- [ RunTime:0.002789s ]

[ 2016-09-05T15:31:48+08:00 ] 127.0.0.1 /?c=Post&a=detail&postid=2593
INFO: [ app_init ] --START--
INFO: Run Behavior\BuildLiteBehavior [ RunTime:0.000225s ]
INFO: [ app_init ] --END-- [ RunTime:0.002064s ]
INFO: [ app_begin ] --START--
INFO: Run Behavior\ReadHtmlCacheBehavior [ RunTime:0.001375s ]
INFO: [ app_begin ] --END-- [ RunTime:0.002617s ]
SQL: SHOW COLUMNS FROM `aai_post` [ RunTime:0.0463s ]
SQL: SHOW COLUMNS FROM `aai_post` [ RunTime:0.0454s ]
SQL: SELECT * FROM `aai_post` WHERE `id` = 2593 AND `status` = 'publish' LIMIT 1   [ RunTime:0.0457s ]
INFO: [ view_parse ] --START--
INFO: [ template_filter ] --START--
INFO: Run Behavior\ContentReplaceBehavior [ RunTime:0.001437s ]
INFO: [ template_filter ] --END-- [ RunTime:0.003119s ]
NOTIC: [8] Undefined index: descirbe E:\code\aainfo\php\ananinfo_web\Application\Runtime\Cache\Home\2ae952bfbc2fd5af8552fdff1c1aa73c.php 第 153 行.
INFO: Run Behavior\ParseTemplateBehavior [ RunTime:0.050637s ]
INFO: [ view_parse ] --END-- [ RunTime:0.052061s ]
INFO: [ view_filter ] --START--
INFO: Run Behavior\WriteHtmlCacheBehavior [ RunTime:0.001267s ]
INFO: [ view_filter ] --END-- [ RunTime:0.002725s ]
INFO: [ app_end ] --START--
INFO: Run Behavior\ShowPageTraceBehavior [ RunTime:0.001511s ]
INFO: [ app_end ] --END-- [ RunTime:0.002991s ]

[ 2016-09-05T15:32:16+08:00 ] 127.0.0.1 /?c=Post&a=detail&postid=2593
INFO: [ app_init ] --START--
INFO: Run Behavior\BuildLiteBehavior [ RunTime:0.000208s ]
INFO: [ app_init ] --END-- [ RunTime:0.001859s ]
INFO: [ app_begin ] --START--
INFO: Run Behavior\ReadHtmlCacheBehavior [ RunTime:0.001277s ]
INFO: [ app_begin ] --END-- [ RunTime:0.002538s ]
SQL: SHOW COLUMNS FROM `aai_post` [ RunTime:0.0517s ]
SQL: SHOW COLUMNS FROM `aai_post` [ RunTime:0.0484s ]
SQL: SELECT * FROM `aai_post` WHERE `id` = 2593 AND `status` = 'publish' LIMIT 1   [ RunTime:0.0473s ]
INFO: [ view_parse ] --START--
INFO: [ template_filter ] --START--
INFO: Run Behavior\ContentReplaceBehavior [ RunTime:0.000977s ]
INFO: [ template_filter ] --END-- [ RunTime:0.002241s ]
NOTIC: [8] Undefined index: descirbe E:\code\aainfo\php\ananinfo_web\Application\Runtime\Cache\Home\2ae952bfbc2fd5af8552fdff1c1aa73c.php 第 153 行.
INFO: Run Behavior\ParseTemplateBehavior [ RunTime:0.063946s ]
INFO: [ view_parse ] --END-- [ RunTime:0.066896s ]
INFO: [ view_filter ] --START--
INFO: Run Behavior\WriteHtmlCacheBehavior [ RunTime:0.001119s ]
INFO: [ view_filter ] --END-- [ RunTime:0.002457s ]
INFO: [ app_end ] --START--
INFO: Run Behavior\ShowPageTraceBehavior [ RunTime:0.001151s ]
INFO: [ app_end ] --END-- [ RunTime:0.002444s ]

[ 2016-09-05T15:32:44+08:00 ] 127.0.0.1 /?c=Post&a=detail&postid=2593
INFO: [ app_init ] --START--
INFO: Run Behavior\BuildLiteBehavior [ RunTime:0.000224s ]
INFO: [ app_init ] --END-- [ RunTime:0.001892s ]
INFO: [ app_begin ] --START--
INFO: Run Behavior\ReadHtmlCacheBehavior [ RunTime:0.001255s ]
INFO: [ app_begin ] --END-- [ RunTime:0.002668s ]
SQL: SHOW COLUMNS FROM `aai_post` [ RunTime:0.0457s ]
SQL: SHOW COLUMNS FROM `aai_post` [ RunTime:0.0457s ]
SQL: SELECT * FROM `aai_post` WHERE `id` = 2593 AND `status` = 'publish' LIMIT 1   [ RunTime:0.0475s ]
INFO: [ view_parse ] --START--
INFO: [ template_filter ] --START--
INFO: Run Behavior\ContentReplaceBehavior [ RunTime:0.000972s ]
INFO: [ template_filter ] --END-- [ RunTime:0.002299s ]
NOTIC: [8] Undefined index: descirbe E:\code\aainfo\php\ananinfo_web\Application\Runtime\Cache\Home\2ae952bfbc2fd5af8552fdff1c1aa73c.php 第 153 行.
INFO: Run Behavior\ParseTemplateBehavior [ RunTime:0.040690s ]
INFO: [ view_parse ] --END-- [ RunTime:0.041923s ]
INFO: [ view_filter ] --START--
INFO: Run Behavior\WriteHtmlCacheBehavior [ RunTime:0.001012s ]
INFO: [ view_filter ] --END-- [ RunTime:0.002297s ]
INFO: [ app_end ] --START--
INFO: Run Behavior\ShowPageTraceBehavior [ RunTime:0.001185s ]
INFO: [ app_end ] --END-- [ RunTime:0.002379s ]

[ 2016-09-05T15:33:04+08:00 ] 127.0.0.1 /?c=Post&a=detail&postid=2593
INFO: [ app_init ] --START--
INFO: Run Behavior\BuildLiteBehavior [ RunTime:0.000220s ]
INFO: [ app_init ] --END-- [ RunTime:0.001869s ]
INFO: [ app_begin ] --START--
INFO: Run Behavior\ReadHtmlCacheBehavior [ RunTime:0.001149s ]
INFO: [ app_begin ] --END-- [ RunTime:0.002402s ]
SQL: SHOW COLUMNS FROM `aai_post` [ RunTime:0.0500s ]
SQL: SHOW COLUMNS FROM `aai_post` [ RunTime:0.0456s ]
SQL: SELECT * FROM `aai_post` WHERE `id` = 2593 AND `status` = 'publish' LIMIT 1   [ RunTime:0.0459s ]
INFO: [ view_parse ] --START--
INFO: [ template_filter ] --START--
INFO: Run Behavior\ContentReplaceBehavior [ RunTime:0.000981s ]
INFO: [ template_filter ] --END-- [ RunTime:0.002586s ]
NOTIC: [8] Undefined index: descirbe E:\code\aainfo\php\ananinfo_web\Application\Runtime\Cache\Home\2ae952bfbc2fd5af8552fdff1c1aa73c.php 第 153 行.
INFO: Run Behavior\ParseTemplateBehavior [ RunTime:0.042087s ]
INFO: [ view_parse ] --END-- [ RunTime:0.043287s ]
INFO: [ view_filter ] --START--
INFO: Run Behavior\WriteHtmlCacheBehavior [ RunTime:0.001070s ]
INFO: [ view_filter ] --END-- [ RunTime:0.002428s ]
INFO: [ app_end ] --START--
INFO: Run Behavior\ShowPageTraceBehavior [ RunTime:0.001254s ]
INFO: [ app_end ] --END-- [ RunTime:0.002465s ]

[ 2016-09-05T15:35:01+08:00 ] 127.0.0.1 /?c=Post&a=detail&postid=2593
INFO: [ app_init ] --START--
INFO: Run Behavior\BuildLiteBehavior [ RunTime:0.000209s ]
INFO: [ app_init ] --END-- [ RunTime:0.001869s ]
INFO: [ app_begin ] --START--
INFO: Run Behavior\ReadHtmlCacheBehavior [ RunTime:0.001217s ]
INFO: [ app_begin ] --END-- [ RunTime:0.002444s ]
SQL: SHOW COLUMNS FROM `aai_post` [ RunTime:0.0469s ]
SQL: SHOW COLUMNS FROM `aai_post` [ RunTime:0.0460s ]
SQL: SELECT * FROM `aai_post` WHERE `id` = 2593 AND `status` = 'publish' LIMIT 1   [ RunTime:0.0461s ]
INFO: [ view_parse ] --START--
INFO: [ template_filter ] --START--
INFO: Run Behavior\ContentReplaceBehavior [ RunTime:0.000925s ]
INFO: [ template_filter ] --END-- [ RunTime:0.002115s ]
NOTIC: [8] Undefined index: descirbe E:\code\aainfo\php\ananinfo_web\Application\Runtime\Cache\Home\2ae952bfbc2fd5af8552fdff1c1aa73c.php 第 153 行.
INFO: Run Behavior\ParseTemplateBehavior [ RunTime:0.038915s ]
INFO: [ view_parse ] --END-- [ RunTime:0.040253s ]
INFO: [ view_filter ] --START--
INFO: Run Behavior\WriteHtmlCacheBehavior [ RunTime:0.001478s ]
INFO: [ view_filter ] --END-- [ RunTime:0.002855s ]
INFO: [ app_end ] --START--
INFO: Run Behavior\ShowPageTraceBehavior [ RunTime:0.001226s ]
INFO: [ app_end ] --END-- [ RunTime:0.002477s ]

[ 2016-09-05T15:46:57+08:00 ] 127.0.0.1 /?c=Post&a=detail&postid=2593
INFO: [ app_init ] --START--
INFO: Run Behavior\BuildLiteBehavior [ RunTime:0.000226s ]
INFO: [ app_init ] --END-- [ RunTime:0.001981s ]
INFO: [ app_begin ] --START--
INFO: Run Behavior\ReadHtmlCacheBehavior [ RunTime:0.001331s ]
INFO: [ app_begin ] --END-- [ RunTime:0.002958s ]
SQL: SHOW COLUMNS FROM `aai_post` [ RunTime:0.0464s ]
ERR: Think\Model:getPostByID方法不存在！

[ 2016-09-05T15:47:45+08:00 ] 127.0.0.1 /?c=Post&a=detail&postid=2593
INFO: [ app_init ] --START--
INFO: Run Behavior\BuildLiteBehavior [ RunTime:0.000440s ]
INFO: [ app_init ] --END-- [ RunTime:0.003789s ]
INFO: [ app_begin ] --START--
INFO: Run Behavior\ReadHtmlCacheBehavior [ RunTime:0.001210s ]
INFO: [ app_begin ] --END-- [ RunTime:0.002464s ]
SQL: SHOW COLUMNS FROM `aai_post` [ RunTime:0.0501s ]
ERR: Think\Model:getPostByID方法不存在！

[ 2016-09-05T15:47:48+08:00 ] 127.0.0.1 /?c=Post&a=detail&postid=2593
INFO: [ app_init ] --START--
INFO: Run Behavior\BuildLiteBehavior [ RunTime:0.000229s ]
INFO: [ app_init ] --END-- [ RunTime:0.003115s ]
INFO: [ app_begin ] --START--
INFO: Run Behavior\ReadHtmlCacheBehavior [ RunTime:0.001510s ]
INFO: [ app_begin ] --END-- [ RunTime:0.002852s ]
SQL: SHOW COLUMNS FROM `aai_post` [ RunTime:0.0467s ]
ERR: Think\Model:getPostByID方法不存在！

[ 2016-09-05T15:48:21+08:00 ] 127.0.0.1 /?c=Post&a=detail&postid=2593
INFO: [ app_init ] --START--
INFO: Run Behavior\BuildLiteBehavior [ RunTime:0.000218s ]
INFO: [ app_init ] --END-- [ RunTime:0.002025s ]
INFO: [ app_begin ] --START--
INFO: Run Behavior\ReadHtmlCacheBehavior [ RunTime:0.001224s ]
INFO: [ app_begin ] --END-- [ RunTime:0.002467s ]
SQL: SHOW COLUMNS FROM `aai_post` [ RunTime:0.0471s ]
ERR: Think\Model:getPostByID方法不存在！

[ 2016-09-05T15:48:22+08:00 ] 127.0.0.1 /?c=Post&a=detail&postid=2593
INFO: [ app_init ] --START--
INFO: Run Behavior\BuildLiteBehavior [ RunTime:0.000221s ]
INFO: [ app_init ] --END-- [ RunTime:0.001915s ]
INFO: [ app_begin ] --START--
INFO: Run Behavior\ReadHtmlCacheBehavior [ RunTime:0.001316s ]
INFO: [ app_begin ] --END-- [ RunTime:0.002698s ]
SQL: SHOW COLUMNS FROM `aai_post` [ RunTime:0.0459s ]
ERR: Think\Model:getPostByID方法不存在！

[ 2016-09-05T15:48:27+08:00 ] 127.0.0.1 /index.php
INFO: [ app_init ] --START--
INFO: Run Behavior\BuildLiteBehavior [ RunTime:0.000274s ]
INFO: [ app_init ] --END-- [ RunTime:0.002776s ]
INFO: [ app_begin ] --START--
INFO: Run Behavior\ReadHtmlCacheBehavior [ RunTime:0.001279s ]
INFO: [ app_begin ] --END-- [ RunTime:0.003240s ]
SQL: SHOW COLUMNS FROM `aai_post` [ RunTime:0.0451s ]
ERR: Think\Model:getHotPost方法不存在！

[ 2016-09-05T15:48:57+08:00 ] 127.0.0.1 /index.php
INFO: [ app_init ] --START--
INFO: Run Behavior\BuildLiteBehavior [ RunTime:0.000222s ]
INFO: [ app_init ] --END-- [ RunTime:0.001855s ]
INFO: [ app_begin ] --START--
INFO: Run Behavior\ReadHtmlCacheBehavior [ RunTime:0.001250s ]
INFO: [ app_begin ] --END-- [ RunTime:0.002661s ]
SQL: SHOW COLUMNS FROM `aai_post` [ RunTime:0.0500s ]
SQL: SHOW COLUMNS FROM `aai_post` [ RunTime:0.0492s ]
SQL: SELECT * FROM `aai_post` WHERE `hot` = 1 AND `status` = 'publish' ORDER BY id desc  [ RunTime:0.0500s ]
INFO: [ view_parse ] --START--
INFO: [ template_filter ] --START--
INFO: Run Behavior\ContentReplaceBehavior [ RunTime:0.001191s ]
INFO: [ template_filter ] --END-- [ RunTime:0.002415s ]
INFO: Run Behavior\ParseTemplateBehavior [ RunTime:0.052647s ]
INFO: [ view_parse ] --END-- [ RunTime:0.053900s ]
INFO: [ view_filter ] --START--
INFO: Run Behavior\WriteHtmlCacheBehavior [ RunTime:0.001103s ]
INFO: [ view_filter ] --END-- [ RunTime:0.002354s ]
INFO: [ app_end ] --START--
INFO: Run Behavior\ShowPageTraceBehavior [ RunTime:0.001171s ]
INFO: [ app_end ] --END-- [ RunTime:0.002333s ]

[ 2016-09-05T15:48:59+08:00 ] 127.0.0.1 /?c=Post&a=detail&postid=2593
INFO: [ app_init ] --START--
INFO: Run Behavior\BuildLiteBehavior [ RunTime:0.000234s ]
INFO: [ app_init ] --END-- [ RunTime:0.002039s ]
INFO: [ app_begin ] --START--
INFO: Run Behavior\ReadHtmlCacheBehavior [ RunTime:0.001374s ]
INFO: [ app_begin ] --END-- [ RunTime:0.002788s ]
SQL: SHOW COLUMNS FROM `aai_post` [ RunTime:0.0451s ]
SQL: SHOW COLUMNS FROM `aai_post` [ RunTime:0.0457s ]
SQL: SELECT * FROM `aai_post` WHERE `id` = 2593 AND `status` = 'publish' LIMIT 1   [ RunTime:0.0460s ]
ERR: 1146:Table 'ananinfo.aai_comment' doesn't exist
 [ SQL语句 ] : SHOW COLUMNS FROM `aai_comment`
ERR: 1146:Table 'ananinfo.aai_comment' doesn't exist
 [ SQL语句 ] : SHOW COLUMNS FROM `aai_comment`

[ 2016-09-05T15:49:48+08:00 ] 127.0.0.1 /?c=Post&a=detail&postid=2593
INFO: [ app_init ] --START--
INFO: Run Behavior\BuildLiteBehavior [ RunTime:0.000222s ]
INFO: [ app_init ] --END-- [ RunTime:0.002113s ]
INFO: [ app_begin ] --START--
INFO: Run Behavior\ReadHtmlCacheBehavior [ RunTime:0.001218s ]
INFO: [ app_begin ] --END-- [ RunTime:0.002412s ]
SQL: SHOW COLUMNS FROM `aai_post` [ RunTime:0.0456s ]
SQL: SHOW COLUMNS FROM `aai_post` [ RunTime:0.0459s ]
SQL: SELECT * FROM `aai_post` WHERE `id` = 2593 AND `status` = 'publish' LIMIT 1   [ RunTime:0.0467s ]
ERR: 1146:Table 'ananinfo.aai_comment' doesn't exist
 [ SQL语句 ] : SHOW COLUMNS FROM `aai_comment`
ERR: 1146:Table 'ananinfo.aai_comment' doesn't exist
 [ SQL语句 ] : SHOW COLUMNS FROM `aai_comment`

[ 2016-09-05T15:49:51+08:00 ] 127.0.0.1 /index.php
INFO: [ app_init ] --START--
INFO: Run Behavior\BuildLiteBehavior [ RunTime:0.000283s ]
INFO: [ app_init ] --END-- [ RunTime:0.002610s ]
INFO: [ app_begin ] --START--
INFO: Run Behavior\ReadHtmlCacheBehavior [ RunTime:0.001161s ]
INFO: [ app_begin ] --END-- [ RunTime:0.002342s ]
SQL: SHOW COLUMNS FROM `aai_post` [ RunTime:0.0457s ]
SQL: SHOW COLUMNS FROM `aai_post` [ RunTime:0.0459s ]
SQL: SELECT * FROM `aai_post` WHERE `hot` = 1 AND `status` = 'publish' ORDER BY id desc  [ RunTime:0.0454s ]
INFO: [ view_parse ] --START--
INFO: [ template_filter ] --START--
INFO: Run Behavior\ContentReplaceBehavior [ RunTime:0.001144s ]
INFO: [ template_filter ] --END-- [ RunTime:0.002479s ]
INFO: Run Behavior\ParseTemplateBehavior [ RunTime:0.054420s ]
INFO: [ view_parse ] --END-- [ RunTime:0.055665s ]
INFO: [ view_filter ] --START--
INFO: Run Behavior\WriteHtmlCacheBehavior [ RunTime:0.001396s ]
INFO: [ view_filter ] --END-- [ RunTime:0.002814s ]
INFO: [ app_end ] --START--
INFO: Run Behavior\ShowPageTraceBehavior [ RunTime:0.001266s ]
INFO: [ app_end ] --END-- [ RunTime:0.002470s ]

[ 2016-09-05T15:49:56+08:00 ] 127.0.0.1 /?c=Post&a=detail&postid=2593
INFO: [ app_init ] --START--
INFO: Run Behavior\BuildLiteBehavior [ RunTime:0.000217s ]
INFO: [ app_init ] --END-- [ RunTime:0.001895s ]
INFO: [ app_begin ] --START--
INFO: Run Behavior\ReadHtmlCacheBehavior [ RunTime:0.001323s ]
INFO: [ app_begin ] --END-- [ RunTime:0.002852s ]
SQL: SHOW COLUMNS FROM `aai_post` [ RunTime:0.0470s ]
SQL: SHOW COLUMNS FROM `aai_post` [ RunTime:0.0461s ]
SQL: SELECT * FROM `aai_post` WHERE `id` = 2593 AND `status` = 'publish' LIMIT 1   [ RunTime:0.0487s ]
ERR: 1146:Table 'ananinfo.aai_comment' doesn't exist
 [ SQL语句 ] : SHOW COLUMNS FROM `aai_comment`
ERR: 1146:Table 'ananinfo.aai_comment' doesn't exist
 [ SQL语句 ] : SHOW COLUMNS FROM `aai_comment`

[ 2016-09-05T15:50:43+08:00 ] 127.0.0.1 /
INFO: [ app_init ] --START--
INFO: Run Behavior\BuildLiteBehavior [ RunTime:0.000217s ]
INFO: [ app_init ] --END-- [ RunTime:0.002363s ]
INFO: [ app_begin ] --START--
INFO: Run Behavior\ReadHtmlCacheBehavior [ RunTime:0.001166s ]
INFO: [ app_begin ] --END-- [ RunTime:0.002426s ]
SQL: SHOW COLUMNS FROM `aai_post` [ RunTime:0.0481s ]
SQL: SHOW COLUMNS FROM `aai_post` [ RunTime:0.0472s ]
SQL: SELECT * FROM `aai_post` WHERE `hot` = 1 AND `status` = 'publish' ORDER BY id desc  [ RunTime:0.0472s ]
INFO: [ view_parse ] --START--
INFO: [ template_filter ] --START--
INFO: Run Behavior\ContentReplaceBehavior [ RunTime:0.001082s ]
INFO: [ template_filter ] --END-- [ RunTime:0.002392s ]
INFO: Run Behavior\ParseTemplateBehavior [ RunTime:0.085775s ]
INFO: [ view_parse ] --END-- [ RunTime:0.087521s ]
INFO: [ view_filter ] --START--
INFO: Run Behavior\WriteHtmlCacheBehavior [ RunTime:0.001073s ]
INFO: [ view_filter ] --END-- [ RunTime:0.002393s ]
INFO: [ app_end ] --START--
INFO: Run Behavior\ShowPageTraceBehavior [ RunTime:0.001191s ]
INFO: [ app_end ] --END-- [ RunTime:0.002455s ]

[ 2016-09-05T15:50:45+08:00 ] 127.0.0.1 /?c=Post&a=detail&postid=2593
INFO: [ app_init ] --START--
INFO: Run Behavior\BuildLiteBehavior [ RunTime:0.000227s ]
INFO: [ app_init ] --END-- [ RunTime:0.001866s ]
INFO: [ app_begin ] --START--
INFO: Run Behavior\ReadHtmlCacheBehavior [ RunTime:0.001268s ]
INFO: [ app_begin ] --END-- [ RunTime:0.002620s ]
SQL: SHOW COLUMNS FROM `aai_post` [ RunTime:0.0455s ]
SQL: SHOW COLUMNS FROM `aai_post` [ RunTime:0.0455s ]
SQL: SELECT * FROM `aai_post` WHERE `id` = 2593 AND `status` = 'publish' LIMIT 1   [ RunTime:0.0465s ]
SQL: SHOW COLUMNS FROM `aai_comments` [ RunTime:0.0462s ]
SQL: SHOW COLUMNS FROM `aai_comments` [ RunTime:0.0463s ]
SQL: SELECT * FROM `aai_comments` WHERE `comment_post_id` = 2593 ORDER BY comment_id desc   [ RunTime:0.0459s ]
INFO: [ view_parse ] --START--
INFO: [ template_filter ] --START--
INFO: Run Behavior\ContentReplaceBehavior [ RunTime:0.000943s ]
INFO: [ template_filter ] --END-- [ RunTime:0.002117s ]
NOTIC: [8] Undefined index: descirbe E:\code\aainfo\php\ananinfo_web\Application\Runtime\Cache\Home\2ae952bfbc2fd5af8552fdff1c1aa73c.php 第 153 行.
INFO: Run Behavior\ParseTemplateBehavior [ RunTime:0.064430s ]
INFO: [ view_parse ] --END-- [ RunTime:0.066683s ]
INFO: [ view_filter ] --START--
INFO: Run Behavior\WriteHtmlCacheBehavior [ RunTime:0.001100s ]
INFO: [ view_filter ] --END-- [ RunTime:0.002306s ]
INFO: [ app_end ] --START--
INFO: Run Behavior\ShowPageTraceBehavior [ RunTime:0.001164s ]
INFO: [ app_end ] --END-- [ RunTime:0.002484s ]

[ 2016-09-05T15:52:12+08:00 ] 127.0.0.1 /?c=Post&a=detail&postid=2593
INFO: [ app_init ] --START--
INFO: Run Behavior\BuildLiteBehavior [ RunTime:0.000281s ]
INFO: [ app_init ] --END-- [ RunTime:0.002141s ]
INFO: [ app_begin ] --START--
INFO: Run Behavior\ReadHtmlCacheBehavior [ RunTime:0.001193s ]
INFO: [ app_begin ] --END-- [ RunTime:0.002539s ]
SQL: SHOW COLUMNS FROM `aai_post` [ RunTime:0.0504s ]
SQL: SHOW COLUMNS FROM `aai_post` [ RunTime:0.0496s ]
SQL: SELECT * FROM `aai_post` WHERE `id` = 2593 AND `status` = 'publish' LIMIT 1   [ RunTime:0.0501s ]
SQL: SHOW COLUMNS FROM `aai_comments` [ RunTime:0.0498s ]
SQL: SHOW COLUMNS FROM `aai_comments` [ RunTime:0.0492s ]
SQL: SELECT * FROM `aai_comments` WHERE `comment_post_id` = 2593 ORDER BY comment_id desc   [ RunTime:0.0496s ]
INFO: [ view_parse ] --START--
INFO: [ template_filter ] --START--
INFO: Run Behavior\ContentReplaceBehavior [ RunTime:0.001039s ]
INFO: [ template_filter ] --END-- [ RunTime:0.002216s ]
NOTIC: [8] Undefined index: descirbe E:\code\aainfo\php\ananinfo_web\Application\Runtime\Cache\Home\2ae952bfbc2fd5af8552fdff1c1aa73c.php 第 153 行.
INFO: Run Behavior\ParseTemplateBehavior [ RunTime:0.058328s ]
INFO: [ view_parse ] --END-- [ RunTime:0.060078s ]
INFO: [ view_filter ] --START--
INFO: Run Behavior\WriteHtmlCacheBehavior [ RunTime:0.001152s ]
INFO: [ view_filter ] --END-- [ RunTime:0.002728s ]
INFO: [ app_end ] --START--
INFO: Run Behavior\ShowPageTraceBehavior [ RunTime:0.001194s ]
INFO: [ app_end ] --END-- [ RunTime:0.002402s ]

[ 2016-09-05T15:53:54+08:00 ] 127.0.0.1 /?c=Post&a=detail&postid=2593
INFO: [ app_init ] --START--
INFO: Run Behavior\BuildLiteBehavior [ RunTime:0.000465s ]
INFO: [ app_init ] --END-- [ RunTime:0.004218s ]
INFO: [ app_begin ] --START--
INFO: Run Behavior\ReadHtmlCacheBehavior [ RunTime:0.001834s ]
INFO: [ app_begin ] --END-- [ RunTime:0.003877s ]
SQL: SHOW COLUMNS FROM `aai_post` [ RunTime:0.0456s ]
SQL: SHOW COLUMNS FROM `aai_post` [ RunTime:0.0485s ]
SQL: SELECT * FROM `aai_post` WHERE `id` = 2593 AND `status` = 'publish' LIMIT 1   [ RunTime:0.0464s ]
SQL: SHOW COLUMNS FROM `aai_comments` [ RunTime:0.0455s ]
SQL: SHOW COLUMNS FROM `aai_comments` [ RunTime:0.0457s ]
SQL: SELECT * FROM `aai_comments` WHERE `comment_post_id` = 2593 ORDER BY comment_id desc   [ RunTime:0.0453s ]
INFO: [ view_parse ] --START--
INFO: [ template_filter ] --START--
INFO: Run Behavior\ContentReplaceBehavior [ RunTime:0.000967s ]
INFO: [ template_filter ] --END-- [ RunTime:0.002141s ]
NOTIC: [8] Undefined index: descirbe E:\code\aainfo\php\ananinfo_web\Application\Runtime\Cache\Home\2ae952bfbc2fd5af8552fdff1c1aa73c.php 第 153 行.
INFO: Run Behavior\ParseTemplateBehavior [ RunTime:0.056394s ]
INFO: [ view_parse ] --END-- [ RunTime:0.057830s ]
INFO: [ view_filter ] --START--
INFO: Run Behavior\WriteHtmlCacheBehavior [ RunTime:0.001053s ]
INFO: [ view_filter ] --END-- [ RunTime:0.002188s ]
INFO: [ app_end ] --START--
INFO: Run Behavior\ShowPageTraceBehavior [ RunTime:0.001196s ]
INFO: [ app_end ] --END-- [ RunTime:0.002378s ]

[ 2016-09-05T16:05:12+08:00 ] 127.0.0.1 /?c=Post&a=detail&postid=2593
INFO: [ app_init ] --START--
INFO: Run Behavior\BuildLiteBehavior [ RunTime:0.000214s ]
INFO: [ app_init ] --END-- [ RunTime:0.001873s ]
INFO: [ app_begin ] --START--
INFO: Run Behavior\ReadHtmlCacheBehavior [ RunTime:0.001253s ]
INFO: [ app_begin ] --END-- [ RunTime:0.002672s ]
SQL: SHOW COLUMNS FROM `aai_post` [ RunTime:0.0457s ]
SQL: SHOW COLUMNS FROM `aai_post` [ RunTime:0.0456s ]
SQL: SELECT * FROM `aai_post` WHERE `id` = 2593 AND `status` = 'publish' LIMIT 1   [ RunTime:0.0477s ]
SQL: SHOW COLUMNS FROM `aai_comments` [ RunTime:0.0465s ]
SQL: SHOW COLUMNS FROM `aai_comments` [ RunTime:0.0466s ]
SQL: SELECT * FROM `aai_comments` WHERE `comment_post_id` = 2593 ORDER BY comment_id desc   [ RunTime:0.0466s ]
INFO: [ view_parse ] --START--
INFO: [ template_filter ] --START--
INFO: Run Behavior\ContentReplaceBehavior [ RunTime:0.001061s ]
INFO: [ template_filter ] --END-- [ RunTime:0.002392s ]
NOTIC: [8] Undefined index: descirbe E:\code\aainfo\php\ananinfo_web\Application\Runtime\Cache\Home\2ae952bfbc2fd5af8552fdff1c1aa73c.php 第 153 行.
INFO: Run Behavior\ParseTemplateBehavior [ RunTime:0.094797s ]
INFO: [ view_parse ] --END-- [ RunTime:0.097700s ]
INFO: [ view_filter ] --START--
INFO: Run Behavior\WriteHtmlCacheBehavior [ RunTime:0.001005s ]
INFO: [ view_filter ] --END-- [ RunTime:0.002155s ]
INFO: [ app_end ] --START--
INFO: Run Behavior\ShowPageTraceBehavior [ RunTime:0.001158s ]
INFO: [ app_end ] --END-- [ RunTime:0.002348s ]

[ 2016-09-05T16:06:58+08:00 ] 127.0.0.1 /?c=Post&a=detail&postid=2593
INFO: [ app_init ] --START--
INFO: Run Behavior\BuildLiteBehavior [ RunTime:0.000206s ]
INFO: [ app_init ] --END-- [ RunTime:0.002081s ]
INFO: [ app_begin ] --START--
INFO: Run Behavior\ReadHtmlCacheBehavior [ RunTime:0.001100s ]
INFO: [ app_begin ] --END-- [ RunTime:0.002300s ]
SQL: SHOW COLUMNS FROM `aai_post` [ RunTime:0.0481s ]
SQL: SHOW COLUMNS FROM `aai_post` [ RunTime:0.0481s ]
SQL: SELECT * FROM `aai_post` WHERE `id` = 2593 AND `status` = 'publish' LIMIT 1   [ RunTime:0.0485s ]
SQL: SHOW COLUMNS FROM `aai_comments` [ RunTime:0.0478s ]
SQL: SHOW COLUMNS FROM `aai_comments` [ RunTime:0.0478s ]
SQL: SELECT * FROM `aai_comments` WHERE `comment_post_id` = 2593 ORDER BY comment_id desc   [ RunTime:0.0467s ]
INFO: [ view_parse ] --START--
INFO: [ template_filter ] --START--
INFO: Run Behavior\ContentReplaceBehavior [ RunTime:0.001247s ]
INFO: [ template_filter ] --END-- [ RunTime:0.002880s ]
NOTIC: [8] Undefined index: descirbe E:\code\aainfo\php\ananinfo_web\Application\Runtime\Cache\Home\2ae952bfbc2fd5af8552fdff1c1aa73c.php 第 153 行.
INFO: Run Behavior\ParseTemplateBehavior [ RunTime:0.072432s ]
INFO: [ view_parse ] --END-- [ RunTime:0.074596s ]
INFO: [ view_filter ] --START--
INFO: Run Behavior\WriteHtmlCacheBehavior [ RunTime:0.001090s ]
INFO: [ view_filter ] --END-- [ RunTime:0.002466s ]
INFO: [ app_end ] --START--
INFO: Run Behavior\ShowPageTraceBehavior [ RunTime:0.001157s ]
INFO: [ app_end ] --END-- [ RunTime:0.002307s ]

[ 2016-09-05T16:07:05+08:00 ] 127.0.0.1 /?c=Post&a=detail&postid=2593
INFO: [ app_init ] --START--
INFO: Run Behavior\BuildLiteBehavior [ RunTime:0.000212s ]
INFO: [ app_init ] --END-- [ RunTime:0.001865s ]
INFO: [ app_begin ] --START--
INFO: Run Behavior\ReadHtmlCacheBehavior [ RunTime:0.001407s ]
INFO: [ app_begin ] --END-- [ RunTime:0.002929s ]
SQL: SHOW COLUMNS FROM `aai_post` [ RunTime:0.0476s ]
SQL: SHOW COLUMNS FROM `aai_post` [ RunTime:0.0470s ]
SQL: SELECT * FROM `aai_post` WHERE `id` = 2593 AND `status` = 'publish' LIMIT 1   [ RunTime:0.0470s ]
SQL: SHOW COLUMNS FROM `aai_comments` [ RunTime:0.0467s ]
SQL: SHOW COLUMNS FROM `aai_comments` [ RunTime:0.0473s ]
SQL: SELECT * FROM `aai_comments` WHERE `comment_post_id` = 2593 ORDER BY comment_id desc   [ RunTime:0.0468s ]
INFO: [ view_parse ] --START--
INFO: [ template_filter ] --START--
INFO: Run Behavior\ContentReplaceBehavior [ RunTime:0.000916s ]
INFO: [ template_filter ] --END-- [ RunTime:0.002147s ]
NOTIC: [8] Undefined index: descirbe E:\code\aainfo\php\ananinfo_web\Application\Runtime\Cache\Home\2ae952bfbc2fd5af8552fdff1c1aa73c.php 第 153 行.
INFO: Run Behavior\ParseTemplateBehavior [ RunTime:0.070696s ]
INFO: [ view_parse ] --END-- [ RunTime:0.072797s ]
INFO: [ view_filter ] --START--
INFO: Run Behavior\WriteHtmlCacheBehavior [ RunTime:0.001244s ]
INFO: [ view_filter ] --END-- [ RunTime:0.002591s ]
INFO: [ app_end ] --START--
INFO: Run Behavior\ShowPageTraceBehavior [ RunTime:0.001182s ]
INFO: [ app_end ] --END-- [ RunTime:0.002339s ]

[ 2016-09-05T16:07:07+08:00 ] 127.0.0.1 /?c=Post&a=detail&postid=2593
INFO: [ app_init ] --START--
INFO: Run Behavior\BuildLiteBehavior [ RunTime:0.000239s ]
INFO: [ app_init ] --END-- [ RunTime:0.002080s ]
INFO: [ app_begin ] --START--
INFO: Run Behavior\ReadHtmlCacheBehavior [ RunTime:0.001291s ]
INFO: [ app_begin ] --END-- [ RunTime:0.002643s ]
SQL: SHOW COLUMNS FROM `aai_post` [ RunTime:0.0459s ]
SQL: SHOW COLUMNS FROM `aai_post` [ RunTime:0.0454s ]
SQL: SELECT * FROM `aai_post` WHERE `id` = 2593 AND `status` = 'publish' LIMIT 1   [ RunTime:0.0464s ]
SQL: SHOW COLUMNS FROM `aai_comments` [ RunTime:0.0456s ]
SQL: SHOW COLUMNS FROM `aai_comments` [ RunTime:0.0467s ]
SQL: SELECT * FROM `aai_comments` WHERE `comment_post_id` = 2593 ORDER BY comment_id desc   [ RunTime:0.0485s ]
INFO: [ view_parse ] --START--
INFO: [ template_filter ] --START--
INFO: Run Behavior\ContentReplaceBehavior [ RunTime:0.001004s ]
INFO: [ template_filter ] --END-- [ RunTime:0.002289s ]
NOTIC: [8] Undefined index: descirbe E:\code\aainfo\php\ananinfo_web\Application\Runtime\Cache\Home\2ae952bfbc2fd5af8552fdff1c1aa73c.php 第 153 行.
INFO: Run Behavior\ParseTemplateBehavior [ RunTime:0.053766s ]
INFO: [ view_parse ] --END-- [ RunTime:0.055043s ]
INFO: [ view_filter ] --START--
INFO: Run Behavior\WriteHtmlCacheBehavior [ RunTime:0.001207s ]
INFO: [ view_filter ] --END-- [ RunTime:0.002492s ]
INFO: [ app_end ] --START--
INFO: Run Behavior\ShowPageTraceBehavior [ RunTime:0.001287s ]
INFO: [ app_end ] --END-- [ RunTime:0.002502s ]

[ 2016-09-05T16:08:37+08:00 ] 127.0.0.1 /?c=Post&a=detail&postid=2593
INFO: [ app_init ] --START--
INFO: Run Behavior\BuildLiteBehavior [ RunTime:0.000203s ]
INFO: [ app_init ] --END-- [ RunTime:0.001764s ]
INFO: [ app_begin ] --START--
INFO: Run Behavior\ReadHtmlCacheBehavior [ RunTime:0.001272s ]
INFO: [ app_begin ] --END-- [ RunTime:0.002716s ]
SQL: SHOW COLUMNS FROM `aai_post` [ RunTime:0.0453s ]
SQL: SHOW COLUMNS FROM `aai_post` [ RunTime:0.0452s ]
SQL: SELECT * FROM `aai_post` WHERE `id` = 2593 AND `status` = 'publish' LIMIT 1   [ RunTime:0.0456s ]
SQL: SHOW COLUMNS FROM `aai_comments` [ RunTime:0.0446s ]
SQL: SHOW COLUMNS FROM `aai_comments` [ RunTime:0.0446s ]
SQL: SELECT * FROM `aai_comments` WHERE `comment_post_id` = 2593 ORDER BY comment_id desc   [ RunTime:0.0447s ]
INFO: [ view_parse ] --START--
INFO: [ template_filter ] --START--
INFO: Run Behavior\ContentReplaceBehavior [ RunTime:0.000974s ]
INFO: [ template_filter ] --END-- [ RunTime:0.002388s ]
NOTIC: [8] Undefined index: descirbe E:\code\aainfo\php\ananinfo_web\Application\Runtime\Cache\Home\2ae952bfbc2fd5af8552fdff1c1aa73c.php 第 149 行.
INFO: Run Behavior\ParseTemplateBehavior [ RunTime:0.052492s ]
INFO: [ view_parse ] --END-- [ RunTime:0.053715s ]
INFO: [ view_filter ] --START--
INFO: Run Behavior\WriteHtmlCacheBehavior [ RunTime:0.001137s ]
INFO: [ view_filter ] --END-- [ RunTime:0.002360s ]
INFO: [ app_end ] --START--
INFO: Run Behavior\ShowPageTraceBehavior [ RunTime:0.001291s ]
INFO: [ app_end ] --END-- [ RunTime:0.002505s ]

[ 2016-09-05T16:08:55+08:00 ] 127.0.0.1 /?c=Post&a=detail&postid=2593
INFO: [ app_init ] --START--
INFO: Run Behavior\BuildLiteBehavior [ RunTime:0.000408s ]
INFO: [ app_init ] --END-- [ RunTime:0.003732s ]
INFO: [ app_begin ] --START--
INFO: Run Behavior\ReadHtmlCacheBehavior [ RunTime:0.001285s ]
INFO: [ app_begin ] --END-- [ RunTime:0.002623s ]
SQL: SHOW COLUMNS FROM `aai_post` [ RunTime:0.0458s ]
SQL: SHOW COLUMNS FROM `aai_post` [ RunTime:0.0460s ]
SQL: SELECT * FROM `aai_post` WHERE `id` = 2593 AND `status` = 'publish' LIMIT 1   [ RunTime:0.0492s ]
SQL: SHOW COLUMNS FROM `aai_comments` [ RunTime:0.0457s ]
SQL: SHOW COLUMNS FROM `aai_comments` [ RunTime:0.0488s ]
SQL: SELECT * FROM `aai_comments` WHERE `comment_post_id` = 2593 ORDER BY comment_id desc   [ RunTime:0.0451s ]
INFO: [ view_parse ] --START--
INFO: [ template_filter ] --START--
INFO: Run Behavior\ContentReplaceBehavior [ RunTime:0.000966s ]
INFO: [ template_filter ] --END-- [ RunTime:0.002191s ]
NOTIC: [8] Undefined index: descirbe E:\code\aainfo\php\ananinfo_web\Application\Runtime\Cache\Home\2ae952bfbc2fd5af8552fdff1c1aa73c.php 第 149 行.
INFO: Run Behavior\ParseTemplateBehavior [ RunTime:0.061060s ]
INFO: [ view_parse ] --END-- [ RunTime:0.063125s ]
INFO: [ view_filter ] --START--
INFO: Run Behavior\WriteHtmlCacheBehavior [ RunTime:0.000971s ]
INFO: [ view_filter ] --END-- [ RunTime:0.002192s ]
INFO: [ app_end ] --START--
INFO: Run Behavior\ShowPageTraceBehavior [ RunTime:0.001158s ]
INFO: [ app_end ] --END-- [ RunTime:0.002359s ]

