[ 2016-09-02T10:06:52+08:00 ] 127.0.0.1 /
INFO: [ app_init ] --START--
INFO: Run Behavior\BuildLiteBehavior [ RunTime:0.000222s ]
INFO: [ app_init ] --END-- [ RunTime:0.008093s ]
INFO: [ app_begin ] --START--
INFO: Run Behavior\ReadHtmlCacheBehavior [ RunTime:0.001939s ]
INFO: [ app_begin ] --END-- [ RunTime:0.003716s ]
INFO: [ view_parse ] --START--
INFO: [ template_filter ] --START--
INFO: Run Behavior\ContentReplaceBehavior [ RunTime:0.001357s ]
INFO: [ template_filter ] --END-- [ RunTime:0.003140s ]
INFO: Run Behavior\ParseTemplateBehavior [ RunTime:0.242852s ]
INFO: [ view_parse ] --END-- [ RunTime:0.244342s ]
INFO: [ view_filter ] --START--
INFO: Run Behavior\WriteHtmlCacheBehavior [ RunTime:0.001838s ]
INFO: [ view_filter ] --END-- [ RunTime:0.003417s ]
INFO: [ app_end ] --START--
INFO: Run Behavior\ShowPageTraceBehavior [ RunTime:0.001905s ]
INFO: [ app_end ] --END-- [ RunTime:0.003440s ]

[ 2016-09-02T11:38:02+08:00 ] 127.0.0.1 /
INFO: [ app_init ] --START--
INFO: Run Behavior\BuildLiteBehavior [ RunTime:0.000225s ]
INFO: [ app_init ] --END-- [ RunTime:0.014073s ]
INFO: [ app_begin ] --START--
INFO: Run Behavior\ReadHtmlCacheBehavior [ RunTime:0.001600s ]
INFO: [ app_begin ] --END-- [ RunTime:0.002896s ]
SQL: SHOW COLUMNS FROM `aai_post` [ RunTime:0.0464s ]
SQL: SHOW COLUMNS FROM `aai_post` [ RunTime:0.0469s ]
SQL: SELECT * FROM `aai_post` WHERE `hot` = 1 AND `status` = 'publish' ORDER BY id desc  [ RunTime:0.0464s ]
INFO: [ view_parse ] --START--
INFO: [ template_filter ] --START--
INFO: Run Behavior\ContentReplaceBehavior [ RunTime:0.001018s ]
INFO: [ template_filter ] --END-- [ RunTime:0.002276s ]

[ 2016-09-02T11:50:57+08:00 ] 127.0.0.1 /
INFO: [ app_init ] --START--
INFO: Run Behavior\BuildLiteBehavior [ RunTime:0.000212s ]
INFO: [ app_init ] --END-- [ RunTime:0.001989s ]
INFO: [ app_begin ] --START--
INFO: Run Behavior\ReadHtmlCacheBehavior [ RunTime:0.001376s ]
INFO: [ app_begin ] --END-- [ RunTime:0.002674s ]
SQL: SHOW COLUMNS FROM `aai_post` [ RunTime:0.0458s ]
SQL: SHOW COLUMNS FROM `aai_post` [ RunTime:0.0470s ]
SQL: SELECT * FROM `aai_post` WHERE `hot` = 1 AND `status` = 'publish' ORDER BY id desc  [ RunTime:0.0467s ]
INFO: [ view_parse ] --START--
INFO: [ template_filter ] --START--
INFO: Run Behavior\ContentReplaceBehavior [ RunTime:0.001252s ]
INFO: [ template_filter ] --END-- [ RunTime:0.002769s ]
INFO: Run Behavior\ParseTemplateBehavior [ RunTime:0.078209s ]
INFO: [ view_parse ] --END-- [ RunTime:0.080542s ]
INFO: [ view_filter ] --START--
INFO: Run Behavior\WriteHtmlCacheBehavior [ RunTime:0.001100s ]
INFO: [ view_filter ] --END-- [ RunTime:0.002304s ]
NOTIC: [2] Cannot modify header information - headers already sent by (output started at E:\code\aainfo\php\ananinfo_web\Application\Home\Controller\IndexController.class.php:20) E:\code\aainfo\php\ananinfo_web\ThinkPHP\Library\Think\View.class.php 第 91 行.
NOTIC: [2] Cannot modify header information - headers already sent by (output started at E:\code\aainfo\php\ananinfo_web\Application\Home\Controller\IndexController.class.php:20) E:\code\aainfo\php\ananinfo_web\ThinkPHP\Library\Think\View.class.php 第 92 行.
NOTIC: [2] Cannot modify header information - headers already sent by (output started at E:\code\aainfo\php\ananinfo_web\Application\Home\Controller\IndexController.class.php:20) E:\code\aainfo\php\ananinfo_web\ThinkPHP\Library\Think\View.class.php 第 93 行.
INFO: [ app_end ] --START--
INFO: Run Behavior\ShowPageTraceBehavior [ RunTime:0.001376s ]
INFO: [ app_end ] --END-- [ RunTime:0.002660s ]

[ 2016-09-02T11:51:47+08:00 ] 127.0.0.1 /
INFO: [ app_init ] --START--
INFO: Run Behavior\BuildLiteBehavior [ RunTime:0.000212s ]
INFO: [ app_init ] --END-- [ RunTime:0.002033s ]
INFO: [ app_begin ] --START--
INFO: Run Behavior\ReadHtmlCacheBehavior [ RunTime:0.001358s ]
INFO: [ app_begin ] --END-- [ RunTime:0.002649s ]
SQL: SHOW COLUMNS FROM `aai_post` [ RunTime:0.0460s ]
SQL: SHOW COLUMNS FROM `aai_post` [ RunTime:0.0465s ]
SQL: SELECT * FROM `aai_post` WHERE `hot` = 1 AND `status` = 'publish' ORDER BY id desc  [ RunTime:0.0477s ]
INFO: [ view_parse ] --START--
INFO: [ template_filter ] --START--
INFO: Run Behavior\ContentReplaceBehavior [ RunTime:0.001038s ]
INFO: [ template_filter ] --END-- [ RunTime:0.002286s ]
INFO: Run Behavior\ParseTemplateBehavior [ RunTime:0.062408s ]
INFO: [ view_parse ] --END-- [ RunTime:0.064412s ]
INFO: [ view_filter ] --START--
INFO: Run Behavior\WriteHtmlCacheBehavior [ RunTime:0.001127s ]
INFO: [ view_filter ] --END-- [ RunTime:0.002313s ]
NOTIC: [2] Cannot modify header information - headers already sent by (output started at E:\code\aainfo\php\ananinfo_web\Application\Home\Controller\IndexController.class.php:20) E:\code\aainfo\php\ananinfo_web\ThinkPHP\Library\Think\View.class.php 第 91 行.
NOTIC: [2] Cannot modify header information - headers already sent by (output started at E:\code\aainfo\php\ananinfo_web\Application\Home\Controller\IndexController.class.php:20) E:\code\aainfo\php\ananinfo_web\ThinkPHP\Library\Think\View.class.php 第 92 行.
NOTIC: [2] Cannot modify header information - headers already sent by (output started at E:\code\aainfo\php\ananinfo_web\Application\Home\Controller\IndexController.class.php:20) E:\code\aainfo\php\ananinfo_web\ThinkPHP\Library\Think\View.class.php 第 93 行.
INFO: [ app_end ] --START--
INFO: Run Behavior\ShowPageTraceBehavior [ RunTime:0.001230s ]
INFO: [ app_end ] --END-- [ RunTime:0.002442s ]

[ 2016-09-02T11:52:30+08:00 ] 127.0.0.1 /
INFO: [ app_init ] --START--
INFO: Run Behavior\BuildLiteBehavior [ RunTime:0.000232s ]
INFO: [ app_init ] --END-- [ RunTime:0.002032s ]
INFO: [ app_begin ] --START--
INFO: Run Behavior\ReadHtmlCacheBehavior [ RunTime:0.001343s ]
INFO: [ app_begin ] --END-- [ RunTime:0.002637s ]
SQL: SHOW COLUMNS FROM `aai_post` [ RunTime:0.0455s ]
SQL: SHOW COLUMNS FROM `aai_post` [ RunTime:0.0455s ]
SQL: SELECT * FROM `aai_post` WHERE `hot` = 1 AND `status` = 'publish' ORDER BY id desc  [ RunTime:0.0465s ]
INFO: [ view_parse ] --START--
INFO: [ template_filter ] --START--
INFO: Run Behavior\ContentReplaceBehavior [ RunTime:0.001129s ]
INFO: [ template_filter ] --END-- [ RunTime:0.002525s ]
INFO: Run Behavior\ParseTemplateBehavior [ RunTime:0.053764s ]
INFO: [ view_parse ] --END-- [ RunTime:0.055089s ]
INFO: [ view_filter ] --START--
INFO: Run Behavior\WriteHtmlCacheBehavior [ RunTime:0.001206s ]
INFO: [ view_filter ] --END-- [ RunTime:0.002369s ]
NOTIC: [2] Cannot modify header information - headers already sent by (output started at E:\code\aainfo\php\ananinfo_web\Application\Home\Controller\IndexController.class.php:20) E:\code\aainfo\php\ananinfo_web\ThinkPHP\Library\Think\View.class.php 第 91 行.
NOTIC: [2] Cannot modify header information - headers already sent by (output started at E:\code\aainfo\php\ananinfo_web\Application\Home\Controller\IndexController.class.php:20) E:\code\aainfo\php\ananinfo_web\ThinkPHP\Library\Think\View.class.php 第 92 行.
NOTIC: [2] Cannot modify header information - headers already sent by (output started at E:\code\aainfo\php\ananinfo_web\Application\Home\Controller\IndexController.class.php:20) E:\code\aainfo\php\ananinfo_web\ThinkPHP\Library\Think\View.class.php 第 93 行.
INFO: [ app_end ] --START--
INFO: Run Behavior\ShowPageTraceBehavior [ RunTime:0.001477s ]
INFO: [ app_end ] --END-- [ RunTime:0.003089s ]

[ 2016-09-02T13:30:44+08:00 ] 127.0.0.1 /
INFO: [ app_init ] --START--
INFO: Run Behavior\BuildLiteBehavior [ RunTime:0.000470s ]
INFO: [ app_init ] --END-- [ RunTime:0.010701s ]
INFO: [ app_begin ] --START--
INFO: Run Behavior\ReadHtmlCacheBehavior [ RunTime:0.001853s ]
INFO: [ app_begin ] --END-- [ RunTime:0.003452s ]
SQL: SHOW COLUMNS FROM `aai_post` [ RunTime:0.0470s ]
SQL: SHOW COLUMNS FROM `aai_post` [ RunTime:0.0459s ]
SQL: SELECT * FROM `aai_post` WHERE `hot` = 1 AND `status` = 'publish' ORDER BY id desc  [ RunTime:0.0469s ]
INFO: [ view_parse ] --START--
INFO: [ template_filter ] --START--
INFO: Run Behavior\ContentReplaceBehavior [ RunTime:0.000973s ]
INFO: [ template_filter ] --END-- [ RunTime:0.002156s ]
INFO: Run Behavior\ParseTemplateBehavior [ RunTime:0.128093s ]
INFO: [ view_parse ] --END-- [ RunTime:0.129439s ]
INFO: [ view_filter ] --START--
INFO: Run Behavior\WriteHtmlCacheBehavior [ RunTime:0.012053s ]
INFO: [ view_filter ] --END-- [ RunTime:0.013242s ]
INFO: [ app_end ] --START--
INFO: Run Behavior\ShowPageTraceBehavior [ RunTime:0.001376s ]
INFO: [ app_end ] --END-- [ RunTime:0.002606s ]

[ 2016-09-02T13:31:42+08:00 ] 127.0.0.1 /
INFO: [ app_init ] --START--
INFO: Run Behavior\BuildLiteBehavior [ RunTime:0.000223s ]
INFO: [ app_init ] --END-- [ RunTime:0.002049s ]
INFO: [ app_begin ] --START--
INFO: Run Behavior\ReadHtmlCacheBehavior [ RunTime:0.001187s ]
INFO: [ app_begin ] --END-- [ RunTime:0.002467s ]
SQL: SHOW COLUMNS FROM `aai_post` [ RunTime:0.0467s ]
SQL: SHOW COLUMNS FROM `aai_post` [ RunTime:0.0468s ]
SQL: SELECT * FROM `aai_post` WHERE `hot` = 1 AND `status` = 'publish' ORDER BY id desc  [ RunTime:0.0474s ]
INFO: [ view_parse ] --START--
INFO: [ template_filter ] --START--
INFO: Run Behavior\ContentReplaceBehavior [ RunTime:0.000999s ]
INFO: [ template_filter ] --END-- [ RunTime:0.002299s ]
INFO: Run Behavior\ParseTemplateBehavior [ RunTime:0.074112s ]
INFO: [ view_parse ] --END-- [ RunTime:0.076194s ]
INFO: [ view_filter ] --START--
INFO: Run Behavior\WriteHtmlCacheBehavior [ RunTime:0.001438s ]
INFO: [ view_filter ] --END-- [ RunTime:0.002694s ]
INFO: [ app_end ] --START--
INFO: Run Behavior\ShowPageTraceBehavior [ RunTime:0.001234s ]
INFO: [ app_end ] --END-- [ RunTime:0.002528s ]

[ 2016-09-02T13:35:56+08:00 ] 127.0.0.1 /
INFO: [ app_init ] --START--
INFO: Run Behavior\BuildLiteBehavior [ RunTime:0.000316s ]
INFO: [ app_init ] --END-- [ RunTime:0.002455s ]
INFO: [ app_begin ] --START--
INFO: Run Behavior\ReadHtmlCacheBehavior [ RunTime:0.001265s ]
INFO: [ app_begin ] --END-- [ RunTime:0.002658s ]
SQL: SHOW COLUMNS FROM `aai_post` [ RunTime:0.0455s ]
SQL: SHOW COLUMNS FROM `aai_post` [ RunTime:0.0459s ]
SQL: SELECT * FROM `aai_post` WHERE `hot` = 1 AND `status` = 'publish' ORDER BY id desc  [ RunTime:0.0462s ]
INFO: [ view_parse ] --START--
INFO: [ template_filter ] --START--
INFO: Run Behavior\ContentReplaceBehavior [ RunTime:0.001154s ]
INFO: [ template_filter ] --END-- [ RunTime:0.002503s ]
INFO: Run Behavior\ParseTemplateBehavior [ RunTime:0.057034s ]
INFO: [ view_parse ] --END-- [ RunTime:0.058315s ]
INFO: [ view_filter ] --START--
INFO: Run Behavior\WriteHtmlCacheBehavior [ RunTime:0.001444s ]
INFO: [ view_filter ] --END-- [ RunTime:0.002847s ]
INFO: [ app_end ] --START--
INFO: Run Behavior\ShowPageTraceBehavior [ RunTime:0.001193s ]
INFO: [ app_end ] --END-- [ RunTime:0.002442s ]

[ 2016-09-02T13:36:30+08:00 ] 127.0.0.1 /
INFO: [ app_init ] --START--
INFO: Run Behavior\BuildLiteBehavior [ RunTime:0.000271s ]
INFO: [ app_init ] --END-- [ RunTime:0.002020s ]
INFO: [ app_begin ] --START--
INFO: Run Behavior\ReadHtmlCacheBehavior [ RunTime:0.001259s ]
INFO: [ app_begin ] --END-- [ RunTime:0.002497s ]
SQL: SHOW COLUMNS FROM `aai_post` [ RunTime:0.0462s ]
SQL: SHOW COLUMNS FROM `aai_post` [ RunTime:0.0459s ]
SQL: SELECT * FROM `aai_post` WHERE `hot` = 1 AND `status` = 'publish' ORDER BY id desc  [ RunTime:0.0459s ]
INFO: [ view_parse ] --START--
INFO: [ template_filter ] --START--
INFO: Run Behavior\ContentReplaceBehavior [ RunTime:0.001219s ]
INFO: [ template_filter ] --END-- [ RunTime:0.002653s ]
INFO: Run Behavior\ParseTemplateBehavior [ RunTime:0.064890s ]
INFO: [ view_parse ] --END-- [ RunTime:0.066372s ]
INFO: [ view_filter ] --START--
INFO: Run Behavior\WriteHtmlCacheBehavior [ RunTime:0.001080s ]
INFO: [ view_filter ] --END-- [ RunTime:0.002440s ]
INFO: [ app_end ] --START--
INFO: Run Behavior\ShowPageTraceBehavior [ RunTime:0.001170s ]
INFO: [ app_end ] --END-- [ RunTime:0.002375s ]

[ 2016-09-02T13:40:22+08:00 ] 127.0.0.1 /
INFO: [ app_init ] --START--
INFO: Run Behavior\BuildLiteBehavior [ RunTime:0.000386s ]
INFO: [ app_init ] --END-- [ RunTime:0.002328s ]
INFO: [ app_begin ] --START--
INFO: Run Behavior\ReadHtmlCacheBehavior [ RunTime:0.001104s ]
INFO: [ app_begin ] --END-- [ RunTime:0.002441s ]
SQL: SHOW COLUMNS FROM `aai_post` [ RunTime:0.0471s ]
SQL: SHOW COLUMNS FROM `aai_post` [ RunTime:0.0469s ]
SQL: SELECT * FROM `aai_post` WHERE `hot` = 1 AND `status` = 'publish' ORDER BY id desc  [ RunTime:0.0471s ]
INFO: [ view_parse ] --START--
INFO: [ template_filter ] --START--
INFO: Run Behavior\ContentReplaceBehavior [ RunTime:0.001019s ]
INFO: [ template_filter ] --END-- [ RunTime:0.002319s ]
NOTIC: [8] Undefined variable: postid E:\code\aainfo\php\ananinfo_web\Application\Runtime\Cache\Home\2a94b8bda04ff446dcedd42276fc99ee.php 第 123 行.
INFO: Run Behavior\ParseTemplateBehavior [ RunTime:0.080716s ]
INFO: [ view_parse ] --END-- [ RunTime:0.082755s ]
INFO: [ view_filter ] --START--
INFO: Run Behavior\WriteHtmlCacheBehavior [ RunTime:0.001006s ]
INFO: [ view_filter ] --END-- [ RunTime:0.002197s ]
INFO: [ app_end ] --START--
INFO: Run Behavior\ShowPageTraceBehavior [ RunTime:0.001092s ]
INFO: [ app_end ] --END-- [ RunTime:0.002244s ]

[ 2016-09-02T13:43:05+08:00 ] 127.0.0.1 /
INFO: [ app_init ] --START--
INFO: Run Behavior\BuildLiteBehavior [ RunTime:0.000257s ]
INFO: [ app_init ] --END-- [ RunTime:0.002212s ]
INFO: [ app_begin ] --START--
INFO: Run Behavior\ReadHtmlCacheBehavior [ RunTime:0.001351s ]
INFO: [ app_begin ] --END-- [ RunTime:0.002767s ]
SQL: SHOW COLUMNS FROM `aai_post` [ RunTime:0.0471s ]
SQL: SHOW COLUMNS FROM `aai_post` [ RunTime:0.0485s ]
SQL: SELECT * FROM `aai_post` WHERE `hot` = 1 AND `status` = 'publish' ORDER BY id desc  [ RunTime:0.0469s ]
INFO: [ view_parse ] --START--
INFO: [ template_filter ] --START--
INFO: Run Behavior\ContentReplaceBehavior [ RunTime:0.001161s ]
INFO: [ template_filter ] --END-- [ RunTime:0.002677s ]
INFO: Run Behavior\ParseTemplateBehavior [ RunTime:0.071126s ]
INFO: [ view_parse ] --END-- [ RunTime:0.072852s ]
INFO: [ view_filter ] --START--
INFO: Run Behavior\WriteHtmlCacheBehavior [ RunTime:0.001093s ]
INFO: [ view_filter ] --END-- [ RunTime:0.002310s ]
INFO: [ app_end ] --START--
INFO: Run Behavior\ShowPageTraceBehavior [ RunTime:0.001150s ]
INFO: [ app_end ] --END-- [ RunTime:0.002366s ]

[ 2016-09-02T13:54:12+08:00 ] 127.0.0.1 /
INFO: [ app_init ] --START--
INFO: Run Behavior\BuildLiteBehavior [ RunTime:0.000233s ]
INFO: [ app_init ] --END-- [ RunTime:0.001942s ]
INFO: [ app_begin ] --START--
INFO: Run Behavior\ReadHtmlCacheBehavior [ RunTime:0.001730s ]
INFO: [ app_begin ] --END-- [ RunTime:0.003226s ]
SQL: SHOW COLUMNS FROM `aai_post` [ RunTime:0.0483s ]
SQL: SHOW COLUMNS FROM `aai_post` [ RunTime:0.0465s ]
SQL: SELECT * FROM `aai_post` WHERE `hot` = 1 AND `status` = 'publish' ORDER BY id desc  [ RunTime:0.0467s ]
INFO: [ view_parse ] --START--
INFO: [ template_filter ] --START--
INFO: Run Behavior\ContentReplaceBehavior [ RunTime:0.001517s ]
INFO: [ template_filter ] --END-- [ RunTime:0.002795s ]
INFO: Run Behavior\ParseTemplateBehavior [ RunTime:0.056482s ]
INFO: [ view_parse ] --END-- [ RunTime:0.057960s ]
INFO: [ view_filter ] --START--
INFO: Run Behavior\WriteHtmlCacheBehavior [ RunTime:0.001046s ]
INFO: [ view_filter ] --END-- [ RunTime:0.002287s ]
INFO: [ app_end ] --START--
INFO: Run Behavior\ShowPageTraceBehavior [ RunTime:0.001221s ]
INFO: [ app_end ] --END-- [ RunTime:0.002440s ]

[ 2016-09-02T13:56:02+08:00 ] 127.0.0.1 /
INFO: [ app_init ] --START--
INFO: Run Behavior\BuildLiteBehavior [ RunTime:0.000246s ]
INFO: [ app_init ] --END-- [ RunTime:0.002151s ]
INFO: [ app_begin ] --START--
INFO: Run Behavior\ReadHtmlCacheBehavior [ RunTime:0.001338s ]
INFO: [ app_begin ] --END-- [ RunTime:0.002790s ]
SQL: SHOW COLUMNS FROM `aai_post` [ RunTime:0.0469s ]
SQL: SHOW COLUMNS FROM `aai_post` [ RunTime:0.0472s ]
SQL: SELECT * FROM `aai_post` WHERE `hot` = 1 AND `status` = 'publish' ORDER BY id desc  [ RunTime:0.0480s ]
INFO: [ view_parse ] --START--
INFO: [ template_filter ] --START--
INFO: Run Behavior\ContentReplaceBehavior [ RunTime:0.001472s ]
INFO: [ template_filter ] --END-- [ RunTime:0.003180s ]
INFO: Run Behavior\ParseTemplateBehavior [ RunTime:0.116816s ]
INFO: [ view_parse ] --END-- [ RunTime:0.120032s ]
INFO: [ view_filter ] --START--
INFO: Run Behavior\WriteHtmlCacheBehavior [ RunTime:0.001441s ]
INFO: [ view_filter ] --END-- [ RunTime:0.003146s ]
INFO: [ app_end ] --START--
INFO: Run Behavior\ShowPageTraceBehavior [ RunTime:0.001559s ]
INFO: [ app_end ] --END-- [ RunTime:0.003163s ]

[ 2016-09-02T13:56:21+08:00 ] 127.0.0.1 /
INFO: [ app_init ] --START--
INFO: Run Behavior\BuildLiteBehavior [ RunTime:0.000214s ]
INFO: [ app_init ] --END-- [ RunTime:0.001970s ]
INFO: [ app_begin ] --START--
INFO: Run Behavior\ReadHtmlCacheBehavior [ RunTime:0.001294s ]
INFO: [ app_begin ] --END-- [ RunTime:0.002569s ]
SQL: SHOW COLUMNS FROM `aai_post` [ RunTime:0.0459s ]
SQL: SHOW COLUMNS FROM `aai_post` [ RunTime:0.0468s ]
SQL: SELECT * FROM `aai_post` WHERE `hot` = 1 AND `status` = 'publish' ORDER BY id desc  [ RunTime:0.0466s ]
INFO: [ view_parse ] --START--
INFO: [ template_filter ] --START--
INFO: Run Behavior\ContentReplaceBehavior [ RunTime:0.001187s ]
INFO: [ template_filter ] --END-- [ RunTime:0.002484s ]
INFO: Run Behavior\ParseTemplateBehavior [ RunTime:0.059082s ]
INFO: [ view_parse ] --END-- [ RunTime:0.060912s ]
INFO: [ view_filter ] --START--
INFO: Run Behavior\WriteHtmlCacheBehavior [ RunTime:0.001085s ]
INFO: [ view_filter ] --END-- [ RunTime:0.002277s ]
INFO: [ app_end ] --START--
INFO: Run Behavior\ShowPageTraceBehavior [ RunTime:0.001261s ]
INFO: [ app_end ] --END-- [ RunTime:0.002451s ]

[ 2016-09-02T13:57:07+08:00 ] 127.0.0.1 /
INFO: [ app_init ] --START--
INFO: Run Behavior\BuildLiteBehavior [ RunTime:0.000212s ]
INFO: [ app_init ] --END-- [ RunTime:0.001964s ]
INFO: [ app_begin ] --START--
INFO: Run Behavior\ReadHtmlCacheBehavior [ RunTime:0.001444s ]
INFO: [ app_begin ] --END-- [ RunTime:0.002803s ]
SQL: SHOW COLUMNS FROM `aai_post` [ RunTime:0.0478s ]
SQL: SHOW COLUMNS FROM `aai_post` [ RunTime:0.0465s ]
SQL: SELECT * FROM `aai_post` WHERE `hot` = 1 AND `status` = 'publish' ORDER BY id desc  [ RunTime:0.0467s ]
INFO: [ view_parse ] --START--
INFO: [ template_filter ] --START--
INFO: Run Behavior\ContentReplaceBehavior [ RunTime:0.001360s ]
INFO: [ template_filter ] --END-- [ RunTime:0.002922s ]
INFO: Run Behavior\ParseTemplateBehavior [ RunTime:0.098893s ]
INFO: [ view_parse ] --END-- [ RunTime:0.102043s ]
INFO: [ view_filter ] --START--
INFO: Run Behavior\WriteHtmlCacheBehavior [ RunTime:0.001349s ]
INFO: [ view_filter ] --END-- [ RunTime:0.003003s ]
INFO: [ app_end ] --START--
INFO: Run Behavior\ShowPageTraceBehavior [ RunTime:0.001636s ]
INFO: [ app_end ] --END-- [ RunTime:0.003292s ]

[ 2016-09-02T13:57:53+08:00 ] 127.0.0.1 /
INFO: [ app_init ] --START--
INFO: Run Behavior\BuildLiteBehavior [ RunTime:0.000304s ]
INFO: [ app_init ] --END-- [ RunTime:0.002681s ]
INFO: [ app_begin ] --START--
INFO: Run Behavior\ReadHtmlCacheBehavior [ RunTime:0.001284s ]
INFO: [ app_begin ] --END-- [ RunTime:0.002573s ]
SQL: SHOW COLUMNS FROM `aai_post` [ RunTime:0.0510s ]
SQL: SHOW COLUMNS FROM `aai_post` [ RunTime:0.0507s ]
SQL: SELECT * FROM `aai_post` WHERE `hot` = 1 AND `status` = 'publish' ORDER BY id desc  [ RunTime:0.0517s ]
INFO: [ view_parse ] --START--
INFO: [ template_filter ] --START--
INFO: Run Behavior\ContentReplaceBehavior [ RunTime:0.001118s ]
INFO: [ template_filter ] --END-- [ RunTime:0.002508s ]
INFO: Run Behavior\ParseTemplateBehavior [ RunTime:0.070041s ]
INFO: [ view_parse ] --END-- [ RunTime:0.071914s ]
INFO: [ view_filter ] --START--
INFO: Run Behavior\WriteHtmlCacheBehavior [ RunTime:0.001076s ]
INFO: [ view_filter ] --END-- [ RunTime:0.002312s ]
INFO: [ app_end ] --START--
INFO: Run Behavior\ShowPageTraceBehavior [ RunTime:0.001286s ]
INFO: [ app_end ] --END-- [ RunTime:0.002487s ]

[ 2016-09-02T13:58:32+08:00 ] 127.0.0.1 /
INFO: [ app_init ] --START--
INFO: Run Behavior\BuildLiteBehavior [ RunTime:0.000260s ]
INFO: [ app_init ] --END-- [ RunTime:0.002346s ]
INFO: [ app_begin ] --START--
INFO: Run Behavior\ReadHtmlCacheBehavior [ RunTime:0.001510s ]
INFO: [ app_begin ] --END-- [ RunTime:0.002847s ]
SQL: SHOW COLUMNS FROM `aai_post` [ RunTime:0.0468s ]
SQL: SHOW COLUMNS FROM `aai_post` [ RunTime:0.0499s ]
SQL: SELECT * FROM `aai_post` WHERE `hot` = 1 AND `status` = 'publish' ORDER BY id desc  [ RunTime:0.0460s ]
INFO: [ view_parse ] --START--
INFO: [ template_filter ] --START--
INFO: Run Behavior\ContentReplaceBehavior [ RunTime:0.002432s ]
INFO: [ template_filter ] --END-- [ RunTime:0.005616s ]
INFO: Run Behavior\ParseTemplateBehavior [ RunTime:0.102764s ]
INFO: [ view_parse ] --END-- [ RunTime:0.104800s ]
INFO: [ view_filter ] --START--
INFO: Run Behavior\WriteHtmlCacheBehavior [ RunTime:0.001344s ]
INFO: [ view_filter ] --END-- [ RunTime:0.002907s ]
INFO: [ app_end ] --START--
INFO: Run Behavior\ShowPageTraceBehavior [ RunTime:0.001553s ]
INFO: [ app_end ] --END-- [ RunTime:0.003125s ]

[ 2016-09-02T13:58:54+08:00 ] 127.0.0.1 /
INFO: [ app_init ] --START--
INFO: Run Behavior\BuildLiteBehavior [ RunTime:0.000216s ]
INFO: [ app_init ] --END-- [ RunTime:0.001980s ]
INFO: [ app_begin ] --START--
INFO: Run Behavior\ReadHtmlCacheBehavior [ RunTime:0.001281s ]
INFO: [ app_begin ] --END-- [ RunTime:0.002586s ]
SQL: SHOW COLUMNS FROM `aai_post` [ RunTime:0.0459s ]
SQL: SHOW COLUMNS FROM `aai_post` [ RunTime:0.0470s ]
SQL: SELECT * FROM `aai_post` WHERE `hot` = 1 AND `status` = 'publish' ORDER BY id desc  [ RunTime:0.0474s ]
INFO: [ view_parse ] --START--
INFO: [ template_filter ] --START--
INFO: Run Behavior\ContentReplaceBehavior [ RunTime:0.001038s ]
INFO: [ template_filter ] --END-- [ RunTime:0.002250s ]
INFO: Run Behavior\ParseTemplateBehavior [ RunTime:0.070440s ]
INFO: [ view_parse ] --END-- [ RunTime:0.072951s ]
INFO: [ view_filter ] --START--
INFO: Run Behavior\WriteHtmlCacheBehavior [ RunTime:0.001057s ]
INFO: [ view_filter ] --END-- [ RunTime:0.002272s ]
INFO: [ app_end ] --START--
INFO: Run Behavior\ShowPageTraceBehavior [ RunTime:0.001160s ]
INFO: [ app_end ] --END-- [ RunTime:0.002363s ]

[ 2016-09-02T13:59:49+08:00 ] 127.0.0.1 /
INFO: [ app_init ] --START--
INFO: Run Behavior\BuildLiteBehavior [ RunTime:0.000394s ]
INFO: [ app_init ] --END-- [ RunTime:0.003435s ]
INFO: [ app_begin ] --START--
INFO: Run Behavior\ReadHtmlCacheBehavior [ RunTime:0.001270s ]
INFO: [ app_begin ] --END-- [ RunTime:0.002483s ]
SQL: SHOW COLUMNS FROM `aai_post` [ RunTime:0.0482s ]
SQL: SHOW COLUMNS FROM `aai_post` [ RunTime:0.0483s ]
SQL: SELECT * FROM `aai_post` WHERE `hot` = 1 AND `status` = 'publish' ORDER BY id desc  [ RunTime:0.0473s ]
INFO: [ view_parse ] --START--
INFO: [ template_filter ] --START--
INFO: Run Behavior\ContentReplaceBehavior [ RunTime:0.001095s ]
INFO: [ template_filter ] --END-- [ RunTime:0.002573s ]
INFO: Run Behavior\ParseTemplateBehavior [ RunTime:0.057023s ]
INFO: [ view_parse ] --END-- [ RunTime:0.059009s ]
INFO: [ view_filter ] --START--
INFO: Run Behavior\WriteHtmlCacheBehavior [ RunTime:0.001020s ]
INFO: [ view_filter ] --END-- [ RunTime:0.002213s ]
INFO: [ app_end ] --START--
INFO: Run Behavior\ShowPageTraceBehavior [ RunTime:0.001264s ]
INFO: [ app_end ] --END-- [ RunTime:0.002461s ]

[ 2016-09-02T14:00:08+08:00 ] 127.0.0.1 /
INFO: [ app_init ] --START--
INFO: Run Behavior\BuildLiteBehavior [ RunTime:0.000360s ]
INFO: [ app_init ] --END-- [ RunTime:0.003324s ]
INFO: [ app_begin ] --START--
INFO: Run Behavior\ReadHtmlCacheBehavior [ RunTime:0.001181s ]
INFO: [ app_begin ] --END-- [ RunTime:0.002451s ]
SQL: SHOW COLUMNS FROM `aai_post` [ RunTime:0.0461s ]
SQL: SHOW COLUMNS FROM `aai_post` [ RunTime:0.0457s ]
SQL: SELECT * FROM `aai_post` WHERE `hot` = 1 AND `status` = 'publish' ORDER BY id desc  [ RunTime:0.0459s ]
INFO: [ view_parse ] --START--
INFO: [ template_filter ] --START--
INFO: Run Behavior\ContentReplaceBehavior [ RunTime:0.001022s ]
INFO: [ template_filter ] --END-- [ RunTime:0.002223s ]
INFO: Run Behavior\ParseTemplateBehavior [ RunTime:0.062317s ]
INFO: [ view_parse ] --END-- [ RunTime:0.064048s ]
INFO: [ view_filter ] --START--
INFO: Run Behavior\WriteHtmlCacheBehavior [ RunTime:0.001174s ]
INFO: [ view_filter ] --END-- [ RunTime:0.002491s ]
INFO: [ app_end ] --START--
INFO: Run Behavior\ShowPageTraceBehavior [ RunTime:0.001217s ]
INFO: [ app_end ] --END-- [ RunTime:0.002388s ]

[ 2016-09-02T14:01:00+08:00 ] 127.0.0.1 /
INFO: [ app_init ] --START--
INFO: Run Behavior\BuildLiteBehavior [ RunTime:0.000321s ]
INFO: [ app_init ] --END-- [ RunTime:0.002884s ]
INFO: [ app_begin ] --START--
INFO: Run Behavior\ReadHtmlCacheBehavior [ RunTime:0.001135s ]
INFO: [ app_begin ] --END-- [ RunTime:0.002341s ]
SQL: SHOW COLUMNS FROM `aai_post` [ RunTime:0.0470s ]
SQL: SHOW COLUMNS FROM `aai_post` [ RunTime:0.0474s ]
SQL: SELECT * FROM `aai_post` WHERE `hot` = 1 AND `status` = 'publish' ORDER BY id desc  [ RunTime:0.0486s ]
INFO: [ view_parse ] --START--
INFO: [ template_filter ] --START--
INFO: Run Behavior\ContentReplaceBehavior [ RunTime:0.001029s ]
INFO: [ template_filter ] --END-- [ RunTime:0.002232s ]
INFO: Run Behavior\ParseTemplateBehavior [ RunTime:0.089517s ]
INFO: [ view_parse ] --END-- [ RunTime:0.092432s ]
INFO: [ view_filter ] --START--
INFO: Run Behavior\WriteHtmlCacheBehavior [ RunTime:0.001010s ]
INFO: [ view_filter ] --END-- [ RunTime:0.002197s ]
INFO: [ app_end ] --START--
INFO: Run Behavior\ShowPageTraceBehavior [ RunTime:0.001166s ]
INFO: [ app_end ] --END-- [ RunTime:0.002380s ]

[ 2016-09-02T14:01:14+08:00 ] 127.0.0.1 /
INFO: [ app_init ] --START--
INFO: Run Behavior\BuildLiteBehavior [ RunTime:0.000282s ]
INFO: [ app_init ] --END-- [ RunTime:0.002819s ]
INFO: [ app_begin ] --START--
INFO: Run Behavior\ReadHtmlCacheBehavior [ RunTime:0.001401s ]
INFO: [ app_begin ] --END-- [ RunTime:0.002651s ]
SQL: SHOW COLUMNS FROM `aai_post` [ RunTime:0.0451s ]
SQL: SHOW COLUMNS FROM `aai_post` [ RunTime:0.0451s ]
SQL: SELECT * FROM `aai_post` WHERE `hot` = 1 AND `status` = 'publish' ORDER BY id desc  [ RunTime:0.0462s ]
INFO: [ view_parse ] --START--
INFO: [ template_filter ] --START--
INFO: Run Behavior\ContentReplaceBehavior [ RunTime:0.001343s ]
INFO: [ template_filter ] --END-- [ RunTime:0.002906s ]
INFO: Run Behavior\ParseTemplateBehavior [ RunTime:0.063708s ]
INFO: [ view_parse ] --END-- [ RunTime:0.065296s ]
INFO: [ view_filter ] --START--
INFO: Run Behavior\WriteHtmlCacheBehavior [ RunTime:0.001261s ]
INFO: [ view_filter ] --END-- [ RunTime:0.002690s ]
INFO: [ app_end ] --START--
INFO: Run Behavior\ShowPageTraceBehavior [ RunTime:0.001229s ]
INFO: [ app_end ] --END-- [ RunTime:0.002449s ]

[ 2016-09-02T14:04:54+08:00 ] 127.0.0.1 /
INFO: [ app_init ] --START--
INFO: Run Behavior\BuildLiteBehavior [ RunTime:0.000219s ]
INFO: [ app_init ] --END-- [ RunTime:0.001903s ]
INFO: [ app_begin ] --START--
INFO: Run Behavior\ReadHtmlCacheBehavior [ RunTime:0.001177s ]
INFO: [ app_begin ] --END-- [ RunTime:0.002431s ]
SQL: SHOW COLUMNS FROM `aai_post` [ RunTime:0.0469s ]
SQL: SHOW COLUMNS FROM `aai_post` [ RunTime:0.0458s ]
SQL: SELECT * FROM `aai_post` WHERE `hot` = 1 AND `status` = 'publish' ORDER BY id desc  [ RunTime:0.0467s ]
INFO: [ view_parse ] --START--
INFO: [ template_filter ] --START--
INFO: Run Behavior\ContentReplaceBehavior [ RunTime:0.001175s ]
INFO: [ template_filter ] --END-- [ RunTime:0.002453s ]
INFO: Run Behavior\ParseTemplateBehavior [ RunTime:0.053043s ]
INFO: [ view_parse ] --END-- [ RunTime:0.054538s ]
INFO: [ view_filter ] --START--
INFO: Run Behavior\WriteHtmlCacheBehavior [ RunTime:0.001076s ]
INFO: [ view_filter ] --END-- [ RunTime:0.002330s ]
INFO: [ app_end ] --START--
INFO: Run Behavior\ShowPageTraceBehavior [ RunTime:0.001219s ]
INFO: [ app_end ] --END-- [ RunTime:0.002500s ]

[ 2016-09-02T14:05:10+08:00 ] 127.0.0.1 /
INFO: [ app_init ] --START--
INFO: Run Behavior\BuildLiteBehavior [ RunTime:0.000366s ]
INFO: [ app_init ] --END-- [ RunTime:0.003297s ]
INFO: [ app_begin ] --START--
INFO: Run Behavior\ReadHtmlCacheBehavior [ RunTime:0.001228s ]
INFO: [ app_begin ] --END-- [ RunTime:0.002543s ]
SQL: SHOW COLUMNS FROM `aai_post` [ RunTime:0.0465s ]
SQL: SHOW COLUMNS FROM `aai_post` [ RunTime:0.0465s ]
SQL: SELECT * FROM `aai_post` WHERE `hot` = 1 AND `status` = 'publish' ORDER BY id desc  [ RunTime:0.0470s ]
INFO: [ view_parse ] --START--
INFO: [ template_filter ] --START--
INFO: Run Behavior\ContentReplaceBehavior [ RunTime:0.001030s ]
INFO: [ template_filter ] --END-- [ RunTime:0.002281s ]
INFO: Run Behavior\ParseTemplateBehavior [ RunTime:0.049552s ]
INFO: [ view_parse ] --END-- [ RunTime:0.051107s ]
INFO: [ view_filter ] --START--
INFO: Run Behavior\WriteHtmlCacheBehavior [ RunTime:0.001083s ]
INFO: [ view_filter ] --END-- [ RunTime:0.002356s ]
INFO: [ app_end ] --START--
INFO: Run Behavior\ShowPageTraceBehavior [ RunTime:0.001288s ]
INFO: [ app_end ] --END-- [ RunTime:0.002498s ]

[ 2016-09-02T14:05:36+08:00 ] 127.0.0.1 /
INFO: [ app_init ] --START--
INFO: Run Behavior\BuildLiteBehavior [ RunTime:0.000239s ]
INFO: [ app_init ] --END-- [ RunTime:0.002174s ]
INFO: [ app_begin ] --START--
INFO: Run Behavior\ReadHtmlCacheBehavior [ RunTime:0.001317s ]
INFO: [ app_begin ] --END-- [ RunTime:0.002552s ]
SQL: SHOW COLUMNS FROM `aai_post` [ RunTime:0.0464s ]
SQL: SHOW COLUMNS FROM `aai_post` [ RunTime:0.0466s ]
SQL: SELECT * FROM `aai_post` WHERE `hot` = 1 AND `status` = 'publish' ORDER BY id desc  [ RunTime:0.0480s ]
INFO: [ view_parse ] --START--
INFO: [ template_filter ] --START--
INFO: Run Behavior\ContentReplaceBehavior [ RunTime:0.001083s ]
INFO: [ template_filter ] --END-- [ RunTime:0.002340s ]
INFO: Run Behavior\ParseTemplateBehavior [ RunTime:0.073051s ]
INFO: [ view_parse ] --END-- [ RunTime:0.075360s ]
INFO: [ view_filter ] --START--
INFO: Run Behavior\WriteHtmlCacheBehavior [ RunTime:0.001059s ]
INFO: [ view_filter ] --END-- [ RunTime:0.002261s ]
INFO: [ app_end ] --START--
INFO: Run Behavior\ShowPageTraceBehavior [ RunTime:0.001208s ]
INFO: [ app_end ] --END-- [ RunTime:0.002413s ]

[ 2016-09-02T14:06:32+08:00 ] 127.0.0.1 /
INFO: [ app_init ] --START--
INFO: Run Behavior\BuildLiteBehavior [ RunTime:0.000216s ]
INFO: [ app_init ] --END-- [ RunTime:0.001926s ]
INFO: [ app_begin ] --START--
INFO: Run Behavior\ReadHtmlCacheBehavior [ RunTime:0.001210s ]
INFO: [ app_begin ] --END-- [ RunTime:0.002437s ]
SQL: SHOW COLUMNS FROM `aai_post` [ RunTime:0.0464s ]
SQL: SHOW COLUMNS FROM `aai_post` [ RunTime:0.0463s ]
SQL: SELECT * FROM `aai_post` WHERE `hot` = 1 AND `status` = 'publish' ORDER BY id desc  [ RunTime:0.0476s ]
INFO: [ view_parse ] --START--
INFO: [ template_filter ] --START--
INFO: Run Behavior\ContentReplaceBehavior [ RunTime:0.001037s ]
INFO: [ template_filter ] --END-- [ RunTime:0.002391s ]
INFO: Run Behavior\ParseTemplateBehavior [ RunTime:0.074986s ]
INFO: [ view_parse ] --END-- [ RunTime:0.077186s ]
INFO: [ view_filter ] --START--
INFO: Run Behavior\WriteHtmlCacheBehavior [ RunTime:0.001086s ]
INFO: [ view_filter ] --END-- [ RunTime:0.002284s ]
INFO: [ app_end ] --START--
INFO: Run Behavior\ShowPageTraceBehavior [ RunTime:0.001309s ]
INFO: [ app_end ] --END-- [ RunTime:0.002536s ]

[ 2016-09-02T14:36:15+08:00 ] 127.0.0.1 /index.php
INFO: [ app_init ] --START--
INFO: Run Behavior\BuildLiteBehavior [ RunTime:0.000216s ]
INFO: [ app_init ] --END-- [ RunTime:0.001974s ]
INFO: [ app_begin ] --START--
INFO: Run Behavior\ReadHtmlCacheBehavior [ RunTime:0.001311s ]
INFO: [ app_begin ] --END-- [ RunTime:0.002572s ]
SQL: SHOW COLUMNS FROM `aai_post` [ RunTime:0.0461s ]
SQL: SHOW COLUMNS FROM `aai_post` [ RunTime:0.0458s ]
SQL: SELECT * FROM `aai_post` WHERE `hot` = 1 AND `status` = 'publish' ORDER BY id desc  [ RunTime:0.0471s ]
INFO: [ view_parse ] --START--
INFO: [ template_filter ] --START--
INFO: Run Behavior\ContentReplaceBehavior [ RunTime:0.001178s ]
INFO: [ template_filter ] --END-- [ RunTime:0.002469s ]
INFO: Run Behavior\ParseTemplateBehavior [ RunTime:0.069223s ]
INFO: [ view_parse ] --END-- [ RunTime:0.071094s ]
INFO: [ view_filter ] --START--
INFO: Run Behavior\WriteHtmlCacheBehavior [ RunTime:0.001066s ]
INFO: [ view_filter ] --END-- [ RunTime:0.002226s ]
INFO: [ app_end ] --START--
INFO: Run Behavior\ShowPageTraceBehavior [ RunTime:0.001403s ]
INFO: [ app_end ] --END-- [ RunTime:0.002837s ]

[ 2016-09-02T15:27:47+08:00 ] 127.0.0.1 /
INFO: [ app_init ] --START--
INFO: Run Behavior\BuildLiteBehavior [ RunTime:0.000220s ]
INFO: [ app_init ] --END-- [ RunTime:0.001910s ]
INFO: [ app_begin ] --START--
INFO: Run Behavior\ReadHtmlCacheBehavior [ RunTime:0.001164s ]
INFO: [ app_begin ] --END-- [ RunTime:0.002452s ]
SQL: SHOW COLUMNS FROM `aai_post` [ RunTime:0.0493s ]
SQL: SHOW COLUMNS FROM `aai_post` [ RunTime:0.0496s ]
SQL: SELECT * FROM `aai_post` WHERE `hot` = 1 AND `status` = 'publish' ORDER BY id desc  [ RunTime:0.0500s ]
INFO: [ view_parse ] --START--
INFO: [ template_filter ] --START--
INFO: Run Behavior\ContentReplaceBehavior [ RunTime:0.001257s ]
INFO: [ template_filter ] --END-- [ RunTime:0.002643s ]
INFO: Run Behavior\ParseTemplateBehavior [ RunTime:0.063856s ]
INFO: [ view_parse ] --END-- [ RunTime:0.065896s ]
INFO: [ view_filter ] --START--
INFO: Run Behavior\WriteHtmlCacheBehavior [ RunTime:0.001060s ]
INFO: [ view_filter ] --END-- [ RunTime:0.002627s ]
INFO: [ app_end ] --START--
INFO: Run Behavior\ShowPageTraceBehavior [ RunTime:0.001352s ]
INFO: [ app_end ] --END-- [ RunTime:0.002584s ]

[ 2016-09-02T15:28:32+08:00 ] 127.0.0.1 /
INFO: [ app_init ] --START--
INFO: Run Behavior\BuildLiteBehavior [ RunTime:0.000251s ]
INFO: [ app_init ] --END-- [ RunTime:0.002149s ]
INFO: [ app_begin ] --START--
INFO: Run Behavior\ReadHtmlCacheBehavior [ RunTime:0.001246s ]
INFO: [ app_begin ] --END-- [ RunTime:0.002637s ]
SQL: SHOW COLUMNS FROM `aai_post` [ RunTime:0.0463s ]
SQL: SHOW COLUMNS FROM `aai_post` [ RunTime:0.0469s ]
SQL: SELECT * FROM `aai_post` WHERE `hot` = 1 AND `status` = 'publish' ORDER BY id desc  [ RunTime:0.0474s ]
INFO: [ view_parse ] --START--
INFO: [ template_filter ] --START--
INFO: Run Behavior\ContentReplaceBehavior [ RunTime:0.001091s ]
INFO: [ template_filter ] --END-- [ RunTime:0.002799s ]
INFO: Run Behavior\ParseTemplateBehavior [ RunTime:0.078136s ]
INFO: [ view_parse ] --END-- [ RunTime:0.080088s ]
INFO: [ view_filter ] --START--
INFO: Run Behavior\WriteHtmlCacheBehavior [ RunTime:0.001100s ]
INFO: [ view_filter ] --END-- [ RunTime:0.002409s ]
INFO: [ app_end ] --START--
INFO: Run Behavior\ShowPageTraceBehavior [ RunTime:0.001407s ]
INFO: [ app_end ] --END-- [ RunTime:0.002988s ]

[ 2016-09-02T16:54:00+08:00 ] 127.0.0.1 /
INFO: [ app_init ] --START--
INFO: Run Behavior\BuildLiteBehavior [ RunTime:0.000330s ]
INFO: [ app_init ] --END-- [ RunTime:0.002221s ]
INFO: [ app_begin ] --START--
INFO: Run Behavior\ReadHtmlCacheBehavior [ RunTime:0.001176s ]
INFO: [ app_begin ] --END-- [ RunTime:0.002743s ]

[ 2016-09-02T16:55:16+08:00 ] 127.0.0.1 /
INFO: [ app_init ] --START--
INFO: Run Behavior\BuildLiteBehavior [ RunTime:0.000214s ]
INFO: [ app_init ] --END-- [ RunTime:0.001926s ]
INFO: [ app_begin ] --START--
INFO: Run Behavior\ReadHtmlCacheBehavior [ RunTime:0.001192s ]
INFO: [ app_begin ] --END-- [ RunTime:0.002480s ]

[ 2016-09-02T16:55:22+08:00 ] 127.0.0.1 /
INFO: [ app_init ] --START--
INFO: Run Behavior\BuildLiteBehavior [ RunTime:0.000246s ]
INFO: [ app_init ] --END-- [ RunTime:0.002029s ]
INFO: [ app_begin ] --START--
INFO: Run Behavior\ReadHtmlCacheBehavior [ RunTime:0.001412s ]
INFO: [ app_begin ] --END-- [ RunTime:0.003029s ]

[ 2016-09-02T16:55:44+08:00 ] 127.0.0.1 /
INFO: [ app_init ] --START--
INFO: Run Behavior\BuildLiteBehavior [ RunTime:0.000236s ]
INFO: [ app_init ] --END-- [ RunTime:0.002171s ]
INFO: [ app_begin ] --START--
INFO: Run Behavior\ReadHtmlCacheBehavior [ RunTime:0.001294s ]
INFO: [ app_begin ] --END-- [ RunTime:0.002669s ]
SQL: SHOW COLUMNS FROM `aai_post` [ RunTime:0.0468s ]
SQL: SHOW COLUMNS FROM `aai_post` [ RunTime:0.0459s ]
SQL: SELECT * FROM `aai_post` WHERE `hot` = 1 AND `status` = 'publish' ORDER BY id desc  [ RunTime:0.0461s ]
INFO: [ view_parse ] --START--
INFO: [ template_filter ] --START--
INFO: Run Behavior\ContentReplaceBehavior [ RunTime:0.001053s ]
INFO: [ template_filter ] --END-- [ RunTime:0.002304s ]
INFO: Run Behavior\ParseTemplateBehavior [ RunTime:0.051548s ]
INFO: [ view_parse ] --END-- [ RunTime:0.052845s ]
INFO: [ view_filter ] --START--
INFO: Run Behavior\WriteHtmlCacheBehavior [ RunTime:0.001062s ]
INFO: [ view_filter ] --END-- [ RunTime:0.002758s ]
INFO: [ app_end ] --START--
INFO: Run Behavior\ShowPageTraceBehavior [ RunTime:0.001296s ]
INFO: [ app_end ] --END-- [ RunTime:0.002502s ]

[ 2016-09-02T16:55:53+08:00 ] 127.0.0.1 /
INFO: [ app_init ] --START--
INFO: Run Behavior\BuildLiteBehavior [ RunTime:0.000225s ]
INFO: [ app_init ] --END-- [ RunTime:0.002006s ]
INFO: [ app_begin ] --START--
INFO: Run Behavior\ReadHtmlCacheBehavior [ RunTime:0.001243s ]
INFO: [ app_begin ] --END-- [ RunTime:0.002560s ]
SQL: SHOW COLUMNS FROM `aai_post` [ RunTime:0.0479s ]
SQL: SHOW COLUMNS FROM `aai_post` [ RunTime:0.0461s ]
SQL: SELECT * FROM `aai_post` WHERE `hot` = 1 AND `status` = 'publish' ORDER BY id desc  [ RunTime:0.0468s ]
INFO: [ view_parse ] --START--
INFO: [ template_filter ] --START--
INFO: Run Behavior\ContentReplaceBehavior [ RunTime:0.001511s ]
INFO: [ template_filter ] --END-- [ RunTime:0.003034s ]
INFO: Run Behavior\ParseTemplateBehavior [ RunTime:0.102390s ]
INFO: [ view_parse ] --END-- [ RunTime:0.103633s ]
INFO: [ view_filter ] --START--
INFO: Run Behavior\WriteHtmlCacheBehavior [ RunTime:0.008838s ]
INFO: [ view_filter ] --END-- [ RunTime:0.010111s ]
INFO: [ app_end ] --START--
INFO: Run Behavior\ShowPageTraceBehavior [ RunTime:0.002899s ]
INFO: [ app_end ] --END-- [ RunTime:0.004111s ]

[ 2016-09-02T17:13:55+08:00 ] 127.0.0.1 /
INFO: [ app_init ] --START--
INFO: Run Behavior\BuildLiteBehavior [ RunTime:0.000290s ]
INFO: [ app_init ] --END-- [ RunTime:0.013177s ]
INFO: [ app_begin ] --START--
INFO: Run Behavior\ReadHtmlCacheBehavior [ RunTime:0.041212s ]
INFO: [ app_begin ] --END-- [ RunTime:0.044099s ]
SQL: SHOW COLUMNS FROM `aai_post` [ RunTime:0.0481s ]
SQL: SHOW COLUMNS FROM `aai_post` [ RunTime:0.0473s ]
SQL: SELECT * FROM `aai_post` WHERE `hot` = 1 AND `status` = 'publish' ORDER BY id desc  [ RunTime:0.0471s ]
INFO: [ view_parse ] --START--
INFO: [ template_filter ] --START--
INFO: Run Behavior\ContentReplaceBehavior [ RunTime:0.002706s ]
INFO: [ template_filter ] --END-- [ RunTime:0.005816s ]
INFO: Run Behavior\ParseTemplateBehavior [ RunTime:0.197650s ]
INFO: [ view_parse ] --END-- [ RunTime:0.199726s ]
INFO: [ view_filter ] --START--
INFO: Run Behavior\WriteHtmlCacheBehavior [ RunTime:0.001803s ]
INFO: [ view_filter ] --END-- [ RunTime:0.004173s ]
INFO: [ app_end ] --START--
INFO: Run Behavior\ShowPageTraceBehavior [ RunTime:0.009608s ]
INFO: [ app_end ] --END-- [ RunTime:0.011387s ]

[ 2016-09-02T17:14:06+08:00 ] 127.0.0.1 /index.php
INFO: [ app_init ] --START--
INFO: Run Behavior\BuildLiteBehavior [ RunTime:0.000219s ]
INFO: [ app_init ] --END-- [ RunTime:0.002053s ]
INFO: [ app_begin ] --START--
INFO: Run Behavior\ReadHtmlCacheBehavior [ RunTime:0.001213s ]
INFO: [ app_begin ] --END-- [ RunTime:0.002453s ]
SQL: SHOW COLUMNS FROM `aai_post` [ RunTime:0.0482s ]
SQL: SHOW COLUMNS FROM `aai_post` [ RunTime:0.0533s ]
SQL: SELECT * FROM `aai_post` WHERE `hot` = 1 AND `status` = 'publish' ORDER BY id desc  [ RunTime:0.0463s ]
INFO: [ view_parse ] --START--
INFO: [ template_filter ] --START--
INFO: Run Behavior\ContentReplaceBehavior [ RunTime:0.001034s ]
INFO: [ template_filter ] --END-- [ RunTime:0.002387s ]
INFO: Run Behavior\ParseTemplateBehavior [ RunTime:0.051041s ]
INFO: [ view_parse ] --END-- [ RunTime:0.052326s ]
INFO: [ view_filter ] --START--
INFO: Run Behavior\WriteHtmlCacheBehavior [ RunTime:0.000950s ]
INFO: [ view_filter ] --END-- [ RunTime:0.002147s ]
INFO: [ app_end ] --START--
INFO: Run Behavior\ShowPageTraceBehavior [ RunTime:0.001316s ]
INFO: [ app_end ] --END-- [ RunTime:0.002596s ]

[ 2016-09-02T17:25:31+08:00 ] 127.0.0.1 /index.php
INFO: [ app_init ] --START--
INFO: Run Behavior\BuildLiteBehavior [ RunTime:0.000226s ]
INFO: [ app_init ] --END-- [ RunTime:0.002054s ]
INFO: [ app_begin ] --START--
INFO: Run Behavior\ReadHtmlCacheBehavior [ RunTime:0.001210s ]
INFO: [ app_begin ] --END-- [ RunTime:0.002450s ]
SQL: SHOW COLUMNS FROM `aai_post` [ RunTime:0.0466s ]
SQL: SHOW COLUMNS FROM `aai_post` [ RunTime:0.0455s ]
SQL: SELECT * FROM `aai_post` WHERE `hot` = 1 AND `status` = 'publish' ORDER BY id desc  [ RunTime:0.0467s ]
INFO: [ view_parse ] --START--
INFO: [ template_filter ] --START--
INFO: Run Behavior\ContentReplaceBehavior [ RunTime:0.001007s ]
INFO: [ template_filter ] --END-- [ RunTime:0.002221s ]
INFO: Run Behavior\ParseTemplateBehavior [ RunTime:0.073381s ]
INFO: [ view_parse ] --END-- [ RunTime:0.075629s ]
INFO: [ view_filter ] --START--
INFO: Run Behavior\WriteHtmlCacheBehavior [ RunTime:0.001054s ]
INFO: [ view_filter ] --END-- [ RunTime:0.002216s ]
INFO: [ app_end ] --START--
INFO: Run Behavior\ShowPageTraceBehavior [ RunTime:0.001103s ]
INFO: [ app_end ] --END-- [ RunTime:0.002278s ]

[ 2016-09-02T17:28:04+08:00 ] 127.0.0.1 /
INFO: [ app_init ] --START--
INFO: Run Behavior\BuildLiteBehavior [ RunTime:0.000210s ]
INFO: [ app_init ] --END-- [ RunTime:0.001959s ]
INFO: [ app_begin ] --START--
INFO: Run Behavior\ReadHtmlCacheBehavior [ RunTime:0.001240s ]
INFO: [ app_begin ] --END-- [ RunTime:0.002556s ]
SQL: SHOW COLUMNS FROM `aai_post` [ RunTime:0.0457s ]
SQL: SHOW COLUMNS FROM `aai_post` [ RunTime:0.0461s ]
SQL: SELECT * FROM `aai_post` WHERE `hot` = 1 AND `status` = 'publish' ORDER BY id desc  [ RunTime:0.0477s ]
INFO: [ view_parse ] --START--
INFO: [ template_filter ] --START--
INFO: Run Behavior\ContentReplaceBehavior [ RunTime:0.001464s ]
INFO: [ template_filter ] --END-- [ RunTime:0.003478s ]
INFO: Run Behavior\ParseTemplateBehavior [ RunTime:0.113395s ]
INFO: [ view_parse ] --END-- [ RunTime:0.116654s ]
INFO: [ view_filter ] --START--
INFO: Run Behavior\WriteHtmlCacheBehavior [ RunTime:0.001438s ]
INFO: [ view_filter ] --END-- [ RunTime:0.002988s ]
INFO: [ app_end ] --START--
INFO: Run Behavior\ShowPageTraceBehavior [ RunTime:0.001208s ]
INFO: [ app_end ] --END-- [ RunTime:0.002461s ]

[ 2016-09-02T17:28:04+08:00 ] 127.0.0.1 /
INFO: [ app_init ] --START--
INFO: Run Behavior\BuildLiteBehavior [ RunTime:0.000229s ]
INFO: [ app_init ] --END-- [ RunTime:0.002061s ]
INFO: [ app_begin ] --START--
INFO: Run Behavior\ReadHtmlCacheBehavior [ RunTime:0.001228s ]
INFO: [ app_begin ] --END-- [ RunTime:0.002534s ]
SQL: SHOW COLUMNS FROM `aai_post` [ RunTime:0.0507s ]
SQL: SHOW COLUMNS FROM `aai_post` [ RunTime:0.0509s ]
SQL: SELECT * FROM `aai_post` WHERE `hot` = 1 AND `status` = 'publish' ORDER BY id desc  [ RunTime:0.0515s ]
INFO: [ view_parse ] --START--
INFO: [ template_filter ] --START--
INFO: Run Behavior\ContentReplaceBehavior [ RunTime:0.001107s ]
INFO: [ template_filter ] --END-- [ RunTime:0.002437s ]
INFO: Run Behavior\ParseTemplateBehavior [ RunTime:0.082124s ]
INFO: [ view_parse ] --END-- [ RunTime:0.085263s ]
INFO: [ view_filter ] --START--
INFO: Run Behavior\WriteHtmlCacheBehavior [ RunTime:0.001097s ]
INFO: [ view_filter ] --END-- [ RunTime:0.002327s ]
INFO: [ app_end ] --START--
INFO: Run Behavior\ShowPageTraceBehavior [ RunTime:0.001180s ]
INFO: [ app_end ] --END-- [ RunTime:0.002388s ]

[ 2016-09-02T17:28:06+08:00 ] 127.0.0.1 /?c=Post&a=detail&postid=2585
INFO: [ app_init ] --START--
INFO: Run Behavior\BuildLiteBehavior [ RunTime:0.000221s ]
INFO: [ app_init ] --END-- [ RunTime:0.001984s ]
INFO: [ app_begin ] --START--
INFO: Run Behavior\ReadHtmlCacheBehavior [ RunTime:0.001179s ]
INFO: [ app_begin ] --END-- [ RunTime:0.002430s ]
SQL: SHOW COLUMNS FROM `aai_post` [ RunTime:0.0469s ]
SQL: SHOW COLUMNS FROM `aai_post` [ RunTime:0.0462s ]
SQL: SELECT * FROM `aai_post` WHERE `id` = 2585 AND `status` = 'publish' LIMIT 1   [ RunTime:0.0464s ]
INFO: [ view_parse ] --START--
INFO: [ template_filter ] --START--
INFO: Run Behavior\ContentReplaceBehavior [ RunTime:0.000995s ]
INFO: [ template_filter ] --END-- [ RunTime:0.002317s ]
INFO: Run Behavior\ParseTemplateBehavior [ RunTime:0.031857s ]
INFO: [ view_parse ] --END-- [ RunTime:0.033120s ]
INFO: [ view_filter ] --START--
INFO: Run Behavior\WriteHtmlCacheBehavior [ RunTime:0.001434s ]
INFO: [ view_filter ] --END-- [ RunTime:0.002773s ]
INFO: [ app_end ] --START--
INFO: Run Behavior\ShowPageTraceBehavior [ RunTime:0.001290s ]
INFO: [ app_end ] --END-- [ RunTime:0.002533s ]

[ 2016-09-02T17:36:23+08:00 ] 127.0.0.1 /
INFO: [ app_init ] --START--
INFO: Run Behavior\BuildLiteBehavior [ RunTime:0.000235s ]
INFO: [ app_init ] --END-- [ RunTime:0.002058s ]
INFO: [ app_begin ] --START--
INFO: Run Behavior\ReadHtmlCacheBehavior [ RunTime:0.001258s ]
INFO: [ app_begin ] --END-- [ RunTime:0.002533s ]
SQL: SHOW COLUMNS FROM `aai_post` [ RunTime:0.0461s ]
SQL: SHOW COLUMNS FROM `aai_post` [ RunTime:0.0457s ]
SQL: SELECT * FROM `aai_post` WHERE `hot` = 1 AND `status` = 'publish' ORDER BY id desc  [ RunTime:0.0467s ]
INFO: [ view_parse ] --START--
INFO: [ template_filter ] --START--
INFO: Run Behavior\ContentReplaceBehavior [ RunTime:0.001055s ]
INFO: [ template_filter ] --END-- [ RunTime:0.002514s ]
INFO: Run Behavior\ParseTemplateBehavior [ RunTime:0.067457s ]
INFO: [ view_parse ] --END-- [ RunTime:0.069508s ]
INFO: [ view_filter ] --START--
INFO: Run Behavior\WriteHtmlCacheBehavior [ RunTime:0.001083s ]
INFO: [ view_filter ] --END-- [ RunTime:0.002370s ]
INFO: [ app_end ] --START--
INFO: Run Behavior\ShowPageTraceBehavior [ RunTime:0.001142s ]
INFO: [ app_end ] --END-- [ RunTime:0.002322s ]

[ 2016-09-02T17:36:25+08:00 ] 127.0.0.1 /?c=Post&a=detail&postid=2585
INFO: [ app_init ] --START--
INFO: Run Behavior\BuildLiteBehavior [ RunTime:0.000232s ]
INFO: [ app_init ] --END-- [ RunTime:0.001978s ]
INFO: [ app_begin ] --START--
INFO: Run Behavior\ReadHtmlCacheBehavior [ RunTime:0.001172s ]
INFO: [ app_begin ] --END-- [ RunTime:0.002444s ]
SQL: SHOW COLUMNS FROM `aai_post` [ RunTime:0.0451s ]
SQL: SHOW COLUMNS FROM `aai_post` [ RunTime:0.0456s ]
SQL: SELECT * FROM `aai_post` WHERE `id` = 2585 AND `status` = 'publish' LIMIT 1   [ RunTime:0.0463s ]
INFO: [ view_parse ] --START--
INFO: [ template_filter ] --START--
INFO: Run Behavior\ContentReplaceBehavior [ RunTime:0.000923s ]
INFO: [ template_filter ] --END-- [ RunTime:0.002199s ]
INFO: Run Behavior\ParseTemplateBehavior [ RunTime:0.025335s ]
INFO: [ view_parse ] --END-- [ RunTime:0.026527s ]
INFO: [ view_filter ] --START--
INFO: Run Behavior\WriteHtmlCacheBehavior [ RunTime:0.001185s ]
INFO: [ view_filter ] --END-- [ RunTime:0.002407s ]
INFO: [ app_end ] --START--
INFO: Run Behavior\ShowPageTraceBehavior [ RunTime:0.001304s ]
INFO: [ app_end ] --END-- [ RunTime:0.002541s ]

[ 2016-09-02T17:43:46+08:00 ] 127.0.0.1 /?c=Post&a=detail&postid=2585
INFO: [ app_init ] --START--
INFO: Run Behavior\BuildLiteBehavior [ RunTime:0.000247s ]
INFO: [ app_init ] --END-- [ RunTime:0.002071s ]
INFO: [ app_begin ] --START--
INFO: Run Behavior\ReadHtmlCacheBehavior [ RunTime:0.001201s ]
INFO: [ app_begin ] --END-- [ RunTime:0.002498s ]
SQL: SHOW COLUMNS FROM `aai_post` [ RunTime:0.0459s ]
SQL: SHOW COLUMNS FROM `aai_post` [ RunTime:0.0456s ]
SQL: SELECT * FROM `aai_post` WHERE `id` = 2585 AND `status` = 'publish' LIMIT 1   [ RunTime:0.0462s ]
INFO: [ view_parse ] --START--
INFO: [ template_filter ] --START--
INFO: Run Behavior\ContentReplaceBehavior [ RunTime:0.000891s ]
INFO: [ template_filter ] --END-- [ RunTime:0.002167s ]
INFO: Run Behavior\ParseTemplateBehavior [ RunTime:0.027138s ]
INFO: [ view_parse ] --END-- [ RunTime:0.028314s ]
INFO: [ view_filter ] --START--
INFO: Run Behavior\WriteHtmlCacheBehavior [ RunTime:0.001009s ]
INFO: [ view_filter ] --END-- [ RunTime:0.002218s ]
INFO: [ app_end ] --START--
INFO: Run Behavior\ShowPageTraceBehavior [ RunTime:0.001180s ]
INFO: [ app_end ] --END-- [ RunTime:0.002344s ]

[ 2016-09-02T17:43:50+08:00 ] 127.0.0.1 /?c=Post&a=detail&postid=2585
INFO: [ app_init ] --START--
INFO: Run Behavior\BuildLiteBehavior [ RunTime:0.000218s ]
INFO: [ app_init ] --END-- [ RunTime:0.001905s ]
INFO: [ app_begin ] --START--
INFO: Run Behavior\ReadHtmlCacheBehavior [ RunTime:0.001568s ]
INFO: [ app_begin ] --END-- [ RunTime:0.002946s ]
SQL: SHOW COLUMNS FROM `aai_post` [ RunTime:0.0498s ]
SQL: SHOW COLUMNS FROM `aai_post` [ RunTime:0.0498s ]
SQL: SELECT * FROM `aai_post` WHERE `id` = 2585 AND `status` = 'publish' LIMIT 1   [ RunTime:0.0508s ]
INFO: [ view_parse ] --START--
INFO: [ template_filter ] --START--
INFO: Run Behavior\ContentReplaceBehavior [ RunTime:0.000975s ]
INFO: [ template_filter ] --END-- [ RunTime:0.002559s ]
INFO: Run Behavior\ParseTemplateBehavior [ RunTime:0.036536s ]
INFO: [ view_parse ] --END-- [ RunTime:0.038437s ]
INFO: [ view_filter ] --START--
INFO: Run Behavior\WriteHtmlCacheBehavior [ RunTime:0.000966s ]
INFO: [ view_filter ] --END-- [ RunTime:0.002122s ]
INFO: [ app_end ] --START--
INFO: Run Behavior\ShowPageTraceBehavior [ RunTime:0.001240s ]
INFO: [ app_end ] --END-- [ RunTime:0.002728s ]

[ 2016-09-02T17:45:35+08:00 ] 127.0.0.1 /?c=Post&a=detail&postid=2585
INFO: [ app_init ] --START--
INFO: Run Behavior\BuildLiteBehavior [ RunTime:0.000224s ]
INFO: [ app_init ] --END-- [ RunTime:0.001971s ]
INFO: [ app_begin ] --START--
INFO: Run Behavior\ReadHtmlCacheBehavior [ RunTime:0.001316s ]
INFO: [ app_begin ] --END-- [ RunTime:0.002690s ]
SQL: SHOW COLUMNS FROM `aai_post` [ RunTime:0.0458s ]
SQL: SHOW COLUMNS FROM `aai_post` [ RunTime:0.0462s ]
SQL: SELECT * FROM `aai_post` WHERE `id` = 2585 AND `status` = 'publish' LIMIT 1   [ RunTime:0.0471s ]
INFO: [ view_parse ] --START--
INFO: [ template_filter ] --START--
INFO: Run Behavior\ContentReplaceBehavior [ RunTime:0.002787s ]
INFO: [ template_filter ] --END-- [ RunTime:0.006533s ]
INFO: Run Behavior\ParseTemplateBehavior [ RunTime:0.076479s ]
INFO: [ view_parse ] --END-- [ RunTime:0.078486s ]
INFO: [ view_filter ] --START--
INFO: Run Behavior\WriteHtmlCacheBehavior [ RunTime:0.001127s ]
INFO: [ view_filter ] --END-- [ RunTime:0.002520s ]
INFO: [ app_end ] --START--
INFO: Run Behavior\ShowPageTraceBehavior [ RunTime:0.001403s ]
INFO: [ app_end ] --END-- [ RunTime:0.002918s ]

[ 2016-09-02T17:51:57+08:00 ] 127.0.0.1 /
INFO: [ app_init ] --START--
INFO: Run Behavior\BuildLiteBehavior [ RunTime:0.000216s ]
INFO: [ app_init ] --END-- [ RunTime:0.001987s ]
INFO: [ app_begin ] --START--
INFO: Run Behavior\ReadHtmlCacheBehavior [ RunTime:0.001111s ]
INFO: [ app_begin ] --END-- [ RunTime:0.002309s ]
SQL: SHOW COLUMNS FROM `aai_post` [ RunTime:0.0468s ]
SQL: SHOW COLUMNS FROM `aai_post` [ RunTime:0.0466s ]
SQL: SELECT * FROM `aai_post` WHERE `hot` = 1 AND `status` = 'publish' ORDER BY id desc  [ RunTime:0.0475s ]
INFO: [ view_parse ] --START--
INFO: [ template_filter ] --START--
INFO: Run Behavior\ContentReplaceBehavior [ RunTime:0.001135s ]
INFO: [ template_filter ] --END-- [ RunTime:0.002588s ]
INFO: Run Behavior\ParseTemplateBehavior [ RunTime:0.052758s ]
INFO: [ view_parse ] --END-- [ RunTime:0.054020s ]
INFO: [ view_filter ] --START--
INFO: Run Behavior\WriteHtmlCacheBehavior [ RunTime:0.001118s ]
INFO: [ view_filter ] --END-- [ RunTime:0.002358s ]
INFO: [ app_end ] --START--
INFO: Run Behavior\ShowPageTraceBehavior [ RunTime:0.001216s ]
INFO: [ app_end ] --END-- [ RunTime:0.002606s ]

[ 2016-09-02T17:51:58+08:00 ] 127.0.0.1 /
INFO: [ app_init ] --START--
INFO: Run Behavior\BuildLiteBehavior [ RunTime:0.000222s ]
INFO: [ app_init ] --END-- [ RunTime:0.001963s ]
INFO: [ app_begin ] --START--
INFO: Run Behavior\ReadHtmlCacheBehavior [ RunTime:0.001092s ]
INFO: [ app_begin ] --END-- [ RunTime:0.002322s ]
SQL: SHOW COLUMNS FROM `aai_post` [ RunTime:0.0462s ]
SQL: SHOW COLUMNS FROM `aai_post` [ RunTime:0.0463s ]
SQL: SELECT * FROM `aai_post` WHERE `hot` = 1 AND `status` = 'publish' ORDER BY id desc  [ RunTime:0.0464s ]
INFO: [ view_parse ] --START--
INFO: [ template_filter ] --START--
INFO: Run Behavior\ContentReplaceBehavior [ RunTime:0.000979s ]
INFO: [ template_filter ] --END-- [ RunTime:0.002226s ]
INFO: Run Behavior\ParseTemplateBehavior [ RunTime:0.072400s ]
INFO: [ view_parse ] --END-- [ RunTime:0.074733s ]
INFO: [ view_filter ] --START--
INFO: Run Behavior\WriteHtmlCacheBehavior [ RunTime:0.001033s ]
INFO: [ view_filter ] --END-- [ RunTime:0.002648s ]
INFO: [ app_end ] --START--
INFO: Run Behavior\ShowPageTraceBehavior [ RunTime:0.001201s ]
INFO: [ app_end ] --END-- [ RunTime:0.002392s ]

[ 2016-09-02T17:52:00+08:00 ] 127.0.0.1 /index.php
INFO: [ app_init ] --START--
INFO: Run Behavior\BuildLiteBehavior [ RunTime:0.000224s ]
INFO: [ app_init ] --END-- [ RunTime:0.001959s ]
INFO: [ app_begin ] --START--
INFO: Run Behavior\ReadHtmlCacheBehavior [ RunTime:0.001214s ]
INFO: [ app_begin ] --END-- [ RunTime:0.002539s ]
SQL: SHOW COLUMNS FROM `aai_post` [ RunTime:0.0460s ]
SQL: SHOW COLUMNS FROM `aai_post` [ RunTime:0.0465s ]
SQL: SELECT * FROM `aai_post` WHERE `hot` = 1 AND `status` = 'publish' ORDER BY id desc  [ RunTime:0.0460s ]
INFO: [ view_parse ] --START--
INFO: [ template_filter ] --START--
INFO: Run Behavior\ContentReplaceBehavior [ RunTime:0.001138s ]
INFO: [ template_filter ] --END-- [ RunTime:0.002451s ]
INFO: Run Behavior\ParseTemplateBehavior [ RunTime:0.051749s ]
INFO: [ view_parse ] --END-- [ RunTime:0.052985s ]
INFO: [ view_filter ] --START--
INFO: Run Behavior\WriteHtmlCacheBehavior [ RunTime:0.001072s ]
INFO: [ view_filter ] --END-- [ RunTime:0.002352s ]
INFO: [ app_end ] --START--
INFO: Run Behavior\ShowPageTraceBehavior [ RunTime:0.001414s ]
INFO: [ app_end ] --END-- [ RunTime:0.002741s ]

[ 2016-09-02T17:52:05+08:00 ] 127.0.0.1 /?c=Post&a=detail&postid=2585
INFO: [ app_init ] --START--
INFO: Run Behavior\BuildLiteBehavior [ RunTime:0.000281s ]
INFO: [ app_init ] --END-- [ RunTime:0.002081s ]
INFO: [ app_begin ] --START--
INFO: Run Behavior\ReadHtmlCacheBehavior [ RunTime:0.001086s ]
INFO: [ app_begin ] --END-- [ RunTime:0.002348s ]
SQL: SHOW COLUMNS FROM `aai_post` [ RunTime:0.0461s ]
SQL: SHOW COLUMNS FROM `aai_post` [ RunTime:0.0453s ]
SQL: SELECT * FROM `aai_post` WHERE `id` = 2585 AND `status` = 'publish' LIMIT 1   [ RunTime:0.0464s ]
INFO: [ view_parse ] --START--
INFO: [ template_filter ] --START--
INFO: Run Behavior\ContentReplaceBehavior [ RunTime:0.001233s ]
INFO: [ template_filter ] --END-- [ RunTime:0.002746s ]
INFO: Run Behavior\ParseTemplateBehavior [ RunTime:0.056234s ]
INFO: [ view_parse ] --END-- [ RunTime:0.057567s ]
INFO: [ view_filter ] --START--
INFO: Run Behavior\WriteHtmlCacheBehavior [ RunTime:0.001118s ]
INFO: [ view_filter ] --END-- [ RunTime:0.002518s ]
INFO: [ app_end ] --START--
INFO: Run Behavior\ShowPageTraceBehavior [ RunTime:0.001921s ]
INFO: [ app_end ] --END-- [ RunTime:0.003211s ]

[ 2016-09-02T17:52:06+08:00 ] 127.0.0.1 /index.php
INFO: [ app_init ] --START--
INFO: Run Behavior\BuildLiteBehavior [ RunTime:0.000275s ]
INFO: [ app_init ] --END-- [ RunTime:0.002535s ]
INFO: [ app_begin ] --START--
INFO: Run Behavior\ReadHtmlCacheBehavior [ RunTime:0.001039s ]
INFO: [ app_begin ] --END-- [ RunTime:0.002267s ]
SQL: SHOW COLUMNS FROM `aai_post` [ RunTime:0.0461s ]
SQL: SHOW COLUMNS FROM `aai_post` [ RunTime:0.0453s ]
SQL: SELECT * FROM `aai_post` WHERE `hot` = 1 AND `status` = 'publish' ORDER BY id desc  [ RunTime:0.0458s ]
INFO: [ view_parse ] --START--
INFO: [ template_filter ] --START--
INFO: Run Behavior\ContentReplaceBehavior [ RunTime:0.001020s ]
INFO: [ template_filter ] --END-- [ RunTime:0.002309s ]
INFO: Run Behavior\ParseTemplateBehavior [ RunTime:0.054356s ]
INFO: [ view_parse ] --END-- [ RunTime:0.055606s ]
INFO: [ view_filter ] --START--
INFO: Run Behavior\WriteHtmlCacheBehavior [ RunTime:0.001264s ]
INFO: [ view_filter ] --END-- [ RunTime:0.002529s ]
INFO: [ app_end ] --START--
INFO: Run Behavior\ShowPageTraceBehavior [ RunTime:0.001138s ]
INFO: [ app_end ] --END-- [ RunTime:0.002363s ]

[ 2016-09-02T17:52:10+08:00 ] 127.0.0.1 /?c=Post&a=detail&postid=2585
INFO: [ app_init ] --START--
INFO: Run Behavior\BuildLiteBehavior [ RunTime:0.000214s ]
INFO: [ app_init ] --END-- [ RunTime:0.001888s ]
INFO: [ app_begin ] --START--
INFO: Run Behavior\ReadHtmlCacheBehavior [ RunTime:0.001233s ]
INFO: [ app_begin ] --END-- [ RunTime:0.002675s ]
SQL: SHOW COLUMNS FROM `aai_post` [ RunTime:0.0463s ]
SQL: SHOW COLUMNS FROM `aai_post` [ RunTime:0.0463s ]
SQL: SELECT * FROM `aai_post` WHERE `id` = 2585 AND `status` = 'publish' LIMIT 1   [ RunTime:0.0494s ]
INFO: [ view_parse ] --START--
INFO: [ template_filter ] --START--
INFO: Run Behavior\ContentReplaceBehavior [ RunTime:0.000987s ]
INFO: [ template_filter ] --END-- [ RunTime:0.002274s ]
INFO: Run Behavior\ParseTemplateBehavior [ RunTime:0.048126s ]
INFO: [ view_parse ] --END-- [ RunTime:0.049973s ]
INFO: [ view_filter ] --START--
INFO: Run Behavior\WriteHtmlCacheBehavior [ RunTime:0.001252s ]
INFO: [ view_filter ] --END-- [ RunTime:0.002697s ]
INFO: [ app_end ] --START--
INFO: Run Behavior\ShowPageTraceBehavior [ RunTime:0.001254s ]
INFO: [ app_end ] --END-- [ RunTime:0.002704s ]

[ 2016-09-02T17:52:12+08:00 ] 127.0.0.1 /index.php
INFO: [ app_init ] --START--
INFO: Run Behavior\BuildLiteBehavior [ RunTime:0.000234s ]
INFO: [ app_init ] --END-- [ RunTime:0.001962s ]
INFO: [ app_begin ] --START--
INFO: Run Behavior\ReadHtmlCacheBehavior [ RunTime:0.001092s ]
INFO: [ app_begin ] --END-- [ RunTime:0.002398s ]
SQL: SHOW COLUMNS FROM `aai_post` [ RunTime:0.0460s ]
SQL: SHOW COLUMNS FROM `aai_post` [ RunTime:0.0464s ]
SQL: SELECT * FROM `aai_post` WHERE `hot` = 1 AND `status` = 'publish' ORDER BY id desc  [ RunTime:0.0470s ]
INFO: [ view_parse ] --START--
INFO: [ template_filter ] --START--
INFO: Run Behavior\ContentReplaceBehavior [ RunTime:0.000991s ]
INFO: [ template_filter ] --END-- [ RunTime:0.002210s ]
INFO: Run Behavior\ParseTemplateBehavior [ RunTime:0.054423s ]
INFO: [ view_parse ] --END-- [ RunTime:0.055695s ]
INFO: [ view_filter ] --START--
INFO: Run Behavior\WriteHtmlCacheBehavior [ RunTime:0.001113s ]
INFO: [ view_filter ] --END-- [ RunTime:0.002574s ]
INFO: [ app_end ] --START--
INFO: Run Behavior\ShowPageTraceBehavior [ RunTime:0.001270s ]
INFO: [ app_end ] --END-- [ RunTime:0.002503s ]

[ 2016-09-02T17:52:12+08:00 ] 127.0.0.1 /index.php
INFO: [ app_init ] --START--
INFO: Run Behavior\BuildLiteBehavior [ RunTime:0.000211s ]
INFO: [ app_init ] --END-- [ RunTime:0.001901s ]
INFO: [ app_begin ] --START--
INFO: Run Behavior\ReadHtmlCacheBehavior [ RunTime:0.001425s ]
INFO: [ app_begin ] --END-- [ RunTime:0.003041s ]
SQL: SHOW COLUMNS FROM `aai_post` [ RunTime:0.0452s ]
SQL: SHOW COLUMNS FROM `aai_post` [ RunTime:0.0450s ]
SQL: SELECT * FROM `aai_post` WHERE `hot` = 1 AND `status` = 'publish' ORDER BY id desc  [ RunTime:0.0464s ]
INFO: [ view_parse ] --START--
INFO: [ template_filter ] --START--
INFO: Run Behavior\ContentReplaceBehavior [ RunTime:0.001061s ]
INFO: [ template_filter ] --END-- [ RunTime:0.002551s ]
INFO: Run Behavior\ParseTemplateBehavior [ RunTime:0.061087s ]
INFO: [ view_parse ] --END-- [ RunTime:0.062365s ]
INFO: [ view_filter ] --START--
INFO: Run Behavior\WriteHtmlCacheBehavior [ RunTime:0.001145s ]
INFO: [ view_filter ] --END-- [ RunTime:0.002526s ]
INFO: [ app_end ] --START--
INFO: Run Behavior\ShowPageTraceBehavior [ RunTime:0.001194s ]
INFO: [ app_end ] --END-- [ RunTime:0.002749s ]

[ 2016-09-02T17:52:23+08:00 ] 127.0.0.1 /?c=Post&a=detail&postid=2585
INFO: [ app_init ] --START--
INFO: Run Behavior\BuildLiteBehavior [ RunTime:0.000234s ]
INFO: [ app_init ] --END-- [ RunTime:0.001979s ]
INFO: [ app_begin ] --START--
INFO: Run Behavior\ReadHtmlCacheBehavior [ RunTime:0.001322s ]
INFO: [ app_begin ] --END-- [ RunTime:0.002638s ]
SQL: SHOW COLUMNS FROM `aai_post` [ RunTime:0.0457s ]
SQL: SHOW COLUMNS FROM `aai_post` [ RunTime:0.0462s ]
SQL: SELECT * FROM `aai_post` WHERE `id` = 2585 AND `status` = 'publish' LIMIT 1   [ RunTime:0.0472s ]
INFO: [ view_parse ] --START--
INFO: [ template_filter ] --START--
INFO: Run Behavior\ContentReplaceBehavior [ RunTime:0.001049s ]
INFO: [ template_filter ] --END-- [ RunTime:0.002327s ]
INFO: Run Behavior\ParseTemplateBehavior [ RunTime:0.036321s ]
INFO: [ view_parse ] --END-- [ RunTime:0.037641s ]
INFO: [ view_filter ] --START--
INFO: Run Behavior\WriteHtmlCacheBehavior [ RunTime:0.001097s ]
INFO: [ view_filter ] --END-- [ RunTime:0.002719s ]
INFO: [ app_end ] --START--
INFO: Run Behavior\ShowPageTraceBehavior [ RunTime:0.001245s ]
INFO: [ app_end ] --END-- [ RunTime:0.002714s ]

[ 2016-09-02T17:58:44+08:00 ] 127.0.0.1 /?c=Post&a=detail&postid=2585
INFO: [ app_init ] --START--
INFO: Run Behavior\BuildLiteBehavior [ RunTime:0.000237s ]
INFO: [ app_init ] --END-- [ RunTime:0.002075s ]
INFO: [ app_begin ] --START--
INFO: Run Behavior\ReadHtmlCacheBehavior [ RunTime:0.001163s ]
INFO: [ app_begin ] --END-- [ RunTime:0.002399s ]
SQL: SHOW COLUMNS FROM `aai_post` [ RunTime:0.0479s ]
SQL: SHOW COLUMNS FROM `aai_post` [ RunTime:0.0474s ]
SQL: SELECT * FROM `aai_post` WHERE `id` = 2585 AND `status` = 'publish' LIMIT 1   [ RunTime:0.0488s ]
INFO: [ view_parse ] --START--
INFO: [ template_filter ] --START--
INFO: Run Behavior\ContentReplaceBehavior [ RunTime:0.001024s ]
INFO: [ template_filter ] --END-- [ RunTime:0.002333s ]
NOTIC: [8] Undefined index: descirbe E:\code\aainfo\php\ananinfo_web\Application\Runtime\Cache\Home\2ae952bfbc2fd5af8552fdff1c1aa73c.php 第 158 行.
INFO: Run Behavior\ParseTemplateBehavior [ RunTime:0.059266s ]
INFO: [ view_parse ] --END-- [ RunTime:0.062344s ]
INFO: [ view_filter ] --START--
INFO: Run Behavior\WriteHtmlCacheBehavior [ RunTime:0.000962s ]
INFO: [ view_filter ] --END-- [ RunTime:0.002355s ]
INFO: [ app_end ] --START--
INFO: Run Behavior\ShowPageTraceBehavior [ RunTime:0.001183s ]
INFO: [ app_end ] --END-- [ RunTime:0.002399s ]

[ 2016-09-02T18:04:56+08:00 ] 127.0.0.1 /?c=Post&a=detail&postid=2585
INFO: [ app_init ] --START--
INFO: Run Behavior\BuildLiteBehavior [ RunTime:0.000258s ]
INFO: [ app_init ] --END-- [ RunTime:0.002256s ]
INFO: [ app_begin ] --START--
INFO: Run Behavior\ReadHtmlCacheBehavior [ RunTime:0.001128s ]
INFO: [ app_begin ] --END-- [ RunTime:0.002354s ]
SQL: SHOW COLUMNS FROM `aai_post` [ RunTime:0.0464s ]
SQL: SHOW COLUMNS FROM `aai_post` [ RunTime:0.0478s ]
SQL: SELECT * FROM `aai_post` WHERE `id` = 2585 AND `status` = 'publish' LIMIT 1   [ RunTime:0.0470s ]
INFO: [ view_parse ] --START--
INFO: [ template_filter ] --START--
INFO: Run Behavior\ContentReplaceBehavior [ RunTime:0.001884s ]
INFO: [ template_filter ] --END-- [ RunTime:0.004288s ]
NOTIC: [8] Undefined index: descirbe E:\code\aainfo\php\ananinfo_web\Application\Runtime\Cache\Home\2ae952bfbc2fd5af8552fdff1c1aa73c.php 第 158 行.
INFO: Run Behavior\ParseTemplateBehavior [ RunTime:0.069419s ]
INFO: [ view_parse ] --END-- [ RunTime:0.071194s ]
INFO: [ view_filter ] --START--
INFO: Run Behavior\WriteHtmlCacheBehavior [ RunTime:0.001322s ]
INFO: [ view_filter ] --END-- [ RunTime:0.002709s ]
INFO: [ app_end ] --START--
INFO: Run Behavior\ShowPageTraceBehavior [ RunTime:0.001297s ]
INFO: [ app_end ] --END-- [ RunTime:0.002618s ]

[ 2016-09-02T18:06:38+08:00 ] 127.0.0.1 /?c=Post&a=detail&postid=2585
INFO: [ app_init ] --START--
INFO: Run Behavior\BuildLiteBehavior [ RunTime:0.000343s ]
INFO: [ app_init ] --END-- [ RunTime:0.003226s ]
INFO: [ app_begin ] --START--
INFO: Run Behavior\ReadHtmlCacheBehavior [ RunTime:0.001938s ]
INFO: [ app_begin ] --END-- [ RunTime:0.004149s ]
SQL: SHOW COLUMNS FROM `aai_post` [ RunTime:0.0482s ]
SQL: SHOW COLUMNS FROM `aai_post` [ RunTime:0.0473s ]
SQL: SELECT * FROM `aai_post` WHERE `id` = 2585 AND `status` = 'publish' LIMIT 1   [ RunTime:0.0475s ]
INFO: [ view_parse ] --START--
INFO: [ template_filter ] --START--
INFO: Run Behavior\ContentReplaceBehavior [ RunTime:0.001077s ]
INFO: [ template_filter ] --END-- [ RunTime:0.002800s ]
NOTIC: [8] Undefined index: descirbe E:\code\aainfo\php\ananinfo_web\Application\Runtime\Cache\Home\2ae952bfbc2fd5af8552fdff1c1aa73c.php 第 158 行.
INFO: Run Behavior\ParseTemplateBehavior [ RunTime:0.039516s ]
INFO: [ view_parse ] --END-- [ RunTime:0.040997s ]
INFO: [ view_filter ] --START--
INFO: Run Behavior\WriteHtmlCacheBehavior [ RunTime:0.001302s ]
INFO: [ view_filter ] --END-- [ RunTime:0.002852s ]
INFO: [ app_end ] --START--
INFO: Run Behavior\ShowPageTraceBehavior [ RunTime:0.001212s ]
INFO: [ app_end ] --END-- [ RunTime:0.002445s ]

