[ 2016-09-02T14:40:26+08:00 ] 127.0.0.1 /admin.php
INFO: [ app_init ] --START--
INFO: Run Behavior\BuildLiteBehavior [ RunTime:0.000221s ]
INFO: [ app_init ] --END-- [ RunTime:0.002004s ]
INFO: [ app_begin ] --START--
INFO: Run Behavior\ReadHtmlCacheBehavior [ RunTime:0.001203s ]
INFO: [ app_begin ] --END-- [ RunTime:0.002638s ]
ERR: 无法加载控制器:Index

[ 2016-09-02T14:42:34+08:00 ] 127.0.0.1 /admin.php
INFO: [ app_init ] --START--
INFO: Run Behavior\BuildLiteBehavior [ RunTime:0.000264s ]
INFO: [ app_init ] --END-- [ RunTime:0.002289s ]
INFO: [ app_begin ] --START--
INFO: Run Behavior\ReadHtmlCacheBehavior [ RunTime:0.001237s ]
INFO: [ app_begin ] --END-- [ RunTime:0.002417s ]

[ 2016-09-02T14:43:13+08:00 ] 127.0.0.1 /admin.php
INFO: [ app_init ] --START--
INFO: Run Behavior\BuildLiteBehavior [ RunTime:0.000262s ]
INFO: [ app_init ] --END-- [ RunTime:0.002342s ]
INFO: [ app_begin ] --START--
INFO: Run Behavior\ReadHtmlCacheBehavior [ RunTime:0.001412s ]
INFO: [ app_begin ] --END-- [ RunTime:0.003001s ]
SQL: SHOW COLUMNS FROM `aai_admin_rules` [ RunTime:0.0473s ]
SQL: SELECT * FROM `aai_admin_rules` WHERE `id` = 0 AND `status` = 1 ORDER BY orderid  LIMIT 1   [ RunTime:0.0473s ]
NOTIC: [2] krsort() expects parameter 1 to be array, null given E:\code\aainfo\php\ananinfo_web\Application\Admin\Model\RulesModel.class.php 第 24 行.
NOTIC: [2] array_values() expects parameter 1 to be array, null given E:\code\aainfo\php\ananinfo_web\Application\Admin\Model\RulesModel.class.php 第 25 行.
SQL: SELECT * FROM `aai_admin_rules` WHERE `pid` = 0 AND `status` = 1 ORDER BY orderid   [ RunTime:0.0473s ]
SQL: SELECT * FROM `aai_admin_rules` WHERE `pid` = 658 AND `status` = 1 ORDER BY orderid   [ RunTime:0.0467s ]
SQL: SELECT * FROM `aai_admin_rules` WHERE `pid` = 668 AND `status` = 1 ORDER BY orderid   [ RunTime:0.0464s ]
SQL: SELECT * FROM `aai_admin_rules` WHERE `pid` = 659 AND `status` = 1 ORDER BY orderid   [ RunTime:0.0467s ]
SQL: SELECT * FROM `aai_admin_rules` WHERE `pid` = 660 AND `status` = 1 ORDER BY orderid   [ RunTime:0.0463s ]
SQL: SELECT * FROM `aai_admin_rules` WHERE `pid` = 661 AND `status` = 1 ORDER BY orderid   [ RunTime:0.0481s ]
SQL: SELECT * FROM `aai_admin_rules` WHERE `pid` = 662 AND `status` = 1 ORDER BY orderid   [ RunTime:0.0468s ]
SQL: SELECT * FROM `aai_admin_rules` WHERE `pid` = 663 AND `status` = 1 ORDER BY orderid   [ RunTime:0.0466s ]
SQL: SELECT * FROM `aai_admin_rules` WHERE `pid` = 664 AND `status` = 1 ORDER BY orderid   [ RunTime:0.0464s ]
SQL: SELECT * FROM `aai_admin_rules` WHERE `pid` = 665 AND `status` = 1 ORDER BY orderid   [ RunTime:0.0476s ]
SQL: SELECT * FROM `aai_admin_rules` WHERE `pid` = 666 AND `status` = 1 ORDER BY orderid   [ RunTime:0.0465s ]
SQL: SELECT * FROM `aai_admin_rules` WHERE `pid` = 667 AND `status` = 1 ORDER BY orderid   [ RunTime:0.0465s ]
INFO: [ view_parse ] --START--
INFO: [ template_filter ] --START--
INFO: Run Behavior\ContentReplaceBehavior [ RunTime:0.000908s ]
INFO: [ template_filter ] --END-- [ RunTime:0.002153s ]
INFO: Run Behavior\ParseTemplateBehavior [ RunTime:0.090683s ]
INFO: [ view_parse ] --END-- [ RunTime:0.092405s ]
INFO: [ view_filter ] --START--
INFO: Run Behavior\WriteHtmlCacheBehavior [ RunTime:0.001084s ]
INFO: [ view_filter ] --END-- [ RunTime:0.002411s ]
INFO: [ app_end ] --START--
INFO: Run Behavior\ShowPageTraceBehavior [ RunTime:0.001192s ]
INFO: [ app_end ] --END-- [ RunTime:0.002390s ]

[ 2016-09-02T14:43:17+08:00 ] 127.0.0.1 /admin.php?c=Rules&a=doWork&menuid=658
INFO: [ app_init ] --START--
INFO: Run Behavior\BuildLiteBehavior [ RunTime:0.000219s ]
INFO: [ app_init ] --END-- [ RunTime:0.001889s ]
INFO: [ app_begin ] --START--
INFO: Run Behavior\ReadHtmlCacheBehavior [ RunTime:0.001330s ]
INFO: [ app_begin ] --END-- [ RunTime:0.002598s ]
SQL: SHOW COLUMNS FROM `aai_admin_rules` [ RunTime:0.0493s ]
SQL: SELECT * FROM `aai_admin_rules` WHERE `id` = 658 AND `status` = 1 ORDER BY orderid  LIMIT 1   [ RunTime:0.0487s ]
NOTIC: [2] krsort() expects parameter 1 to be array, null given E:\code\aainfo\php\ananinfo_web\Application\Admin\Model\RulesModel.class.php 第 24 行.
NOTIC: [2] array_values() expects parameter 1 to be array, null given E:\code\aainfo\php\ananinfo_web\Application\Admin\Model\RulesModel.class.php 第 25 行.
SQL: SELECT * FROM `aai_admin_rules` WHERE `pid` = 0 AND `status` = 1 ORDER BY orderid   [ RunTime:0.0493s ]
SQL: SELECT * FROM `aai_admin_rules` WHERE `pid` = 658 AND `status` = 1 ORDER BY orderid   [ RunTime:0.0496s ]
SQL: SELECT * FROM `aai_admin_rules` WHERE `pid` = 668 AND `status` = 1 ORDER BY orderid   [ RunTime:0.0490s ]
SQL: SELECT * FROM `aai_admin_rules` WHERE `pid` = 659 AND `status` = 1 ORDER BY orderid   [ RunTime:0.0506s ]
SQL: SELECT * FROM `aai_admin_rules` WHERE `pid` = 660 AND `status` = 1 ORDER BY orderid   [ RunTime:0.0501s ]
SQL: SELECT * FROM `aai_admin_rules` WHERE `pid` = 661 AND `status` = 1 ORDER BY orderid   [ RunTime:0.0519s ]
SQL: SELECT * FROM `aai_admin_rules` WHERE `pid` = 662 AND `status` = 1 ORDER BY orderid   [ RunTime:0.0505s ]
SQL: SELECT * FROM `aai_admin_rules` WHERE `pid` = 663 AND `status` = 1 ORDER BY orderid   [ RunTime:0.0503s ]
SQL: SELECT * FROM `aai_admin_rules` WHERE `pid` = 664 AND `status` = 1 ORDER BY orderid   [ RunTime:0.0499s ]
SQL: SELECT * FROM `aai_admin_rules` WHERE `pid` = 665 AND `status` = 1 ORDER BY orderid   [ RunTime:0.0501s ]
SQL: SELECT * FROM `aai_admin_rules` WHERE `pid` = 666 AND `status` = 1 ORDER BY orderid   [ RunTime:0.0505s ]
SQL: SELECT * FROM `aai_admin_rules` WHERE `pid` = 667 AND `status` = 1 ORDER BY orderid   [ RunTime:0.0502s ]
ERR: 非法操作:doWork

[ 2016-09-02T14:45:28+08:00 ] 127.0.0.1 /admin.php
INFO: [ app_init ] --START--
INFO: Run Behavior\BuildLiteBehavior [ RunTime:0.000249s ]
INFO: [ app_init ] --END-- [ RunTime:0.001955s ]
INFO: [ app_begin ] --START--
INFO: Run Behavior\ReadHtmlCacheBehavior [ RunTime:0.001278s ]
INFO: [ app_begin ] --END-- [ RunTime:0.002467s ]
SQL: SHOW COLUMNS FROM `aai_admin_rules` [ RunTime:0.0461s ]
SQL: SELECT * FROM `aai_admin_rules` WHERE `id` = 0 AND `status` = 1 ORDER BY orderid  LIMIT 1   [ RunTime:0.0456s ]
NOTIC: [2] krsort() expects parameter 1 to be array, null given E:\code\aainfo\php\ananinfo_web\Application\Admin\Model\RulesModel.class.php 第 24 行.
NOTIC: [2] array_values() expects parameter 1 to be array, null given E:\code\aainfo\php\ananinfo_web\Application\Admin\Model\RulesModel.class.php 第 25 行.
SQL: SELECT * FROM `aai_admin_rules` WHERE `pid` = 0 AND `status` = 1 ORDER BY orderid   [ RunTime:0.0460s ]
SQL: SELECT * FROM `aai_admin_rules` WHERE `pid` = 658 AND `status` = 1 ORDER BY orderid   [ RunTime:0.0486s ]
SQL: SELECT * FROM `aai_admin_rules` WHERE `pid` = 668 AND `status` = 1 ORDER BY orderid   [ RunTime:0.0456s ]
SQL: SELECT * FROM `aai_admin_rules` WHERE `pid` = 659 AND `status` = 1 ORDER BY orderid   [ RunTime:0.0466s ]
SQL: SELECT * FROM `aai_admin_rules` WHERE `pid` = 660 AND `status` = 1 ORDER BY orderid   [ RunTime:0.0485s ]
SQL: SELECT * FROM `aai_admin_rules` WHERE `pid` = 661 AND `status` = 1 ORDER BY orderid   [ RunTime:0.0477s ]
SQL: SELECT * FROM `aai_admin_rules` WHERE `pid` = 662 AND `status` = 1 ORDER BY orderid   [ RunTime:0.3478s ]
SQL: SELECT * FROM `aai_admin_rules` WHERE `pid` = 663 AND `status` = 1 ORDER BY orderid   [ RunTime:0.0467s ]
SQL: SELECT * FROM `aai_admin_rules` WHERE `pid` = 664 AND `status` = 1 ORDER BY orderid   [ RunTime:0.0467s ]
SQL: SELECT * FROM `aai_admin_rules` WHERE `pid` = 665 AND `status` = 1 ORDER BY orderid   [ RunTime:0.0492s ]
SQL: SELECT * FROM `aai_admin_rules` WHERE `pid` = 666 AND `status` = 1 ORDER BY orderid   [ RunTime:0.0470s ]
SQL: SELECT * FROM `aai_admin_rules` WHERE `pid` = 667 AND `status` = 1 ORDER BY orderid   [ RunTime:0.3471s ]
INFO: [ view_parse ] --START--
INFO: [ template_filter ] --START--
INFO: Run Behavior\ContentReplaceBehavior [ RunTime:0.001346s ]
INFO: [ template_filter ] --END-- [ RunTime:0.003306s ]
INFO: Run Behavior\ParseTemplateBehavior [ RunTime:0.117080s ]
INFO: [ view_parse ] --END-- [ RunTime:0.119108s ]
INFO: [ view_filter ] --START--
INFO: Run Behavior\WriteHtmlCacheBehavior [ RunTime:0.001016s ]
INFO: [ view_filter ] --END-- [ RunTime:0.002587s ]
INFO: [ app_end ] --START--
INFO: Run Behavior\ShowPageTraceBehavior [ RunTime:0.001197s ]
INFO: [ app_end ] --END-- [ RunTime:0.002391s ]

[ 2016-09-02T14:45:36+08:00 ] 127.0.0.1 /admin.php?c=Rules&a=doWork&menuid=658
INFO: [ app_init ] --START--
INFO: Run Behavior\BuildLiteBehavior [ RunTime:0.000222s ]
INFO: [ app_init ] --END-- [ RunTime:0.001898s ]
INFO: [ app_begin ] --START--
INFO: Run Behavior\ReadHtmlCacheBehavior [ RunTime:0.001299s ]
INFO: [ app_begin ] --END-- [ RunTime:0.002557s ]
SQL: SHOW COLUMNS FROM `aai_admin_rules` [ RunTime:0.0461s ]
SQL: SELECT * FROM `aai_admin_rules` WHERE `id` = 658 AND `status` = 1 ORDER BY orderid  LIMIT 1   [ RunTime:0.0467s ]
NOTIC: [2] krsort() expects parameter 1 to be array, null given E:\code\aainfo\php\ananinfo_web\Application\Admin\Model\RulesModel.class.php 第 24 行.
NOTIC: [2] array_values() expects parameter 1 to be array, null given E:\code\aainfo\php\ananinfo_web\Application\Admin\Model\RulesModel.class.php 第 25 行.
SQL: SELECT * FROM `aai_admin_rules` WHERE `pid` = 0 AND `status` = 1 ORDER BY orderid   [ RunTime:0.0469s ]
SQL: SELECT * FROM `aai_admin_rules` WHERE `pid` = 658 AND `status` = 1 ORDER BY orderid   [ RunTime:0.3054s ]
SQL: SELECT * FROM `aai_admin_rules` WHERE `pid` = 668 AND `status` = 1 ORDER BY orderid   [ RunTime:0.0471s ]
SQL: SELECT * FROM `aai_admin_rules` WHERE `pid` = 659 AND `status` = 1 ORDER BY orderid   [ RunTime:0.0462s ]
SQL: SELECT * FROM `aai_admin_rules` WHERE `pid` = 660 AND `status` = 1 ORDER BY orderid   [ RunTime:0.0457s ]
SQL: SELECT * FROM `aai_admin_rules` WHERE `pid` = 661 AND `status` = 1 ORDER BY orderid   [ RunTime:0.0468s ]
SQL: SELECT * FROM `aai_admin_rules` WHERE `pid` = 662 AND `status` = 1 ORDER BY orderid   [ RunTime:0.0458s ]
SQL: SELECT * FROM `aai_admin_rules` WHERE `pid` = 663 AND `status` = 1 ORDER BY orderid   [ RunTime:0.0470s ]
SQL: SELECT * FROM `aai_admin_rules` WHERE `pid` = 664 AND `status` = 1 ORDER BY orderid   [ RunTime:0.3061s ]
SQL: SELECT * FROM `aai_admin_rules` WHERE `pid` = 665 AND `status` = 1 ORDER BY orderid   [ RunTime:0.0486s ]
SQL: SELECT * FROM `aai_admin_rules` WHERE `pid` = 666 AND `status` = 1 ORDER BY orderid   [ RunTime:0.0471s ]
SQL: SELECT * FROM `aai_admin_rules` WHERE `pid` = 667 AND `status` = 1 ORDER BY orderid   [ RunTime:0.0474s ]
ERR: 非法操作:doWork

[ 2016-09-02T14:46:21+08:00 ] 127.0.0.1 /admin.php
INFO: [ app_init ] --START--
INFO: Run Behavior\BuildLiteBehavior [ RunTime:0.000221s ]
INFO: [ app_init ] --END-- [ RunTime:0.001946s ]
INFO: [ app_begin ] --START--
INFO: Run Behavior\ReadHtmlCacheBehavior [ RunTime:0.001212s ]
INFO: [ app_begin ] --END-- [ RunTime:0.002416s ]
SQL: SHOW COLUMNS FROM `aai_admin_rules` [ RunTime:0.0515s ]
SQL: SELECT * FROM `aai_admin_rules` WHERE `id` = 0 AND `status` = 1 ORDER BY orderid  LIMIT 1   [ RunTime:0.0518s ]
NOTIC: [2] krsort() expects parameter 1 to be array, null given E:\code\aainfo\php\ananinfo_web\Application\Admin\Model\RulesModel.class.php 第 24 行.
NOTIC: [2] array_values() expects parameter 1 to be array, null given E:\code\aainfo\php\ananinfo_web\Application\Admin\Model\RulesModel.class.php 第 25 行.
SQL: SELECT * FROM `aai_admin_rules` WHERE `pid` = 0 AND `status` = 1 ORDER BY orderid   [ RunTime:0.0507s ]
SQL: SELECT * FROM `aai_admin_rules` WHERE `pid` = 658 AND `status` = 1 ORDER BY orderid   [ RunTime:0.0504s ]
SQL: SELECT * FROM `aai_admin_rules` WHERE `pid` = 668 AND `status` = 1 ORDER BY orderid   [ RunTime:0.0501s ]
SQL: SELECT * FROM `aai_admin_rules` WHERE `pid` = 659 AND `status` = 1 ORDER BY orderid   [ RunTime:0.0496s ]
SQL: SELECT * FROM `aai_admin_rules` WHERE `pid` = 660 AND `status` = 1 ORDER BY orderid   [ RunTime:0.0497s ]
SQL: SELECT * FROM `aai_admin_rules` WHERE `pid` = 661 AND `status` = 1 ORDER BY orderid   [ RunTime:0.0513s ]
SQL: SELECT * FROM `aai_admin_rules` WHERE `pid` = 662 AND `status` = 1 ORDER BY orderid   [ RunTime:0.0501s ]
SQL: SELECT * FROM `aai_admin_rules` WHERE `pid` = 663 AND `status` = 1 ORDER BY orderid   [ RunTime:0.0515s ]
SQL: SELECT * FROM `aai_admin_rules` WHERE `pid` = 664 AND `status` = 1 ORDER BY orderid   [ RunTime:0.0509s ]
SQL: SELECT * FROM `aai_admin_rules` WHERE `pid` = 665 AND `status` = 1 ORDER BY orderid   [ RunTime:0.0504s ]
SQL: SELECT * FROM `aai_admin_rules` WHERE `pid` = 666 AND `status` = 1 ORDER BY orderid   [ RunTime:0.0509s ]
SQL: SELECT * FROM `aai_admin_rules` WHERE `pid` = 667 AND `status` = 1 ORDER BY orderid   [ RunTime:0.3142s ]
INFO: [ view_parse ] --START--
INFO: [ template_filter ] --START--
INFO: Run Behavior\ContentReplaceBehavior [ RunTime:0.000980s ]
INFO: [ template_filter ] --END-- [ RunTime:0.002383s ]
INFO: Run Behavior\ParseTemplateBehavior [ RunTime:0.092320s ]
INFO: [ view_parse ] --END-- [ RunTime:0.095216s ]
INFO: [ view_filter ] --START--
INFO: Run Behavior\WriteHtmlCacheBehavior [ RunTime:0.001097s ]
INFO: [ view_filter ] --END-- [ RunTime:0.002315s ]
INFO: [ app_end ] --START--
INFO: Run Behavior\ShowPageTraceBehavior [ RunTime:0.001331s ]
INFO: [ app_end ] --END-- [ RunTime:0.003435s ]

[ 2016-09-02T14:46:25+08:00 ] 127.0.0.1 /admin.php?c=Rules&a=doWork&menuid=658
INFO: [ app_init ] --START--
INFO: Run Behavior\BuildLiteBehavior [ RunTime:0.000219s ]
INFO: [ app_init ] --END-- [ RunTime:0.001888s ]
INFO: [ app_begin ] --START--
INFO: Run Behavior\ReadHtmlCacheBehavior [ RunTime:0.001248s ]
INFO: [ app_begin ] --END-- [ RunTime:0.002511s ]
SQL: SHOW COLUMNS FROM `aai_admin_rules` [ RunTime:0.0458s ]
SQL: SELECT * FROM `aai_admin_rules` WHERE `id` = 658 AND `status` = 1 ORDER BY orderid  LIMIT 1   [ RunTime:0.0478s ]
NOTIC: [2] krsort() expects parameter 1 to be array, null given E:\code\aainfo\php\ananinfo_web\Application\Admin\Model\RulesModel.class.php 第 24 行.
NOTIC: [2] array_values() expects parameter 1 to be array, null given E:\code\aainfo\php\ananinfo_web\Application\Admin\Model\RulesModel.class.php 第 25 行.
SQL: SELECT * FROM `aai_admin_rules` WHERE `pid` = 0 AND `status` = 1 ORDER BY orderid   [ RunTime:0.0465s ]
SQL: SELECT * FROM `aai_admin_rules` WHERE `pid` = 658 AND `status` = 1 ORDER BY orderid   [ RunTime:0.2952s ]
SQL: SELECT * FROM `aai_admin_rules` WHERE `pid` = 668 AND `status` = 1 ORDER BY orderid   [ RunTime:0.7970s ]
SQL: SELECT * FROM `aai_admin_rules` WHERE `pid` = 659 AND `status` = 1 ORDER BY orderid   [ RunTime:0.0481s ]
SQL: SELECT * FROM `aai_admin_rules` WHERE `pid` = 660 AND `status` = 1 ORDER BY orderid   [ RunTime:0.0474s ]
SQL: SELECT * FROM `aai_admin_rules` WHERE `pid` = 661 AND `status` = 1 ORDER BY orderid   [ RunTime:0.0475s ]
SQL: SELECT * FROM `aai_admin_rules` WHERE `pid` = 662 AND `status` = 1 ORDER BY orderid   [ RunTime:0.0486s ]
SQL: SELECT * FROM `aai_admin_rules` WHERE `pid` = 663 AND `status` = 1 ORDER BY orderid   [ RunTime:0.0480s ]
SQL: SELECT * FROM `aai_admin_rules` WHERE `pid` = 664 AND `status` = 1 ORDER BY orderid   [ RunTime:0.0467s ]
SQL: SELECT * FROM `aai_admin_rules` WHERE `pid` = 665 AND `status` = 1 ORDER BY orderid   [ RunTime:0.0463s ]
SQL: SELECT * FROM `aai_admin_rules` WHERE `pid` = 666 AND `status` = 1 ORDER BY orderid   [ RunTime:0.0457s ]
SQL: SELECT * FROM `aai_admin_rules` WHERE `pid` = 667 AND `status` = 1 ORDER BY orderid   [ RunTime:0.0473s ]
ERR: 非法操作:doWork

[ 2016-09-02T14:48:20+08:00 ] 127.0.0.1 /admin.php?c=Rules&a=doWork&menuid=658
INFO: [ app_init ] --START--
INFO: Run Behavior\BuildLiteBehavior [ RunTime:0.000222s ]
INFO: [ app_init ] --END-- [ RunTime:0.001887s ]
INFO: [ app_begin ] --START--
INFO: Run Behavior\ReadHtmlCacheBehavior [ RunTime:0.001371s ]
INFO: [ app_begin ] --END-- [ RunTime:0.002623s ]
SQL: SHOW COLUMNS FROM `aai_admin_rules` [ RunTime:0.0499s ]
SQL: SELECT * FROM `aai_admin_rules` WHERE `id` = 658 AND `status` = 1 ORDER BY orderid  LIMIT 1   [ RunTime:0.0493s ]
NOTIC: [2] krsort() expects parameter 1 to be array, null given E:\code\aainfo\php\ananinfo_web\Application\Admin\Model\RulesModel.class.php 第 24 行.
NOTIC: [2] array_values() expects parameter 1 to be array, null given E:\code\aainfo\php\ananinfo_web\Application\Admin\Model\RulesModel.class.php 第 25 行.
SQL: SELECT * FROM `aai_admin_rules` WHERE `pid` = 0 AND `status` = 1 ORDER BY orderid   [ RunTime:0.0503s ]
SQL: SELECT * FROM `aai_admin_rules` WHERE `pid` = 658 AND `status` = 1 ORDER BY orderid   [ RunTime:0.0500s ]
SQL: SELECT * FROM `aai_admin_rules` WHERE `pid` = 668 AND `status` = 1 ORDER BY orderid   [ RunTime:0.0503s ]
SQL: SELECT * FROM `aai_admin_rules` WHERE `pid` = 659 AND `status` = 1 ORDER BY orderid   [ RunTime:0.0495s ]
SQL: SELECT * FROM `aai_admin_rules` WHERE `pid` = 660 AND `status` = 1 ORDER BY orderid   [ RunTime:0.0492s ]
SQL: SELECT * FROM `aai_admin_rules` WHERE `pid` = 661 AND `status` = 1 ORDER BY orderid   [ RunTime:0.0494s ]
SQL: SELECT * FROM `aai_admin_rules` WHERE `pid` = 662 AND `status` = 1 ORDER BY orderid   [ RunTime:0.0501s ]
SQL: SELECT * FROM `aai_admin_rules` WHERE `pid` = 663 AND `status` = 1 ORDER BY orderid   [ RunTime:0.0500s ]
SQL: SELECT * FROM `aai_admin_rules` WHERE `pid` = 664 AND `status` = 1 ORDER BY orderid   [ RunTime:0.0491s ]
SQL: SELECT * FROM `aai_admin_rules` WHERE `pid` = 665 AND `status` = 1 ORDER BY orderid   [ RunTime:0.0495s ]
SQL: SELECT * FROM `aai_admin_rules` WHERE `pid` = 666 AND `status` = 1 ORDER BY orderid   [ RunTime:0.0491s ]
SQL: SELECT * FROM `aai_admin_rules` WHERE `pid` = 667 AND `status` = 1 ORDER BY orderid   [ RunTime:0.0492s ]
ERR: 非法操作:doWork

[ 2016-09-02T14:48:23+08:00 ] 127.0.0.1 /admin.php
INFO: [ app_init ] --START--
INFO: Run Behavior\BuildLiteBehavior [ RunTime:0.000228s ]
INFO: [ app_init ] --END-- [ RunTime:0.001960s ]
INFO: [ app_begin ] --START--
INFO: Run Behavior\ReadHtmlCacheBehavior [ RunTime:0.001204s ]
INFO: [ app_begin ] --END-- [ RunTime:0.002456s ]
SQL: SHOW COLUMNS FROM `aai_admin_rules` [ RunTime:0.0469s ]
SQL: SELECT * FROM `aai_admin_rules` WHERE `id` = 0 AND `status` = 1 ORDER BY orderid  LIMIT 1   [ RunTime:0.0465s ]
NOTIC: [2] krsort() expects parameter 1 to be array, null given E:\code\aainfo\php\ananinfo_web\Application\Admin\Model\RulesModel.class.php 第 24 行.
NOTIC: [2] array_values() expects parameter 1 to be array, null given E:\code\aainfo\php\ananinfo_web\Application\Admin\Model\RulesModel.class.php 第 25 行.
SQL: SELECT * FROM `aai_admin_rules` WHERE `pid` = 0 AND `status` = 1 ORDER BY orderid   [ RunTime:0.0466s ]
SQL: SELECT * FROM `aai_admin_rules` WHERE `pid` = 658 AND `status` = 1 ORDER BY orderid   [ RunTime:0.0461s ]
SQL: SELECT * FROM `aai_admin_rules` WHERE `pid` = 668 AND `status` = 1 ORDER BY orderid   [ RunTime:0.0469s ]
SQL: SELECT * FROM `aai_admin_rules` WHERE `pid` = 659 AND `status` = 1 ORDER BY orderid   [ RunTime:0.0476s ]
SQL: SELECT * FROM `aai_admin_rules` WHERE `pid` = 660 AND `status` = 1 ORDER BY orderid   [ RunTime:0.0468s ]
SQL: SELECT * FROM `aai_admin_rules` WHERE `pid` = 661 AND `status` = 1 ORDER BY orderid   [ RunTime:0.0464s ]
SQL: SELECT * FROM `aai_admin_rules` WHERE `pid` = 662 AND `status` = 1 ORDER BY orderid   [ RunTime:0.0466s ]
SQL: SELECT * FROM `aai_admin_rules` WHERE `pid` = 663 AND `status` = 1 ORDER BY orderid   [ RunTime:0.0471s ]
SQL: SELECT * FROM `aai_admin_rules` WHERE `pid` = 664 AND `status` = 1 ORDER BY orderid   [ RunTime:0.0500s ]
SQL: SELECT * FROM `aai_admin_rules` WHERE `pid` = 665 AND `status` = 1 ORDER BY orderid   [ RunTime:0.0469s ]
SQL: SELECT * FROM `aai_admin_rules` WHERE `pid` = 666 AND `status` = 1 ORDER BY orderid   [ RunTime:0.0471s ]
SQL: SELECT * FROM `aai_admin_rules` WHERE `pid` = 667 AND `status` = 1 ORDER BY orderid   [ RunTime:0.0466s ]
INFO: [ view_parse ] --START--
INFO: [ template_filter ] --START--
INFO: Run Behavior\ContentReplaceBehavior [ RunTime:0.000864s ]
INFO: [ template_filter ] --END-- [ RunTime:0.002288s ]
INFO: Run Behavior\ParseTemplateBehavior [ RunTime:0.073622s ]
INFO: [ view_parse ] --END-- [ RunTime:0.075225s ]
INFO: [ view_filter ] --START--
INFO: Run Behavior\WriteHtmlCacheBehavior [ RunTime:0.001653s ]
INFO: [ view_filter ] --END-- [ RunTime:0.002882s ]
INFO: [ app_end ] --START--
INFO: Run Behavior\ShowPageTraceBehavior [ RunTime:0.001107s ]
INFO: [ app_end ] --END-- [ RunTime:0.002346s ]

[ 2016-09-02T14:48:24+08:00 ] 127.0.0.1 /admin.php
INFO: [ app_init ] --START--
INFO: Run Behavior\BuildLiteBehavior [ RunTime:0.000236s ]
INFO: [ app_init ] --END-- [ RunTime:0.001948s ]
INFO: [ app_begin ] --START--
INFO: Run Behavior\ReadHtmlCacheBehavior [ RunTime:0.001248s ]
INFO: [ app_begin ] --END-- [ RunTime:0.002433s ]
SQL: SHOW COLUMNS FROM `aai_admin_rules` [ RunTime:0.0510s ]
SQL: SELECT * FROM `aai_admin_rules` WHERE `id` = 0 AND `status` = 1 ORDER BY orderid  LIMIT 1   [ RunTime:0.0493s ]
NOTIC: [2] krsort() expects parameter 1 to be array, null given E:\code\aainfo\php\ananinfo_web\Application\Admin\Model\RulesModel.class.php 第 24 行.
NOTIC: [2] array_values() expects parameter 1 to be array, null given E:\code\aainfo\php\ananinfo_web\Application\Admin\Model\RulesModel.class.php 第 25 行.
SQL: SELECT * FROM `aai_admin_rules` WHERE `pid` = 0 AND `status` = 1 ORDER BY orderid   [ RunTime:0.0506s ]
SQL: SELECT * FROM `aai_admin_rules` WHERE `pid` = 658 AND `status` = 1 ORDER BY orderid   [ RunTime:0.0505s ]
SQL: SELECT * FROM `aai_admin_rules` WHERE `pid` = 668 AND `status` = 1 ORDER BY orderid   [ RunTime:0.0496s ]
SQL: SELECT * FROM `aai_admin_rules` WHERE `pid` = 659 AND `status` = 1 ORDER BY orderid   [ RunTime:0.0499s ]
SQL: SELECT * FROM `aai_admin_rules` WHERE `pid` = 660 AND `status` = 1 ORDER BY orderid   [ RunTime:0.0504s ]
SQL: SELECT * FROM `aai_admin_rules` WHERE `pid` = 661 AND `status` = 1 ORDER BY orderid   [ RunTime:0.0506s ]
SQL: SELECT * FROM `aai_admin_rules` WHERE `pid` = 662 AND `status` = 1 ORDER BY orderid   [ RunTime:0.0510s ]
SQL: SELECT * FROM `aai_admin_rules` WHERE `pid` = 663 AND `status` = 1 ORDER BY orderid   [ RunTime:0.0500s ]
SQL: SELECT * FROM `aai_admin_rules` WHERE `pid` = 664 AND `status` = 1 ORDER BY orderid   [ RunTime:0.0499s ]
SQL: SELECT * FROM `aai_admin_rules` WHERE `pid` = 665 AND `status` = 1 ORDER BY orderid   [ RunTime:0.0546s ]
SQL: SELECT * FROM `aai_admin_rules` WHERE `pid` = 666 AND `status` = 1 ORDER BY orderid   [ RunTime:0.0499s ]
SQL: SELECT * FROM `aai_admin_rules` WHERE `pid` = 667 AND `status` = 1 ORDER BY orderid   [ RunTime:0.0501s ]
INFO: [ view_parse ] --START--
INFO: [ template_filter ] --START--
INFO: Run Behavior\ContentReplaceBehavior [ RunTime:0.001583s ]
INFO: [ template_filter ] --END-- [ RunTime:0.002795s ]
INFO: Run Behavior\ParseTemplateBehavior [ RunTime:0.072007s ]
INFO: [ view_parse ] --END-- [ RunTime:0.073592s ]
INFO: [ view_filter ] --START--
INFO: Run Behavior\WriteHtmlCacheBehavior [ RunTime:0.001150s ]
INFO: [ view_filter ] --END-- [ RunTime:0.002371s ]
INFO: [ app_end ] --START--
INFO: Run Behavior\ShowPageTraceBehavior [ RunTime:0.001702s ]
INFO: [ app_end ] --END-- [ RunTime:0.003069s ]

[ 2016-09-02T14:49:18+08:00 ] 127.0.0.1 /admin.php?c=Rules
INFO: [ app_init ] --START--
INFO: Run Behavior\BuildLiteBehavior [ RunTime:0.000217s ]
INFO: [ app_init ] --END-- [ RunTime:0.001914s ]
INFO: [ app_begin ] --START--
INFO: Run Behavior\ReadHtmlCacheBehavior [ RunTime:0.001219s ]
INFO: [ app_begin ] --END-- [ RunTime:0.002458s ]
SQL: SHOW COLUMNS FROM `aai_admin_rules` [ RunTime:0.0464s ]
SQL: SELECT * FROM `aai_admin_rules` WHERE `id` = 0 AND `status` = 1 ORDER BY orderid  LIMIT 1   [ RunTime:0.0459s ]
NOTIC: [2] krsort() expects parameter 1 to be array, null given E:\code\aainfo\php\ananinfo_web\Application\Admin\Model\RulesModel.class.php 第 24 行.
NOTIC: [2] array_values() expects parameter 1 to be array, null given E:\code\aainfo\php\ananinfo_web\Application\Admin\Model\RulesModel.class.php 第 25 行.
SQL: SELECT * FROM `aai_admin_rules` WHERE `pid` = 0 AND `status` = 1 ORDER BY orderid   [ RunTime:0.0451s ]
SQL: SELECT * FROM `aai_admin_rules` WHERE `pid` = 658 AND `status` = 1 ORDER BY orderid   [ RunTime:0.0455s ]
SQL: SELECT * FROM `aai_admin_rules` WHERE `pid` = 668 AND `status` = 1 ORDER BY orderid   [ RunTime:0.0455s ]
SQL: SELECT * FROM `aai_admin_rules` WHERE `pid` = 659 AND `status` = 1 ORDER BY orderid   [ RunTime:0.0455s ]
SQL: SELECT * FROM `aai_admin_rules` WHERE `pid` = 660 AND `status` = 1 ORDER BY orderid   [ RunTime:0.0457s ]
SQL: SELECT * FROM `aai_admin_rules` WHERE `pid` = 661 AND `status` = 1 ORDER BY orderid   [ RunTime:0.0455s ]
SQL: SELECT * FROM `aai_admin_rules` WHERE `pid` = 662 AND `status` = 1 ORDER BY orderid   [ RunTime:0.0454s ]
SQL: SELECT * FROM `aai_admin_rules` WHERE `pid` = 663 AND `status` = 1 ORDER BY orderid   [ RunTime:0.0450s ]
SQL: SELECT * FROM `aai_admin_rules` WHERE `pid` = 664 AND `status` = 1 ORDER BY orderid   [ RunTime:0.0453s ]
SQL: SELECT * FROM `aai_admin_rules` WHERE `pid` = 665 AND `status` = 1 ORDER BY orderid   [ RunTime:0.0454s ]
SQL: SELECT * FROM `aai_admin_rules` WHERE `pid` = 666 AND `status` = 1 ORDER BY orderid   [ RunTime:0.0462s ]
SQL: SELECT * FROM `aai_admin_rules` WHERE `pid` = 667 AND `status` = 1 ORDER BY orderid   [ RunTime:0.0460s ]
INFO: [ view_parse ] --START--
INFO: [ template_filter ] --START--
INFO: Run Behavior\ContentReplaceBehavior [ RunTime:0.000873s ]
INFO: [ template_filter ] --END-- [ RunTime:0.002113s ]
INFO: Run Behavior\ParseTemplateBehavior [ RunTime:0.095364s ]
INFO: [ view_parse ] --END-- [ RunTime:0.097650s ]
INFO: [ view_filter ] --START--
INFO: Run Behavior\WriteHtmlCacheBehavior [ RunTime:0.001055s ]
INFO: [ view_filter ] --END-- [ RunTime:0.002304s ]
INFO: [ app_end ] --START--
INFO: Run Behavior\ShowPageTraceBehavior [ RunTime:0.001170s ]
INFO: [ app_end ] --END-- [ RunTime:0.002372s ]

[ 2016-09-02T14:49:37+08:00 ] 127.0.0.1 /admin.php?c=Rules
INFO: [ app_init ] --START--
INFO: Run Behavior\BuildLiteBehavior [ RunTime:0.000349s ]
INFO: [ app_init ] --END-- [ RunTime:0.003070s ]
INFO: [ app_begin ] --START--
INFO: Run Behavior\ReadHtmlCacheBehavior [ RunTime:0.001608s ]
INFO: [ app_begin ] --END-- [ RunTime:0.002864s ]
SQL: SHOW COLUMNS FROM `aai_admin_rules` [ RunTime:0.0466s ]
SQL: SELECT * FROM `aai_admin_rules` WHERE `id` = 0 AND `status` = 1 ORDER BY orderid  LIMIT 1   [ RunTime:0.0485s ]
NOTIC: [2] krsort() expects parameter 1 to be array, null given E:\code\aainfo\php\ananinfo_web\Application\Admin\Model\RulesModel.class.php 第 24 行.
NOTIC: [2] array_values() expects parameter 1 to be array, null given E:\code\aainfo\php\ananinfo_web\Application\Admin\Model\RulesModel.class.php 第 25 行.
SQL: SELECT * FROM `aai_admin_rules` WHERE `pid` = 0 AND `status` = 1 ORDER BY orderid   [ RunTime:0.0480s ]
SQL: SELECT * FROM `aai_admin_rules` WHERE `pid` = 658 AND `status` = 1 ORDER BY orderid   [ RunTime:0.0459s ]
SQL: SELECT * FROM `aai_admin_rules` WHERE `pid` = 668 AND `status` = 1 ORDER BY orderid   [ RunTime:0.0452s ]
SQL: SELECT * FROM `aai_admin_rules` WHERE `pid` = 659 AND `status` = 1 ORDER BY orderid   [ RunTime:0.0456s ]
SQL: SELECT * FROM `aai_admin_rules` WHERE `pid` = 660 AND `status` = 1 ORDER BY orderid   [ RunTime:0.0456s ]
SQL: SELECT * FROM `aai_admin_rules` WHERE `pid` = 661 AND `status` = 1 ORDER BY orderid   [ RunTime:0.0461s ]
SQL: SELECT * FROM `aai_admin_rules` WHERE `pid` = 662 AND `status` = 1 ORDER BY orderid   [ RunTime:0.0455s ]
SQL: SELECT * FROM `aai_admin_rules` WHERE `pid` = 663 AND `status` = 1 ORDER BY orderid   [ RunTime:0.0453s ]
SQL: SELECT * FROM `aai_admin_rules` WHERE `pid` = 664 AND `status` = 1 ORDER BY orderid   [ RunTime:0.0449s ]
SQL: SELECT * FROM `aai_admin_rules` WHERE `pid` = 665 AND `status` = 1 ORDER BY orderid   [ RunTime:0.0451s ]
SQL: SELECT * FROM `aai_admin_rules` WHERE `pid` = 666 AND `status` = 1 ORDER BY orderid   [ RunTime:0.0452s ]
SQL: SELECT * FROM `aai_admin_rules` WHERE `pid` = 667 AND `status` = 1 ORDER BY orderid   [ RunTime:0.0455s ]
INFO: [ view_parse ] --START--
INFO: [ template_filter ] --START--
INFO: Run Behavior\ContentReplaceBehavior [ RunTime:0.000885s ]
INFO: [ template_filter ] --END-- [ RunTime:0.002171s ]
INFO: Run Behavior\ParseTemplateBehavior [ RunTime:0.069061s ]
INFO: [ view_parse ] --END-- [ RunTime:0.070375s ]
INFO: [ view_filter ] --START--
INFO: Run Behavior\WriteHtmlCacheBehavior [ RunTime:0.001098s ]
INFO: [ view_filter ] --END-- [ RunTime:0.002558s ]
INFO: [ app_end ] --START--
INFO: Run Behavior\ShowPageTraceBehavior [ RunTime:0.001166s ]
INFO: [ app_end ] --END-- [ RunTime:0.002362s ]

[ 2016-09-02T14:49:44+08:00 ] 127.0.0.1 /admin.php?c=Rules
INFO: [ app_init ] --START--
INFO: Run Behavior\BuildLiteBehavior [ RunTime:0.000211s ]
INFO: [ app_init ] --END-- [ RunTime:0.001855s ]
INFO: [ app_begin ] --START--
INFO: Run Behavior\ReadHtmlCacheBehavior [ RunTime:0.001251s ]
INFO: [ app_begin ] --END-- [ RunTime:0.002515s ]
SQL: SHOW COLUMNS FROM `aai_admin_rules` [ RunTime:0.0456s ]
SQL: SELECT * FROM `aai_admin_rules` WHERE `id` = 0 AND `status` = 1 ORDER BY orderid  LIMIT 1   [ RunTime:0.0461s ]
NOTIC: [2] krsort() expects parameter 1 to be array, null given E:\code\aainfo\php\ananinfo_web\Application\Admin\Model\RulesModel.class.php 第 24 行.
NOTIC: [2] array_values() expects parameter 1 to be array, null given E:\code\aainfo\php\ananinfo_web\Application\Admin\Model\RulesModel.class.php 第 25 行.
SQL: SELECT * FROM `aai_admin_rules` WHERE `pid` = 0 AND `status` = 1 ORDER BY orderid   [ RunTime:0.0465s ]
SQL: SELECT * FROM `aai_admin_rules` WHERE `pid` = 658 AND `status` = 1 ORDER BY orderid   [ RunTime:0.0472s ]
SQL: SELECT * FROM `aai_admin_rules` WHERE `pid` = 668 AND `status` = 1 ORDER BY orderid   [ RunTime:0.0461s ]
SQL: SELECT * FROM `aai_admin_rules` WHERE `pid` = 659 AND `status` = 1 ORDER BY orderid   [ RunTime:0.0462s ]
SQL: SELECT * FROM `aai_admin_rules` WHERE `pid` = 660 AND `status` = 1 ORDER BY orderid   [ RunTime:0.0471s ]
SQL: SELECT * FROM `aai_admin_rules` WHERE `pid` = 661 AND `status` = 1 ORDER BY orderid   [ RunTime:0.0466s ]
SQL: SELECT * FROM `aai_admin_rules` WHERE `pid` = 662 AND `status` = 1 ORDER BY orderid   [ RunTime:0.0468s ]
SQL: SELECT * FROM `aai_admin_rules` WHERE `pid` = 663 AND `status` = 1 ORDER BY orderid   [ RunTime:0.0464s ]
SQL: SELECT * FROM `aai_admin_rules` WHERE `pid` = 664 AND `status` = 1 ORDER BY orderid   [ RunTime:0.0462s ]
SQL: SELECT * FROM `aai_admin_rules` WHERE `pid` = 665 AND `status` = 1 ORDER BY orderid   [ RunTime:0.0461s ]
SQL: SELECT * FROM `aai_admin_rules` WHERE `pid` = 666 AND `status` = 1 ORDER BY orderid   [ RunTime:0.0467s ]
SQL: SELECT * FROM `aai_admin_rules` WHERE `pid` = 667 AND `status` = 1 ORDER BY orderid   [ RunTime:0.0471s ]
INFO: [ view_parse ] --START--
INFO: [ template_filter ] --START--
INFO: Run Behavior\ContentReplaceBehavior [ RunTime:0.000928s ]
INFO: [ template_filter ] --END-- [ RunTime:0.002798s ]
INFO: Run Behavior\ParseTemplateBehavior [ RunTime:0.093051s ]
INFO: [ view_parse ] --END-- [ RunTime:0.095078s ]
INFO: [ view_filter ] --START--
INFO: Run Behavior\WriteHtmlCacheBehavior [ RunTime:0.001064s ]
INFO: [ view_filter ] --END-- [ RunTime:0.002292s ]
INFO: [ app_end ] --START--
INFO: Run Behavior\ShowPageTraceBehavior [ RunTime:0.001190s ]
INFO: [ app_end ] --END-- [ RunTime:0.002341s ]

[ 2016-09-02T14:50:38+08:00 ] 127.0.0.1 /admin.php
INFO: [ app_init ] --START--
INFO: Run Behavior\BuildLiteBehavior [ RunTime:0.000220s ]
INFO: [ app_init ] --END-- [ RunTime:0.001948s ]
INFO: [ app_begin ] --START--
INFO: Run Behavior\ReadHtmlCacheBehavior [ RunTime:0.001249s ]
INFO: [ app_begin ] --END-- [ RunTime:0.002472s ]
SQL: SHOW COLUMNS FROM `aai_admin_rules` [ RunTime:0.0466s ]
SQL: SELECT * FROM `aai_admin_rules` WHERE `id` = 0 AND `status` = 1 ORDER BY orderid  LIMIT 1   [ RunTime:0.0472s ]
NOTIC: [2] krsort() expects parameter 1 to be array, null given E:\code\aainfo\php\ananinfo_web\Application\Admin\Model\RulesModel.class.php 第 24 行.
NOTIC: [2] array_values() expects parameter 1 to be array, null given E:\code\aainfo\php\ananinfo_web\Application\Admin\Model\RulesModel.class.php 第 25 行.
SQL: SELECT * FROM `aai_admin_rules` WHERE `pid` = 0 AND `status` = 1 ORDER BY orderid   [ RunTime:0.0462s ]
SQL: SELECT * FROM `aai_admin_rules` WHERE `pid` = 658 AND `status` = 1 ORDER BY orderid   [ RunTime:0.0456s ]
SQL: SELECT * FROM `aai_admin_rules` WHERE `pid` = 668 AND `status` = 1 ORDER BY orderid   [ RunTime:0.0462s ]
SQL: SELECT * FROM `aai_admin_rules` WHERE `pid` = 659 AND `status` = 1 ORDER BY orderid   [ RunTime:0.0453s ]
SQL: SELECT * FROM `aai_admin_rules` WHERE `pid` = 660 AND `status` = 1 ORDER BY orderid   [ RunTime:0.0460s ]
SQL: SELECT * FROM `aai_admin_rules` WHERE `pid` = 661 AND `status` = 1 ORDER BY orderid   [ RunTime:0.0455s ]
SQL: SELECT * FROM `aai_admin_rules` WHERE `pid` = 662 AND `status` = 1 ORDER BY orderid   [ RunTime:0.0455s ]
SQL: SELECT * FROM `aai_admin_rules` WHERE `pid` = 663 AND `status` = 1 ORDER BY orderid   [ RunTime:0.0463s ]
SQL: SELECT * FROM `aai_admin_rules` WHERE `pid` = 664 AND `status` = 1 ORDER BY orderid   [ RunTime:0.0462s ]
SQL: SELECT * FROM `aai_admin_rules` WHERE `pid` = 665 AND `status` = 1 ORDER BY orderid   [ RunTime:0.0460s ]
SQL: SELECT * FROM `aai_admin_rules` WHERE `pid` = 666 AND `status` = 1 ORDER BY orderid   [ RunTime:0.0482s ]
SQL: SELECT * FROM `aai_admin_rules` WHERE `pid` = 667 AND `status` = 1 ORDER BY orderid   [ RunTime:0.0458s ]
NOTIC: [8] Undefined variable: assign E:\code\aainfo\php\ananinfo_web\Application\Admin\Controller\IndexController.class.php 第 17 行.
INFO: [ view_parse ] --START--
INFO: [ template_filter ] --START--
INFO: Run Behavior\ContentReplaceBehavior [ RunTime:0.001498s ]
INFO: [ template_filter ] --END-- [ RunTime:0.003054s ]
INFO: Run Behavior\ParseTemplateBehavior [ RunTime:0.122176s ]
INFO: [ view_parse ] --END-- [ RunTime:0.124098s ]
INFO: [ view_filter ] --START--
INFO: Run Behavior\WriteHtmlCacheBehavior [ RunTime:0.001173s ]
INFO: [ view_filter ] --END-- [ RunTime:0.002349s ]
INFO: [ app_end ] --START--
INFO: Run Behavior\ShowPageTraceBehavior [ RunTime:0.001165s ]
INFO: [ app_end ] --END-- [ RunTime:0.002426s ]

[ 2016-09-02T14:50:42+08:00 ] 127.0.0.1 /admin.php?c=Rules&a=doWork&menuid=658
INFO: [ app_init ] --START--
INFO: Run Behavior\BuildLiteBehavior [ RunTime:0.000230s ]
INFO: [ app_init ] --END-- [ RunTime:0.002034s ]
INFO: [ app_begin ] --START--
INFO: Run Behavior\ReadHtmlCacheBehavior [ RunTime:0.001578s ]
INFO: [ app_begin ] --END-- [ RunTime:0.002791s ]
SQL: SHOW COLUMNS FROM `aai_admin_rules` [ RunTime:0.0504s ]
SQL: SELECT * FROM `aai_admin_rules` WHERE `id` = 658 AND `status` = 1 ORDER BY orderid  LIMIT 1   [ RunTime:0.0498s ]
NOTIC: [2] krsort() expects parameter 1 to be array, null given E:\code\aainfo\php\ananinfo_web\Application\Admin\Model\RulesModel.class.php 第 24 行.
NOTIC: [2] array_values() expects parameter 1 to be array, null given E:\code\aainfo\php\ananinfo_web\Application\Admin\Model\RulesModel.class.php 第 25 行.
SQL: SELECT * FROM `aai_admin_rules` WHERE `pid` = 0 AND `status` = 1 ORDER BY orderid   [ RunTime:0.0503s ]
SQL: SELECT * FROM `aai_admin_rules` WHERE `pid` = 658 AND `status` = 1 ORDER BY orderid   [ RunTime:0.0504s ]
SQL: SELECT * FROM `aai_admin_rules` WHERE `pid` = 668 AND `status` = 1 ORDER BY orderid   [ RunTime:0.0500s ]
SQL: SELECT * FROM `aai_admin_rules` WHERE `pid` = 659 AND `status` = 1 ORDER BY orderid   [ RunTime:0.0495s ]
SQL: SELECT * FROM `aai_admin_rules` WHERE `pid` = 660 AND `status` = 1 ORDER BY orderid   [ RunTime:0.0498s ]
SQL: SELECT * FROM `aai_admin_rules` WHERE `pid` = 661 AND `status` = 1 ORDER BY orderid   [ RunTime:0.0501s ]
SQL: SELECT * FROM `aai_admin_rules` WHERE `pid` = 662 AND `status` = 1 ORDER BY orderid   [ RunTime:0.0507s ]
SQL: SELECT * FROM `aai_admin_rules` WHERE `pid` = 663 AND `status` = 1 ORDER BY orderid   [ RunTime:0.0500s ]
SQL: SELECT * FROM `aai_admin_rules` WHERE `pid` = 664 AND `status` = 1 ORDER BY orderid   [ RunTime:0.0497s ]
SQL: SELECT * FROM `aai_admin_rules` WHERE `pid` = 665 AND `status` = 1 ORDER BY orderid   [ RunTime:0.0501s ]
SQL: SELECT * FROM `aai_admin_rules` WHERE `pid` = 666 AND `status` = 1 ORDER BY orderid   [ RunTime:0.0515s ]
SQL: SELECT * FROM `aai_admin_rules` WHERE `pid` = 667 AND `status` = 1 ORDER BY orderid   [ RunTime:0.0500s ]
ERR: 非法操作:doWork

[ 2016-09-02T14:55:56+08:00 ] 127.0.0.1 /admin.php/rules
INFO: [ app_init ] --START--
INFO: Run Behavior\BuildLiteBehavior [ RunTime:0.000226s ]
INFO: [ app_init ] --END-- [ RunTime:0.002050s ]
INFO: [ app_begin ] --START--
INFO: Run Behavior\ReadHtmlCacheBehavior [ RunTime:0.001221s ]
INFO: [ app_begin ] --END-- [ RunTime:0.002501s ]
SQL: SHOW COLUMNS FROM `aai_admin_rules` [ RunTime:0.0454s ]
SQL: SELECT * FROM `aai_admin_rules` WHERE `id` = 0 AND `status` = 1 ORDER BY orderid  LIMIT 1   [ RunTime:0.0462s ]
NOTIC: [2] krsort() expects parameter 1 to be array, null given E:\code\aainfo\php\ananinfo_web\Application\Admin\Model\RulesModel.class.php 第 24 行.
NOTIC: [2] array_values() expects parameter 1 to be array, null given E:\code\aainfo\php\ananinfo_web\Application\Admin\Model\RulesModel.class.php 第 25 行.
SQL: SELECT * FROM `aai_admin_rules` WHERE `pid` = 0 AND `status` = 1 ORDER BY orderid   [ RunTime:0.0462s ]
SQL: SELECT * FROM `aai_admin_rules` WHERE `pid` = 658 AND `status` = 1 ORDER BY orderid   [ RunTime:0.0461s ]
SQL: SELECT * FROM `aai_admin_rules` WHERE `pid` = 668 AND `status` = 1 ORDER BY orderid   [ RunTime:0.0466s ]
SQL: SELECT * FROM `aai_admin_rules` WHERE `pid` = 659 AND `status` = 1 ORDER BY orderid   [ RunTime:0.0458s ]
SQL: SELECT * FROM `aai_admin_rules` WHERE `pid` = 660 AND `status` = 1 ORDER BY orderid   [ RunTime:0.0462s ]
SQL: SELECT * FROM `aai_admin_rules` WHERE `pid` = 661 AND `status` = 1 ORDER BY orderid   [ RunTime:0.0465s ]
SQL: SELECT * FROM `aai_admin_rules` WHERE `pid` = 662 AND `status` = 1 ORDER BY orderid   [ RunTime:0.0465s ]
SQL: SELECT * FROM `aai_admin_rules` WHERE `pid` = 663 AND `status` = 1 ORDER BY orderid   [ RunTime:0.0467s ]
SQL: SELECT * FROM `aai_admin_rules` WHERE `pid` = 664 AND `status` = 1 ORDER BY orderid   [ RunTime:0.0496s ]
SQL: SELECT * FROM `aai_admin_rules` WHERE `pid` = 665 AND `status` = 1 ORDER BY orderid   [ RunTime:0.0463s ]
SQL: SELECT * FROM `aai_admin_rules` WHERE `pid` = 666 AND `status` = 1 ORDER BY orderid   [ RunTime:0.0484s ]
SQL: SELECT * FROM `aai_admin_rules` WHERE `pid` = 667 AND `status` = 1 ORDER BY orderid   [ RunTime:0.0465s ]
ERR: 非法操作:rules

[ 2016-09-02T14:56:09+08:00 ] 127.0.0.1 /admin.php/Rules
INFO: [ app_init ] --START--
INFO: Run Behavior\BuildLiteBehavior [ RunTime:0.000332s ]
INFO: [ app_init ] --END-- [ RunTime:0.002097s ]
INFO: [ app_begin ] --START--
INFO: Run Behavior\ReadHtmlCacheBehavior [ RunTime:0.001250s ]
INFO: [ app_begin ] --END-- [ RunTime:0.002759s ]
SQL: SHOW COLUMNS FROM `aai_admin_rules` [ RunTime:0.0451s ]
SQL: SELECT * FROM `aai_admin_rules` WHERE `id` = 0 AND `status` = 1 ORDER BY orderid  LIMIT 1   [ RunTime:0.0450s ]
NOTIC: [2] krsort() expects parameter 1 to be array, null given E:\code\aainfo\php\ananinfo_web\Application\Admin\Model\RulesModel.class.php 第 24 行.
NOTIC: [2] array_values() expects parameter 1 to be array, null given E:\code\aainfo\php\ananinfo_web\Application\Admin\Model\RulesModel.class.php 第 25 行.
SQL: SELECT * FROM `aai_admin_rules` WHERE `pid` = 0 AND `status` = 1 ORDER BY orderid   [ RunTime:0.0452s ]
SQL: SELECT * FROM `aai_admin_rules` WHERE `pid` = 658 AND `status` = 1 ORDER BY orderid   [ RunTime:0.0447s ]
SQL: SELECT * FROM `aai_admin_rules` WHERE `pid` = 668 AND `status` = 1 ORDER BY orderid   [ RunTime:0.0447s ]
SQL: SELECT * FROM `aai_admin_rules` WHERE `pid` = 659 AND `status` = 1 ORDER BY orderid   [ RunTime:0.0450s ]
SQL: SELECT * FROM `aai_admin_rules` WHERE `pid` = 660 AND `status` = 1 ORDER BY orderid   [ RunTime:0.0448s ]
SQL: SELECT * FROM `aai_admin_rules` WHERE `pid` = 661 AND `status` = 1 ORDER BY orderid   [ RunTime:0.0458s ]
SQL: SELECT * FROM `aai_admin_rules` WHERE `pid` = 662 AND `status` = 1 ORDER BY orderid   [ RunTime:0.0462s ]
SQL: SELECT * FROM `aai_admin_rules` WHERE `pid` = 663 AND `status` = 1 ORDER BY orderid   [ RunTime:0.0458s ]
SQL: SELECT * FROM `aai_admin_rules` WHERE `pid` = 664 AND `status` = 1 ORDER BY orderid   [ RunTime:0.0464s ]
SQL: SELECT * FROM `aai_admin_rules` WHERE `pid` = 665 AND `status` = 1 ORDER BY orderid   [ RunTime:0.0465s ]
SQL: SELECT * FROM `aai_admin_rules` WHERE `pid` = 666 AND `status` = 1 ORDER BY orderid   [ RunTime:0.0461s ]
SQL: SELECT * FROM `aai_admin_rules` WHERE `pid` = 667 AND `status` = 1 ORDER BY orderid   [ RunTime:0.0468s ]
ERR: 非法操作:Rules

[ 2016-09-02T14:56:23+08:00 ] 127.0.0.1 /admin.php/?c=Rules
INFO: [ app_init ] --START--
INFO: Run Behavior\BuildLiteBehavior [ RunTime:0.000219s ]
INFO: [ app_init ] --END-- [ RunTime:0.001921s ]
INFO: [ app_begin ] --START--
INFO: Run Behavior\ReadHtmlCacheBehavior [ RunTime:0.001275s ]
INFO: [ app_begin ] --END-- [ RunTime:0.002516s ]
SQL: SHOW COLUMNS FROM `aai_admin_rules` [ RunTime:0.0487s ]
SQL: SELECT * FROM `aai_admin_rules` WHERE `id` = 0 AND `status` = 1 ORDER BY orderid  LIMIT 1   [ RunTime:0.0469s ]
NOTIC: [2] krsort() expects parameter 1 to be array, null given E:\code\aainfo\php\ananinfo_web\Application\Admin\Model\RulesModel.class.php 第 24 行.
NOTIC: [2] array_values() expects parameter 1 to be array, null given E:\code\aainfo\php\ananinfo_web\Application\Admin\Model\RulesModel.class.php 第 25 行.
SQL: SELECT * FROM `aai_admin_rules` WHERE `pid` = 0 AND `status` = 1 ORDER BY orderid   [ RunTime:0.0459s ]
SQL: SELECT * FROM `aai_admin_rules` WHERE `pid` = 658 AND `status` = 1 ORDER BY orderid   [ RunTime:0.0457s ]
SQL: SELECT * FROM `aai_admin_rules` WHERE `pid` = 668 AND `status` = 1 ORDER BY orderid   [ RunTime:0.0465s ]
SQL: SELECT * FROM `aai_admin_rules` WHERE `pid` = 659 AND `status` = 1 ORDER BY orderid   [ RunTime:0.0462s ]
SQL: SELECT * FROM `aai_admin_rules` WHERE `pid` = 660 AND `status` = 1 ORDER BY orderid   [ RunTime:0.0456s ]
SQL: SELECT * FROM `aai_admin_rules` WHERE `pid` = 661 AND `status` = 1 ORDER BY orderid   [ RunTime:0.0467s ]
SQL: SELECT * FROM `aai_admin_rules` WHERE `pid` = 662 AND `status` = 1 ORDER BY orderid   [ RunTime:0.0460s ]
SQL: SELECT * FROM `aai_admin_rules` WHERE `pid` = 663 AND `status` = 1 ORDER BY orderid   [ RunTime:0.0462s ]
SQL: SELECT * FROM `aai_admin_rules` WHERE `pid` = 664 AND `status` = 1 ORDER BY orderid   [ RunTime:0.0458s ]
SQL: SELECT * FROM `aai_admin_rules` WHERE `pid` = 665 AND `status` = 1 ORDER BY orderid   [ RunTime:0.0466s ]
SQL: SELECT * FROM `aai_admin_rules` WHERE `pid` = 666 AND `status` = 1 ORDER BY orderid   [ RunTime:0.0475s ]
SQL: SELECT * FROM `aai_admin_rules` WHERE `pid` = 667 AND `status` = 1 ORDER BY orderid   [ RunTime:0.0458s ]
NOTIC: [8] Undefined variable: assign E:\code\aainfo\php\ananinfo_web\Application\Admin\Controller\IndexController.class.php 第 17 行.
INFO: [ view_parse ] --START--
INFO: [ template_filter ] --START--
INFO: Run Behavior\ContentReplaceBehavior [ RunTime:0.001044s ]
INFO: [ template_filter ] --END-- [ RunTime:0.002731s ]
INFO: Run Behavior\ParseTemplateBehavior [ RunTime:0.123294s ]
INFO: [ view_parse ] --END-- [ RunTime:0.125133s ]
INFO: [ view_filter ] --START--
INFO: Run Behavior\WriteHtmlCacheBehavior [ RunTime:0.001046s ]
INFO: [ view_filter ] --END-- [ RunTime:0.002226s ]
INFO: [ app_end ] --START--
INFO: Run Behavior\ShowPageTraceBehavior [ RunTime:0.001128s ]
INFO: [ app_end ] --END-- [ RunTime:0.002288s ]

[ 2016-09-02T14:56:34+08:00 ] 127.0.0.1 /admin.php/?c=admin
INFO: [ app_init ] --START--
INFO: Run Behavior\BuildLiteBehavior [ RunTime:0.000206s ]
INFO: [ app_init ] --END-- [ RunTime:0.001812s ]
INFO: [ app_begin ] --START--
INFO: Run Behavior\ReadHtmlCacheBehavior [ RunTime:0.001256s ]
INFO: [ app_begin ] --END-- [ RunTime:0.002383s ]
SQL: SHOW COLUMNS FROM `aai_admin_rules` [ RunTime:0.0470s ]
SQL: SELECT * FROM `aai_admin_rules` WHERE `id` = 0 AND `status` = 1 ORDER BY orderid  LIMIT 1   [ RunTime:0.0471s ]
NOTIC: [2] krsort() expects parameter 1 to be array, null given E:\code\aainfo\php\ananinfo_web\Application\Admin\Model\RulesModel.class.php 第 24 行.
NOTIC: [2] array_values() expects parameter 1 to be array, null given E:\code\aainfo\php\ananinfo_web\Application\Admin\Model\RulesModel.class.php 第 25 行.
SQL: SELECT * FROM `aai_admin_rules` WHERE `pid` = 0 AND `status` = 1 ORDER BY orderid   [ RunTime:0.0469s ]
SQL: SELECT * FROM `aai_admin_rules` WHERE `pid` = 658 AND `status` = 1 ORDER BY orderid   [ RunTime:0.0463s ]
SQL: SELECT * FROM `aai_admin_rules` WHERE `pid` = 668 AND `status` = 1 ORDER BY orderid   [ RunTime:0.0465s ]
SQL: SELECT * FROM `aai_admin_rules` WHERE `pid` = 659 AND `status` = 1 ORDER BY orderid   [ RunTime:0.0471s ]
SQL: SELECT * FROM `aai_admin_rules` WHERE `pid` = 660 AND `status` = 1 ORDER BY orderid   [ RunTime:0.0466s ]
SQL: SELECT * FROM `aai_admin_rules` WHERE `pid` = 661 AND `status` = 1 ORDER BY orderid   [ RunTime:0.0474s ]
SQL: SELECT * FROM `aai_admin_rules` WHERE `pid` = 662 AND `status` = 1 ORDER BY orderid   [ RunTime:0.0469s ]
SQL: SELECT * FROM `aai_admin_rules` WHERE `pid` = 663 AND `status` = 1 ORDER BY orderid   [ RunTime:0.0475s ]
SQL: SELECT * FROM `aai_admin_rules` WHERE `pid` = 664 AND `status` = 1 ORDER BY orderid   [ RunTime:0.0469s ]
SQL: SELECT * FROM `aai_admin_rules` WHERE `pid` = 665 AND `status` = 1 ORDER BY orderid   [ RunTime:0.0470s ]
SQL: SELECT * FROM `aai_admin_rules` WHERE `pid` = 666 AND `status` = 1 ORDER BY orderid   [ RunTime:0.0475s ]
SQL: SELECT * FROM `aai_admin_rules` WHERE `pid` = 667 AND `status` = 1 ORDER BY orderid   [ RunTime:0.0468s ]
NOTIC: [8] Undefined variable: assign E:\code\aainfo\php\ananinfo_web\Application\Admin\Controller\IndexController.class.php 第 17 行.
INFO: [ view_parse ] --START--
INFO: [ template_filter ] --START--
INFO: Run Behavior\ContentReplaceBehavior [ RunTime:0.000831s ]
INFO: [ template_filter ] --END-- [ RunTime:0.002657s ]
INFO: Run Behavior\ParseTemplateBehavior [ RunTime:0.090848s ]
INFO: [ view_parse ] --END-- [ RunTime:0.093011s ]
INFO: [ view_filter ] --START--
INFO: Run Behavior\WriteHtmlCacheBehavior [ RunTime:0.001129s ]
INFO: [ view_filter ] --END-- [ RunTime:0.002404s ]
INFO: [ app_end ] --START--
INFO: Run Behavior\ShowPageTraceBehavior [ RunTime:0.001212s ]
INFO: [ app_end ] --END-- [ RunTime:0.002323s ]

[ 2016-09-02T14:56:41+08:00 ] 127.0.0.1 /admin.php/?c=Rules&a=doWork&menuid=661
INFO: [ app_init ] --START--
INFO: Run Behavior\BuildLiteBehavior [ RunTime:0.000234s ]
INFO: [ app_init ] --END-- [ RunTime:0.002009s ]
INFO: [ app_begin ] --START--
INFO: Run Behavior\ReadHtmlCacheBehavior [ RunTime:0.001445s ]
INFO: [ app_begin ] --END-- [ RunTime:0.002926s ]
SQL: SHOW COLUMNS FROM `aai_admin_rules` [ RunTime:0.0463s ]
SQL: SELECT * FROM `aai_admin_rules` WHERE `id` = 661 AND `status` = 1 ORDER BY orderid  LIMIT 1   [ RunTime:0.0479s ]
NOTIC: [2] krsort() expects parameter 1 to be array, null given E:\code\aainfo\php\ananinfo_web\Application\Admin\Model\RulesModel.class.php 第 24 行.
NOTIC: [2] array_values() expects parameter 1 to be array, null given E:\code\aainfo\php\ananinfo_web\Application\Admin\Model\RulesModel.class.php 第 25 行.
SQL: SELECT * FROM `aai_admin_rules` WHERE `pid` = 0 AND `status` = 1 ORDER BY orderid   [ RunTime:0.0489s ]
SQL: SELECT * FROM `aai_admin_rules` WHERE `pid` = 658 AND `status` = 1 ORDER BY orderid   [ RunTime:0.0513s ]
SQL: SELECT * FROM `aai_admin_rules` WHERE `pid` = 668 AND `status` = 1 ORDER BY orderid   [ RunTime:0.0560s ]
SQL: SELECT * FROM `aai_admin_rules` WHERE `pid` = 659 AND `status` = 1 ORDER BY orderid   [ RunTime:0.0595s ]
SQL: SELECT * FROM `aai_admin_rules` WHERE `pid` = 660 AND `status` = 1 ORDER BY orderid   [ RunTime:0.0556s ]
SQL: SELECT * FROM `aai_admin_rules` WHERE `pid` = 661 AND `status` = 1 ORDER BY orderid   [ RunTime:0.0535s ]
SQL: SELECT * FROM `aai_admin_rules` WHERE `pid` = 662 AND `status` = 1 ORDER BY orderid   [ RunTime:0.0579s ]
SQL: SELECT * FROM `aai_admin_rules` WHERE `pid` = 663 AND `status` = 1 ORDER BY orderid   [ RunTime:0.0538s ]
SQL: SELECT * FROM `aai_admin_rules` WHERE `pid` = 664 AND `status` = 1 ORDER BY orderid   [ RunTime:0.0570s ]
SQL: SELECT * FROM `aai_admin_rules` WHERE `pid` = 665 AND `status` = 1 ORDER BY orderid   [ RunTime:0.0576s ]
SQL: SELECT * FROM `aai_admin_rules` WHERE `pid` = 666 AND `status` = 1 ORDER BY orderid   [ RunTime:0.0562s ]
SQL: SELECT * FROM `aai_admin_rules` WHERE `pid` = 667 AND `status` = 1 ORDER BY orderid   [ RunTime:0.0458s ]
ERR: 非法操作:doWork

[ 2016-09-02T15:03:02+08:00 ] 127.0.0.1 /Admin.php
INFO: [ app_init ] --START--
INFO: Run Behavior\BuildLiteBehavior [ RunTime:0.000229s ]
INFO: [ app_init ] --END-- [ RunTime:0.001988s ]
INFO: [ app_begin ] --START--
INFO: Run Behavior\ReadHtmlCacheBehavior [ RunTime:0.001312s ]
INFO: [ app_begin ] --END-- [ RunTime:0.002603s ]
SQL: SHOW COLUMNS FROM `aai_admin_rules` [ RunTime:0.0524s ]
SQL: SELECT * FROM `aai_admin_rules` WHERE `id` = 0 AND `status` = 1 ORDER BY orderid  LIMIT 1   [ RunTime:0.0473s ]
NOTIC: [2] krsort() expects parameter 1 to be array, null given E:\code\aainfo\php\ananinfo_web\Application\Admin\Model\RulesModel.class.php 第 24 行.
NOTIC: [2] array_values() expects parameter 1 to be array, null given E:\code\aainfo\php\ananinfo_web\Application\Admin\Model\RulesModel.class.php 第 25 行.
SQL: SELECT * FROM `aai_admin_rules` WHERE `pid` = 0 AND `status` = 1 ORDER BY orderid   [ RunTime:0.0475s ]
SQL: SELECT * FROM `aai_admin_rules` WHERE `pid` = 658 AND `status` = 1 ORDER BY orderid   [ RunTime:0.0483s ]
SQL: SELECT * FROM `aai_admin_rules` WHERE `pid` = 668 AND `status` = 1 ORDER BY orderid   [ RunTime:0.0489s ]
SQL: SELECT * FROM `aai_admin_rules` WHERE `pid` = 659 AND `status` = 1 ORDER BY orderid   [ RunTime:0.0485s ]
SQL: SELECT * FROM `aai_admin_rules` WHERE `pid` = 660 AND `status` = 1 ORDER BY orderid   [ RunTime:0.0480s ]
SQL: SELECT * FROM `aai_admin_rules` WHERE `pid` = 661 AND `status` = 1 ORDER BY orderid   [ RunTime:0.0566s ]
SQL: SELECT * FROM `aai_admin_rules` WHERE `pid` = 662 AND `status` = 1 ORDER BY orderid   [ RunTime:0.0624s ]
SQL: SELECT * FROM `aai_admin_rules` WHERE `pid` = 663 AND `status` = 1 ORDER BY orderid   [ RunTime:0.0624s ]
SQL: SELECT * FROM `aai_admin_rules` WHERE `pid` = 664 AND `status` = 1 ORDER BY orderid   [ RunTime:0.0607s ]
SQL: SELECT * FROM `aai_admin_rules` WHERE `pid` = 665 AND `status` = 1 ORDER BY orderid   [ RunTime:0.0608s ]
SQL: SELECT * FROM `aai_admin_rules` WHERE `pid` = 666 AND `status` = 1 ORDER BY orderid   [ RunTime:0.0636s ]
SQL: SELECT * FROM `aai_admin_rules` WHERE `pid` = 667 AND `status` = 1 ORDER BY orderid   [ RunTime:0.3494s ]
NOTIC: [8] Undefined variable: assign E:\code\aainfo\php\ananinfo_web\Application\Admin\Controller\IndexController.class.php 第 17 行.
INFO: [ view_parse ] --START--
INFO: [ template_filter ] --START--
INFO: Run Behavior\ContentReplaceBehavior [ RunTime:0.000838s ]
INFO: [ template_filter ] --END-- [ RunTime:0.002214s ]
INFO: Run Behavior\ParseTemplateBehavior [ RunTime:0.127226s ]
INFO: [ view_parse ] --END-- [ RunTime:0.130171s ]
INFO: [ view_filter ] --START--
INFO: Run Behavior\WriteHtmlCacheBehavior [ RunTime:0.001139s ]
INFO: [ view_filter ] --END-- [ RunTime:0.002306s ]
INFO: [ app_end ] --START--
INFO: Run Behavior\ShowPageTraceBehavior [ RunTime:0.001394s ]
INFO: [ app_end ] --END-- [ RunTime:0.002653s ]

[ 2016-09-02T15:03:10+08:00 ] 127.0.0.1 /Admin.php?c=Rules&a=doWork&menuid=658
INFO: [ app_init ] --START--
INFO: Run Behavior\BuildLiteBehavior [ RunTime:0.000229s ]
INFO: [ app_init ] --END-- [ RunTime:0.002017s ]
INFO: [ app_begin ] --START--
INFO: Run Behavior\ReadHtmlCacheBehavior [ RunTime:0.001309s ]
INFO: [ app_begin ] --END-- [ RunTime:0.002625s ]
SQL: SHOW COLUMNS FROM `aai_admin_rules` [ RunTime:0.0471s ]
SQL: SELECT * FROM `aai_admin_rules` WHERE `id` = 658 AND `status` = 1 ORDER BY orderid  LIMIT 1   [ RunTime:0.0464s ]
NOTIC: [2] krsort() expects parameter 1 to be array, null given E:\code\aainfo\php\ananinfo_web\Application\Admin\Model\RulesModel.class.php 第 24 行.
NOTIC: [2] array_values() expects parameter 1 to be array, null given E:\code\aainfo\php\ananinfo_web\Application\Admin\Model\RulesModel.class.php 第 25 行.
SQL: SELECT * FROM `aai_admin_rules` WHERE `pid` = 0 AND `status` = 1 ORDER BY orderid   [ RunTime:0.0467s ]
SQL: SELECT * FROM `aai_admin_rules` WHERE `pid` = 658 AND `status` = 1 ORDER BY orderid   [ RunTime:0.0511s ]
SQL: SELECT * FROM `aai_admin_rules` WHERE `pid` = 668 AND `status` = 1 ORDER BY orderid   [ RunTime:0.0465s ]
SQL: SELECT * FROM `aai_admin_rules` WHERE `pid` = 659 AND `status` = 1 ORDER BY orderid   [ RunTime:0.0459s ]
SQL: SELECT * FROM `aai_admin_rules` WHERE `pid` = 660 AND `status` = 1 ORDER BY orderid   [ RunTime:0.0467s ]
SQL: SELECT * FROM `aai_admin_rules` WHERE `pid` = 661 AND `status` = 1 ORDER BY orderid   [ RunTime:0.0470s ]
SQL: SELECT * FROM `aai_admin_rules` WHERE `pid` = 662 AND `status` = 1 ORDER BY orderid   [ RunTime:0.0473s ]
SQL: SELECT * FROM `aai_admin_rules` WHERE `pid` = 663 AND `status` = 1 ORDER BY orderid   [ RunTime:0.0472s ]
SQL: SELECT * FROM `aai_admin_rules` WHERE `pid` = 664 AND `status` = 1 ORDER BY orderid   [ RunTime:0.0469s ]
SQL: SELECT * FROM `aai_admin_rules` WHERE `pid` = 665 AND `status` = 1 ORDER BY orderid   [ RunTime:0.0468s ]
SQL: SELECT * FROM `aai_admin_rules` WHERE `pid` = 666 AND `status` = 1 ORDER BY orderid   [ RunTime:0.0464s ]
SQL: SELECT * FROM `aai_admin_rules` WHERE `pid` = 667 AND `status` = 1 ORDER BY orderid   [ RunTime:0.0466s ]
ERR: 非法操作:doWork

[ 2016-09-02T15:05:26+08:00 ] 127.0.0.1 /Admin.php
INFO: [ app_init ] --START--
INFO: Run Behavior\BuildLiteBehavior [ RunTime:0.000222s ]
INFO: [ app_init ] --END-- [ RunTime:0.001930s ]
INFO: [ app_begin ] --START--
INFO: Run Behavior\ReadHtmlCacheBehavior [ RunTime:0.001313s ]
INFO: [ app_begin ] --END-- [ RunTime:0.002552s ]
SQL: SHOW COLUMNS FROM `aai_admin_rules` [ RunTime:0.0453s ]
SQL: SELECT * FROM `aai_admin_rules` WHERE `id` = 0 AND `status` = 1 ORDER BY orderid  LIMIT 1   [ RunTime:0.0451s ]
NOTIC: [2] krsort() expects parameter 1 to be array, null given E:\code\aainfo\php\ananinfo_web\Application\Admin\Model\RulesModel.class.php 第 24 行.
NOTIC: [2] array_values() expects parameter 1 to be array, null given E:\code\aainfo\php\ananinfo_web\Application\Admin\Model\RulesModel.class.php 第 25 行.
SQL: SELECT * FROM `aai_admin_rules` WHERE `pid` = 0 AND `status` = 1 ORDER BY orderid   [ RunTime:0.0466s ]
SQL: SELECT * FROM `aai_admin_rules` WHERE `pid` = 658 AND `status` = 1 ORDER BY orderid   [ RunTime:0.0452s ]
SQL: SELECT * FROM `aai_admin_rules` WHERE `pid` = 668 AND `status` = 1 ORDER BY orderid   [ RunTime:0.0450s ]
SQL: SELECT * FROM `aai_admin_rules` WHERE `pid` = 659 AND `status` = 1 ORDER BY orderid   [ RunTime:0.0456s ]
SQL: SELECT * FROM `aai_admin_rules` WHERE `pid` = 660 AND `status` = 1 ORDER BY orderid   [ RunTime:0.0450s ]
SQL: SELECT * FROM `aai_admin_rules` WHERE `pid` = 661 AND `status` = 1 ORDER BY orderid   [ RunTime:0.0455s ]
SQL: SELECT * FROM `aai_admin_rules` WHERE `pid` = 662 AND `status` = 1 ORDER BY orderid   [ RunTime:0.0455s ]
SQL: SELECT * FROM `aai_admin_rules` WHERE `pid` = 663 AND `status` = 1 ORDER BY orderid   [ RunTime:0.0474s ]
SQL: SELECT * FROM `aai_admin_rules` WHERE `pid` = 664 AND `status` = 1 ORDER BY orderid   [ RunTime:0.0470s ]
SQL: SELECT * FROM `aai_admin_rules` WHERE `pid` = 665 AND `status` = 1 ORDER BY orderid   [ RunTime:0.0451s ]
SQL: SELECT * FROM `aai_admin_rules` WHERE `pid` = 666 AND `status` = 1 ORDER BY orderid   [ RunTime:0.0450s ]
SQL: SELECT * FROM `aai_admin_rules` WHERE `pid` = 667 AND `status` = 1 ORDER BY orderid   [ RunTime:0.0452s ]
NOTIC: [8] Undefined variable: assign E:\code\aainfo\php\ananinfo_web\Application\Admin\Controller\IndexController.class.php 第 17 行.
INFO: [ view_parse ] --START--
INFO: [ template_filter ] --START--
INFO: Run Behavior\ContentReplaceBehavior [ RunTime:0.000788s ]
INFO: [ template_filter ] --END-- [ RunTime:0.002247s ]
INFO: Run Behavior\ParseTemplateBehavior [ RunTime:0.093222s ]
INFO: [ view_parse ] --END-- [ RunTime:0.095195s ]
INFO: [ view_filter ] --START--
INFO: Run Behavior\WriteHtmlCacheBehavior [ RunTime:0.001109s ]
INFO: [ view_filter ] --END-- [ RunTime:0.002291s ]
INFO: [ app_end ] --START--
INFO: Run Behavior\ShowPageTraceBehavior [ RunTime:0.001161s ]
INFO: [ app_end ] --END-- [ RunTime:0.002332s ]

[ 2016-09-02T15:05:41+08:00 ] 127.0.0.1 /Admin.php?c=Rules&a=doWork&menuid=658
INFO: [ app_init ] --START--
INFO: Run Behavior\BuildLiteBehavior [ RunTime:0.000233s ]
INFO: [ app_init ] --END-- [ RunTime:0.001954s ]
INFO: [ app_begin ] --START--
INFO: Run Behavior\ReadHtmlCacheBehavior [ RunTime:0.001224s ]
INFO: [ app_begin ] --END-- [ RunTime:0.002504s ]
SQL: SHOW COLUMNS FROM `aai_admin_rules` [ RunTime:0.0476s ]
SQL: SELECT * FROM `aai_admin_rules` WHERE `id` = 658 AND `status` = 1 ORDER BY orderid  LIMIT 1   [ RunTime:0.0458s ]
NOTIC: [2] krsort() expects parameter 1 to be array, null given E:\code\aainfo\php\ananinfo_web\Application\Admin\Model\RulesModel.class.php 第 24 行.
NOTIC: [2] array_values() expects parameter 1 to be array, null given E:\code\aainfo\php\ananinfo_web\Application\Admin\Model\RulesModel.class.php 第 25 行.
SQL: SELECT * FROM `aai_admin_rules` WHERE `pid` = 0 AND `status` = 1 ORDER BY orderid   [ RunTime:0.0475s ]
SQL: SELECT * FROM `aai_admin_rules` WHERE `pid` = 658 AND `status` = 1 ORDER BY orderid   [ RunTime:0.0461s ]
SQL: SELECT * FROM `aai_admin_rules` WHERE `pid` = 668 AND `status` = 1 ORDER BY orderid   [ RunTime:0.0476s ]
SQL: SELECT * FROM `aai_admin_rules` WHERE `pid` = 659 AND `status` = 1 ORDER BY orderid   [ RunTime:0.0456s ]
SQL: SELECT * FROM `aai_admin_rules` WHERE `pid` = 660 AND `status` = 1 ORDER BY orderid   [ RunTime:0.0459s ]
SQL: SELECT * FROM `aai_admin_rules` WHERE `pid` = 661 AND `status` = 1 ORDER BY orderid   [ RunTime:0.0474s ]
SQL: SELECT * FROM `aai_admin_rules` WHERE `pid` = 662 AND `status` = 1 ORDER BY orderid   [ RunTime:0.0461s ]
SQL: SELECT * FROM `aai_admin_rules` WHERE `pid` = 663 AND `status` = 1 ORDER BY orderid   [ RunTime:0.0457s ]
SQL: SELECT * FROM `aai_admin_rules` WHERE `pid` = 664 AND `status` = 1 ORDER BY orderid   [ RunTime:0.0463s ]
SQL: SELECT * FROM `aai_admin_rules` WHERE `pid` = 665 AND `status` = 1 ORDER BY orderid   [ RunTime:0.0455s ]
SQL: SELECT * FROM `aai_admin_rules` WHERE `pid` = 666 AND `status` = 1 ORDER BY orderid   [ RunTime:0.0456s ]
SQL: SELECT * FROM `aai_admin_rules` WHERE `pid` = 667 AND `status` = 1 ORDER BY orderid   [ RunTime:0.0456s ]
ERR: 非法操作:doWork

[ 2016-09-02T15:06:01+08:00 ] 127.0.0.1 /Admin.php
INFO: [ app_init ] --START--
INFO: Run Behavior\BuildLiteBehavior [ RunTime:0.000218s ]
INFO: [ app_init ] --END-- [ RunTime:0.001929s ]
INFO: [ app_begin ] --START--
INFO: Run Behavior\ReadHtmlCacheBehavior [ RunTime:0.001273s ]
INFO: [ app_begin ] --END-- [ RunTime:0.002479s ]
SQL: SHOW COLUMNS FROM `aai_admin_rules` [ RunTime:0.0509s ]
SQL: SELECT * FROM `aai_admin_rules` WHERE `id` = 0 AND `status` = 1 ORDER BY orderid  LIMIT 1   [ RunTime:0.0510s ]
NOTIC: [2] krsort() expects parameter 1 to be array, null given E:\code\aainfo\php\ananinfo_web\Application\Admin\Model\RulesModel.class.php 第 24 行.
NOTIC: [2] array_values() expects parameter 1 to be array, null given E:\code\aainfo\php\ananinfo_web\Application\Admin\Model\RulesModel.class.php 第 25 行.
SQL: SELECT * FROM `aai_admin_rules` WHERE `pid` = 0 AND `status` = 1 ORDER BY orderid   [ RunTime:0.0516s ]
SQL: SELECT * FROM `aai_admin_rules` WHERE `pid` = 658 AND `status` = 1 ORDER BY orderid   [ RunTime:0.0504s ]
SQL: SELECT * FROM `aai_admin_rules` WHERE `pid` = 668 AND `status` = 1 ORDER BY orderid   [ RunTime:0.0506s ]
SQL: SELECT * FROM `aai_admin_rules` WHERE `pid` = 659 AND `status` = 1 ORDER BY orderid   [ RunTime:0.0504s ]
SQL: SELECT * FROM `aai_admin_rules` WHERE `pid` = 660 AND `status` = 1 ORDER BY orderid   [ RunTime:0.0504s ]
SQL: SELECT * FROM `aai_admin_rules` WHERE `pid` = 661 AND `status` = 1 ORDER BY orderid   [ RunTime:0.0517s ]
SQL: SELECT * FROM `aai_admin_rules` WHERE `pid` = 662 AND `status` = 1 ORDER BY orderid   [ RunTime:0.0510s ]
SQL: SELECT * FROM `aai_admin_rules` WHERE `pid` = 663 AND `status` = 1 ORDER BY orderid   [ RunTime:0.0509s ]
SQL: SELECT * FROM `aai_admin_rules` WHERE `pid` = 664 AND `status` = 1 ORDER BY orderid   [ RunTime:0.0500s ]
SQL: SELECT * FROM `aai_admin_rules` WHERE `pid` = 665 AND `status` = 1 ORDER BY orderid   [ RunTime:0.0503s ]
SQL: SELECT * FROM `aai_admin_rules` WHERE `pid` = 666 AND `status` = 1 ORDER BY orderid   [ RunTime:0.0507s ]
SQL: SELECT * FROM `aai_admin_rules` WHERE `pid` = 667 AND `status` = 1 ORDER BY orderid   [ RunTime:0.0499s ]
NOTIC: [8] Undefined variable: assign E:\code\aainfo\php\ananinfo_web\Application\Admin\Controller\IndexController.class.php 第 17 行.
INFO: [ view_parse ] --START--
INFO: [ template_filter ] --START--
INFO: Run Behavior\ContentReplaceBehavior [ RunTime:0.000845s ]
INFO: [ template_filter ] --END-- [ RunTime:0.002122s ]
INFO: Run Behavior\ParseTemplateBehavior [ RunTime:0.095636s ]
INFO: [ view_parse ] --END-- [ RunTime:0.097558s ]
INFO: [ view_filter ] --START--
INFO: Run Behavior\WriteHtmlCacheBehavior [ RunTime:0.001131s ]
INFO: [ view_filter ] --END-- [ RunTime:0.002300s ]
INFO: [ app_end ] --START--
INFO: Run Behavior\ShowPageTraceBehavior [ RunTime:0.001504s ]
INFO: [ app_end ] --END-- [ RunTime:0.003171s ]

[ 2016-09-02T15:07:08+08:00 ] 127.0.0.1 /Admin.php
INFO: [ app_init ] --START--
INFO: Run Behavior\BuildLiteBehavior [ RunTime:0.000226s ]
INFO: [ app_init ] --END-- [ RunTime:0.002044s ]
INFO: [ app_begin ] --START--
INFO: Run Behavior\ReadHtmlCacheBehavior [ RunTime:0.001272s ]
INFO: [ app_begin ] --END-- [ RunTime:0.002548s ]
SQL: SHOW COLUMNS FROM `aai_admin_rules` [ RunTime:0.0503s ]
SQL: SELECT * FROM `aai_admin_rules` WHERE `id` = 0 AND `status` = 1 ORDER BY orderid  LIMIT 1   [ RunTime:0.0504s ]
NOTIC: [2] krsort() expects parameter 1 to be array, null given E:\code\aainfo\php\ananinfo_web\Application\Admin\Model\RulesModel.class.php 第 24 行.
NOTIC: [2] array_values() expects parameter 1 to be array, null given E:\code\aainfo\php\ananinfo_web\Application\Admin\Model\RulesModel.class.php 第 25 行.
SQL: SELECT * FROM `aai_admin_rules` WHERE `pid` = 0 AND `status` = 1 ORDER BY orderid   [ RunTime:0.0511s ]
SQL: SELECT * FROM `aai_admin_rules` WHERE `pid` = 658 AND `status` = 1 ORDER BY orderid   [ RunTime:0.0507s ]
SQL: SELECT * FROM `aai_admin_rules` WHERE `pid` = 668 AND `status` = 1 ORDER BY orderid   [ RunTime:0.0505s ]
SQL: SELECT * FROM `aai_admin_rules` WHERE `pid` = 659 AND `status` = 1 ORDER BY orderid   [ RunTime:0.0506s ]
SQL: SELECT * FROM `aai_admin_rules` WHERE `pid` = 660 AND `status` = 1 ORDER BY orderid   [ RunTime:0.0506s ]
SQL: SELECT * FROM `aai_admin_rules` WHERE `pid` = 661 AND `status` = 1 ORDER BY orderid   [ RunTime:0.0507s ]
SQL: SELECT * FROM `aai_admin_rules` WHERE `pid` = 662 AND `status` = 1 ORDER BY orderid   [ RunTime:0.0515s ]
SQL: SELECT * FROM `aai_admin_rules` WHERE `pid` = 663 AND `status` = 1 ORDER BY orderid   [ RunTime:0.0508s ]
SQL: SELECT * FROM `aai_admin_rules` WHERE `pid` = 664 AND `status` = 1 ORDER BY orderid   [ RunTime:0.0501s ]
SQL: SELECT * FROM `aai_admin_rules` WHERE `pid` = 665 AND `status` = 1 ORDER BY orderid   [ RunTime:0.0497s ]
SQL: SELECT * FROM `aai_admin_rules` WHERE `pid` = 666 AND `status` = 1 ORDER BY orderid   [ RunTime:0.0503s ]
SQL: SELECT * FROM `aai_admin_rules` WHERE `pid` = 667 AND `status` = 1 ORDER BY orderid   [ RunTime:0.0504s ]
NOTIC: [8] Undefined variable: assign E:\code\aainfo\php\ananinfo_web\Application\Admin\Controller\IndexController.class.php 第 17 行.
INFO: [ view_parse ] --START--
INFO: [ template_filter ] --START--
INFO: Run Behavior\ContentReplaceBehavior [ RunTime:0.000835s ]
INFO: [ template_filter ] --END-- [ RunTime:0.002416s ]
INFO: Run Behavior\ParseTemplateBehavior [ RunTime:0.088860s ]
INFO: [ view_parse ] --END-- [ RunTime:0.090899s ]
INFO: [ view_filter ] --START--
INFO: Run Behavior\WriteHtmlCacheBehavior [ RunTime:0.001188s ]
INFO: [ view_filter ] --END-- [ RunTime:0.002483s ]
INFO: [ app_end ] --START--
INFO: Run Behavior\ShowPageTraceBehavior [ RunTime:0.001131s ]
INFO: [ app_end ] --END-- [ RunTime:0.002695s ]

[ 2016-09-02T15:07:12+08:00 ] 127.0.0.1 /Admin.php?c=Rules&a=doWork&menuid=658
INFO: [ app_init ] --START--
INFO: Run Behavior\BuildLiteBehavior [ RunTime:0.000221s ]
INFO: [ app_init ] --END-- [ RunTime:0.001882s ]
INFO: [ app_begin ] --START--
INFO: Run Behavior\ReadHtmlCacheBehavior [ RunTime:0.001268s ]
INFO: [ app_begin ] --END-- [ RunTime:0.002469s ]
SQL: SHOW COLUMNS FROM `aai_admin_rules` [ RunTime:0.0465s ]
SQL: SELECT * FROM `aai_admin_rules` WHERE `id` = 658 AND `status` = 1 ORDER BY orderid  LIMIT 1   [ RunTime:0.0451s ]
NOTIC: [2] krsort() expects parameter 1 to be array, null given E:\code\aainfo\php\ananinfo_web\Application\Admin\Model\RulesModel.class.php 第 24 行.
NOTIC: [2] array_values() expects parameter 1 to be array, null given E:\code\aainfo\php\ananinfo_web\Application\Admin\Model\RulesModel.class.php 第 25 行.
SQL: SELECT * FROM `aai_admin_rules` WHERE `pid` = 0 AND `status` = 1 ORDER BY orderid   [ RunTime:0.0458s ]
SQL: SELECT * FROM `aai_admin_rules` WHERE `pid` = 658 AND `status` = 1 ORDER BY orderid   [ RunTime:0.0460s ]
SQL: SELECT * FROM `aai_admin_rules` WHERE `pid` = 668 AND `status` = 1 ORDER BY orderid   [ RunTime:0.0463s ]
SQL: SELECT * FROM `aai_admin_rules` WHERE `pid` = 659 AND `status` = 1 ORDER BY orderid   [ RunTime:0.0467s ]
SQL: SELECT * FROM `aai_admin_rules` WHERE `pid` = 660 AND `status` = 1 ORDER BY orderid   [ RunTime:0.0468s ]
SQL: SELECT * FROM `aai_admin_rules` WHERE `pid` = 661 AND `status` = 1 ORDER BY orderid   [ RunTime:0.0469s ]
SQL: SELECT * FROM `aai_admin_rules` WHERE `pid` = 662 AND `status` = 1 ORDER BY orderid   [ RunTime:0.0493s ]
SQL: SELECT * FROM `aai_admin_rules` WHERE `pid` = 663 AND `status` = 1 ORDER BY orderid   [ RunTime:0.0459s ]
SQL: SELECT * FROM `aai_admin_rules` WHERE `pid` = 664 AND `status` = 1 ORDER BY orderid   [ RunTime:0.0472s ]
SQL: SELECT * FROM `aai_admin_rules` WHERE `pid` = 665 AND `status` = 1 ORDER BY orderid   [ RunTime:0.0489s ]
SQL: SELECT * FROM `aai_admin_rules` WHERE `pid` = 666 AND `status` = 1 ORDER BY orderid   [ RunTime:0.0463s ]
SQL: SELECT * FROM `aai_admin_rules` WHERE `pid` = 667 AND `status` = 1 ORDER BY orderid   [ RunTime:0.0459s ]
INFO: [ view_parse ] --START--
INFO: [ template_filter ] --START--
INFO: Run Behavior\ContentReplaceBehavior [ RunTime:0.000868s ]
INFO: [ template_filter ] --END-- [ RunTime:0.002101s ]
INFO: Run Behavior\ParseTemplateBehavior [ RunTime:0.084432s ]
INFO: [ view_parse ] --END-- [ RunTime:0.086142s ]
INFO: [ view_filter ] --START--
INFO: Run Behavior\WriteHtmlCacheBehavior [ RunTime:0.000964s ]
INFO: [ view_filter ] --END-- [ RunTime:0.002209s ]
INFO: [ app_end ] --START--
INFO: Run Behavior\ShowPageTraceBehavior [ RunTime:0.001195s ]
INFO: [ app_end ] --END-- [ RunTime:0.002363s ]

[ 2016-09-02T15:07:34+08:00 ] 127.0.0.1 /Admin.php?c=Post&menuid=668
INFO: [ app_init ] --START--
INFO: Run Behavior\BuildLiteBehavior [ RunTime:0.000234s ]
INFO: [ app_init ] --END-- [ RunTime:0.001990s ]
INFO: [ app_begin ] --START--
INFO: Run Behavior\ReadHtmlCacheBehavior [ RunTime:0.001223s ]
INFO: [ app_begin ] --END-- [ RunTime:0.002468s ]
SQL: SHOW COLUMNS FROM `aai_admin_rules` [ RunTime:0.0455s ]
SQL: SELECT * FROM `aai_admin_rules` WHERE `id` = 668 AND `status` = 1 ORDER BY orderid  LIMIT 1   [ RunTime:0.0462s ]
SQL: SELECT * FROM `aai_admin_rules` WHERE `id` = 658 AND `status` = 1 ORDER BY orderid  LIMIT 1   [ RunTime:0.0466s ]
NOTIC: [2] krsort() expects parameter 1 to be array, null given E:\code\aainfo\php\ananinfo_web\Application\Admin\Model\RulesModel.class.php 第 24 行.
NOTIC: [2] array_values() expects parameter 1 to be array, null given E:\code\aainfo\php\ananinfo_web\Application\Admin\Model\RulesModel.class.php 第 25 行.
SQL: SELECT * FROM `aai_admin_rules` WHERE `pid` = 0 AND `status` = 1 ORDER BY orderid   [ RunTime:0.0464s ]
SQL: SELECT * FROM `aai_admin_rules` WHERE `pid` = 658 AND `status` = 1 ORDER BY orderid   [ RunTime:0.0471s ]
SQL: SELECT * FROM `aai_admin_rules` WHERE `pid` = 668 AND `status` = 1 ORDER BY orderid   [ RunTime:0.0460s ]
SQL: SELECT * FROM `aai_admin_rules` WHERE `pid` = 659 AND `status` = 1 ORDER BY orderid   [ RunTime:0.0457s ]
SQL: SELECT * FROM `aai_admin_rules` WHERE `pid` = 660 AND `status` = 1 ORDER BY orderid   [ RunTime:0.0459s ]
SQL: SELECT * FROM `aai_admin_rules` WHERE `pid` = 661 AND `status` = 1 ORDER BY orderid   [ RunTime:0.0474s ]
SQL: SELECT * FROM `aai_admin_rules` WHERE `pid` = 662 AND `status` = 1 ORDER BY orderid   [ RunTime:0.0485s ]
SQL: SELECT * FROM `aai_admin_rules` WHERE `pid` = 663 AND `status` = 1 ORDER BY orderid   [ RunTime:0.0457s ]
SQL: SELECT * FROM `aai_admin_rules` WHERE `pid` = 664 AND `status` = 1 ORDER BY orderid   [ RunTime:0.0460s ]
SQL: SELECT * FROM `aai_admin_rules` WHERE `pid` = 665 AND `status` = 1 ORDER BY orderid   [ RunTime:0.0462s ]
SQL: SELECT * FROM `aai_admin_rules` WHERE `pid` = 666 AND `status` = 1 ORDER BY orderid   [ RunTime:0.0459s ]
SQL: SELECT * FROM `aai_admin_rules` WHERE `pid` = 667 AND `status` = 1 ORDER BY orderid   [ RunTime:0.0462s ]
SQL: SHOW COLUMNS FROM `aai_post` [ RunTime:0.0468s ]
SQL: SELECT * FROM `aai_post` ORDER BY id desc  [ RunTime:0.0474s ]
INFO: [ view_parse ] --START--
INFO: [ template_filter ] --START--
INFO: Run Behavior\ContentReplaceBehavior [ RunTime:0.001057s ]
INFO: [ template_filter ] --END-- [ RunTime:0.002570s ]
INFO: Run Behavior\ParseTemplateBehavior [ RunTime:0.170989s ]
INFO: [ view_parse ] --END-- [ RunTime:0.173871s ]
INFO: [ view_filter ] --START--
INFO: Run Behavior\WriteHtmlCacheBehavior [ RunTime:0.001030s ]
INFO: [ view_filter ] --END-- [ RunTime:0.002238s ]
INFO: [ app_end ] --START--
INFO: Run Behavior\ShowPageTraceBehavior [ RunTime:0.001122s ]
INFO: [ app_end ] --END-- [ RunTime:0.002295s ]

